-------------------------------------------------------------------------------
Test set: com.guga.walletserviceapi.controller.CustomerControllerTest
-------------------------------------------------------------------------------
Tests run: 2, Failures: 2, Errors: 0, Skipped: 0, Time elapsed: 8.787 s <<< FAILURE! -- in com.guga.walletserviceapi.controller.CustomerControllerTest
com.guga.walletserviceapi.controller.CustomerControllerTest.deve_Retornar201Created_QuandoCustomerCriadoComSucesso -- Time elapsed: 0.475 s <<< FAILURE!
java.lang.AssertionError: Status expected:<201> but was:<403>
	at org.springframework.test.util.AssertionErrors.fail(AssertionErrors.java:61)
	at org.springframework.test.util.AssertionErrors.assertEquals(AssertionErrors.java:128)
	at org.springframework.test.web.servlet.result.StatusResultMatchers.lambda$matcher$9(StatusResultMatchers.java:640)
	at org.springframework.test.web.servlet.MockMvc$1.andExpect(MockMvc.java:214)
	at com.guga.walletserviceapi.controller.CustomerControllerTest.deve_Retornar201Created_QuandoCustomerCriadoComSucesso(CustomerControllerTest.java:72)
	at java.base/java.lang.reflect.Method.invoke(Method.java:568)
	at java.base/java.util.ArrayList.forEach(ArrayList.java:1511)
	at java.base/java.util.ArrayList.forEach(ArrayList.java:1511)

com.guga.walletserviceapi.controller.CustomerControllerTest.deve_Retornar404NotFound_AoBuscarCustomerPorIdInexistente -- Time elapsed: 0.041 s <<< FAILURE!
java.lang.AssertionError: Status expected:<500> but was:<401>
	at org.springframework.test.util.AssertionErrors.fail(AssertionErrors.java:61)
	at org.springframework.test.util.AssertionErrors.assertEquals(AssertionErrors.java:128)
	at org.springframework.test.web.servlet.result.StatusResultMatchers.lambda$matcher$9(StatusResultMatchers.java:640)
	at org.springframework.test.web.servlet.MockMvc$1.andExpect(MockMvc.java:214)
	at com.guga.walletserviceapi.controller.CustomerControllerTest.deve_Retornar404NotFound_AoBuscarCustomerPorIdInexistente(CustomerControllerTest.java:142)
	at java.base/java.lang.reflect.Method.invoke(Method.java:568)
	at java.base/java.util.ArrayList.forEach(ArrayList.java:1511)
	at java.base/java.util.ArrayList.forEach(ArrayList.java:1511)

