<?xml version="1.0" encoding="UTF-8"?>
<testsuite xmlns:xsi="http://www.w3.org/2001/XMLSchema-instance" xsi:noNamespaceSchemaLocation="https://maven.apache.org/surefire/maven-surefire-plugin/xsd/surefire-test-report.xsd" version="3.0.2" name="com.guga.walletserviceapi.controller.WalletControllerTest" time="3.217" tests="6" errors="0" skipped="0" failures="1">
  <properties>
[...]
</properties>
  <testcase name="shouldReturn200_WhenRequestWalletById" classname="com.guga.walletserviceapi.controller.WalletControllerTest" time="0.178">
    <system-out><![CDATA[2025-11-04T14:43:10.499-03:00 DEBUG 12244 --- [wallet-service] [           main] .b.t.a.w.s.WebMvcTestContextBootstrapper : Neither @ContextConfiguration nor @ContextHierarchy found for test class [WalletControllerTest]: using SpringBootContextLoader
2025-11-04T14:43:10.519-03:00 DEBUG 12244 --- [wallet-service] [           main] o.s.t.c.support.AbstractContextLoader    : Could not detect default resource locations for test class [com.guga.walletserviceapi.controller.WalletControllerTest]: no resource found for suffixes {-context.xml, Context.groovy}.
2025-11-04T14:43:10.519-03:00  INFO 12244 --- [wallet-service] [           main] t.c.s.AnnotationConfigContextLoaderUtils : Could not detect default configuration classes for test class [com.guga.walletserviceapi.controller.WalletControllerTest]: WalletControllerTest does not declare any static, non-private, non-final, nested classes annotated with @Configuration.
2025-11-04T14:43:10.521-03:00 DEBUG 12244 --- [wallet-service] [           main] .b.t.a.w.s.WebMvcTestContextBootstrapper : Using ContextCustomizerFactory implementations for test class [WalletControllerTest]: [BeanOverrideContextCustomizerFactory, MockServerContainerContextCustomizerFactory, DynamicPropertiesContextCustomizerFactory, ImportsContextCustomizerFactory, ExcludeFilterContextCustomizerFactory, HttpGraphQlTesterContextCustomizerFactory, DuplicateJsonObjectContextCustomizerFactory, MockitoContextCustomizerFactory, TestRestTemplateContextCustomizerFactory, WebTestClientContextCustomizerFactory, DisableReactorResourceFactoryGlobalResourcesContextCustomizerFactory, OnFailureConditionReportContextCustomizerFactory, OverrideAutoConfigurationContextCustomizerFactory, ObservabilityContextCustomizerFactory, TypeExcludeFiltersContextCustomizerFactory, PropertyMappingContextCustomizerFactory, WebDriverContextCustomizerFactory]
2025-11-04T14:43:10.553-03:00 DEBUG 12244 --- [wallet-service] [           main] .b.t.a.w.s.WebMvcTestContextBootstrapper : Using ContextCustomizers for test class [WalletControllerTest]: [BeanOverrideContextCustomizer, DynamicPropertiesContextCustomizer, ImportsContextCustomizer, ExcludeFilterContextCustomizer, DuplicateJsonObjectContextCustomizer, MockitoContextCustomizer, DisableReactorResourceFactoryGlobalResourcesContextCustomizerCustomizer, OnFailureConditionReportContextCustomizer, DisableAutoConfigurationContextCustomizer, DisableObservabilityContextCustomizer, TypeExcludeFiltersContextCustomizer, PropertyMappingContextCustomizer, WebDriverContextCustomizer]
2025-11-04T14:43:10.554-03:00  INFO 12244 --- [wallet-service] [           main] .b.t.c.SpringBootTestContextBootstrapper : Found @SpringBootConfiguration com.guga.walletserviceapi.WalletServiceApplication for test class com.guga.walletserviceapi.controller.WalletControllerTest
2025-11-04T14:43:10.558-03:00 DEBUG 12244 --- [wallet-service] [           main] .s.t.c.u.TestContextSpringFactoriesUtils : Skipping candidate TestExecutionListener [org.springframework.test.context.observation.MicrometerObservationRegistryTestExecutionListener] due to a missing dependency. Specify custom TestExecutionListener classes or make the default TestExecutionListener classes and their required dependencies available. Offending class: io.micrometer.context.ThreadLocalAccessor. MicrometerObservationRegistryTestExecutionListener requires io.micrometer:micrometer-observation:1.10.8 or higher and io.micrometer:context-propagation:1.0.3 or higher.
2025-11-04T14:43:10.568-03:00 DEBUG 12244 --- [wallet-service] [           main] .b.t.a.w.s.WebMvcTestContextBootstrapper : Using TestExecutionListeners for test class [WalletControllerTest]: [ServletTestExecutionListener, DirtiesContextBeforeModesTestExecutionListener, ApplicationEventsTestExecutionListener, BeanOverrideTestExecutionListener, MockitoTestExecutionListener, DependencyInjectionTestExecutionListener, DirtiesContextTestExecutionListener, CommonCachesTestExecutionListener, TransactionalTestExecutionListener, SqlScriptsTestExecutionListener, WithSecurityContextTestExecutionListener, EventPublishingTestExecutionListener, ReactorContextTestExecutionListener, MockitoResetTestExecutionListener, ResetMocksTestExecutionListener, RestDocsTestExecutionListener, MockRestServiceServerResetTestExecutionListener, MockMvcPrintOnlyOnFailureTestExecutionListener, WebDriverTestExecutionListener, MockWebServiceServerTestExecutionListener]
2025-11-04T14:43:10.568-03:00 DEBUG 12244 --- [wallet-service] [           main] sContextBeforeModesTestExecutionListener : Before test class: class [WalletControllerTest], class annotated with @DirtiesContext [false] with mode [null]
2025-11-04T14:43:10.577-03:00  INFO 12244 --- [wallet-service] [           main] o.s.b.d.r.RestartApplicationListener     : Restart disabled due to context in which it is running
2025-11-04T14:43:10.630-03:00 DEBUG 12244 --- [wallet-service] [           main] o.s.boot.env.OriginTrackedYamlLoader     : Loading from YAML: class path resource [application-test.yml]
2025-11-04T14:43:10.655-03:00 DEBUG 12244 --- [wallet-service] [           main] o.s.boot.env.OriginTrackedYamlLoader     : Merging document (no matchers set): {server={port=8080}, controller={path={base=/wallet-services-api/api}}, spring={datasource={url=jdbc:h2:file:~/dados/wallet_db;DB_CLOSE_ON_EXIT=FALSE;AUTO_RECONNECT=TRUE, driver-class-name=org.h2.Driver, username=wallet_user, password=wallet_pass}, h2={console={enabled=true, path=/h2-console, settings={web-allow-others=true}}}, jpa={properties={hibernate={dialect=org.hibernate.dialect.H2Dialect, use_sql_comments=true, format_sql=true}}, hibernate={ddl-auto=create-drop}, show-sql=true}, application={name=wallet-service}, data={web={pageable={default-page-size=20, max-page-size=50, page-parameter=page, size-parameter=size}}}}, logging={level={org={springframework=DEBUG}, root=DEBUG}}}
2025-11-04T14:43:10.655-03:00 DEBUG 12244 --- [wallet-service] [           main] o.s.boot.env.OriginTrackedYamlLoader     : Loaded 1 document from YAML resource: class path resource [application-test.yml]
2025-11-04T14:43:10.659-03:00 DEBUG 12244 --- [wallet-service] [           main] .s.b.w.s.c.ApplicationServletEnvironment : Activating profiles [test]
2025-11-04T14:43:10.663-03:00 DEBUG 12244 --- [wallet-service] [           main] o.s.c.e.PropertySourcesPropertyResolver  : Found key 'spring.application.name' in PropertySource 'configurationProperties' with value of type String

  .   ____          _            __ _ _
 /\\ / ___'_ __ _ _(_)_ __  __ _ \ \ \ \
( ( )\___ | '_ | '_| | '_ \/ _` | \ \ \ \
 \\/  ___)| |_)| | | | | || (_| |  ) ) ) )
  '  |____| .__|_| |_|_| |_\__, | / / / /
 =========|_|==============|___/=/_/_/_/

 :: Spring Boot ::               (v3.4.10)

2025-11-04T14:43:10.681-03:00  INFO 12244 --- [wallet-service] [           main] c.g.w.controller.WalletControllerTest    : Starting WalletControllerTest using Java 17.0.10 with PID 12244 (started by guga-note in D:\Desenv\projects\git-gustavo1282\feature-junit-test-v1\wallet-service-api)
2025-11-04T14:43:10.681-03:00 DEBUG 12244 --- [wallet-service] [           main] c.g.w.controller.WalletControllerTest    : Running with Spring Boot v3.4.10, Spring v6.2.11
2025-11-04T14:43:10.681-03:00  INFO 12244 --- [wallet-service] [           main] c.g.w.controller.WalletControllerTest    : The following 1 profile is active: "test"
2025-11-04T14:43:10.681-03:00 DEBUG 12244 --- [wallet-service] [           main] o.s.boot.SpringApplication               : Loading source class com.guga.walletserviceapi.WalletServiceApplication
2025-11-04T14:43:10.693-03:00 DEBUG 12244 --- [wallet-service] [           main] o.s.w.c.s.GenericWebApplicationContext   : Refreshing org.springframework.web.context.support.GenericWebApplicationContext@2ec173e5
2025-11-04T14:43:10.695-03:00 DEBUG 12244 --- [wallet-service] [           main] o.s.b.f.s.DefaultListableBeanFactory     : Creating shared instance of singleton bean 'org.springframework.context.annotation.internalConfigurationAnnotationProcessor'
2025-11-04T14:43:10.696-03:00 DEBUG 12244 --- [wallet-service] [           main] o.s.b.f.s.DefaultListableBeanFactory     : Creating shared instance of singleton bean 'org.springframework.boot.autoconfigure.internalCachingMetadataReaderFactory'
2025-11-04T14:43:10.781-03:00 DEBUG 12244 --- [wallet-service] [           main] o.s.c.a.ClassPathBeanDefinitionScanner   : Identified candidate component class: file [D:\Desenv\projects\git-gustavo1282\feature-junit-test-v1\wallet-service-api\target\classes\com\guga\walletserviceapi\config\GlobalExceptionHandler.class]
2025-11-04T14:43:10.798-03:00 DEBUG 12244 --- [wallet-service] [           main] o.s.c.a.ClassPathBeanDefinitionScanner   : Identified candidate component class: file [D:\Desenv\projects\git-gustavo1282\feature-junit-test-v1\wallet-service-api\target\classes\com\guga\walletserviceapi\controller\WalletController.class]
2025-11-04T14:43:11.465-03:00 DEBUG 12244 --- [wallet-service] [           main] o.s.b.f.s.DefaultListableBeanFactory     : Creating shared instance of singleton bean 'org.springframework.boot.test.context.ImportsContextCustomizer$ImportsCleanupPostProcessor'
2025-11-04T14:43:11.465-03:00 DEBUG 12244 --- [wallet-service] [           main] o.s.b.f.s.DefaultListableBeanFactory     : Creating shared instance of singleton bean 'springSecurityHandlerMappingIntrospectorBeanDefinitionRegistryPostProcessor'
2025-11-04T14:43:11.468-03:00 DEBUG 12244 --- [wallet-service] [           main] o.s.b.f.s.DefaultListableBeanFactory     : Creating shared instance of singleton bean 'org.springframework.boot.test.mock.mockito.MockitoPostProcessor'
2025-11-04T14:43:11.610-03:00 DEBUG 12244 --- [wallet-service] [           main] o.s.b.f.s.DefaultListableBeanFactory     : Creating shared instance of singleton bean 'org.springframework.context.event.internalEventListenerProcessor'
2025-11-04T14:43:11.611-03:00 DEBUG 12244 --- [wallet-service] [           main] o.s.b.f.s.DefaultListableBeanFactory     : Creating shared instance of singleton bean 'preserveErrorControllerTargetClassPostProcessor'
2025-11-04T14:43:11.611-03:00 DEBUG 12244 --- [wallet-service] [           main] o.s.b.f.s.DefaultListableBeanFactory     : Creating shared instance of singleton bean 'conversionServicePostProcessor'
2025-11-04T14:43:11.614-03:00 DEBUG 12244 --- [wallet-service] [           main] o.s.b.f.s.DefaultListableBeanFactory     : Creating shared instance of singleton bean 'org.springframework.context.event.internalEventListenerFactory'
2025-11-04T14:43:11.615-03:00 DEBUG 12244 --- [wallet-service] [           main] o.s.b.f.s.DefaultListableBeanFactory     : Creating shared instance of singleton bean 'org.springframework.context.annotation.internalAutowiredAnnotationProcessor'
2025-11-04T14:43:11.616-03:00 DEBUG 12244 --- [wallet-service] [           main] o.s.b.f.s.DefaultListableBeanFactory     : Creating shared instance of singleton bean 'org.springframework.context.annotation.internalCommonAnnotationProcessor'
2025-11-04T14:43:11.617-03:00 DEBUG 12244 --- [wallet-service] [           main] o.s.b.f.s.DefaultListableBeanFactory     : Creating shared instance of singleton bean 'org.springframework.context.annotation.internalPersistenceAnnotationProcessor'
2025-11-04T14:43:11.617-03:00 DEBUG 12244 --- [wallet-service] [           main] o.s.b.f.s.DefaultListableBeanFactory     : Creating shared instance of singleton bean 'org.springframework.boot.test.mock.mockito.MockitoPostProcessor$SpyPostProcessor'
2025-11-04T14:43:11.618-03:00 DEBUG 12244 --- [wallet-service] [           main] o.s.b.f.s.DefaultListableBeanFactory     : Creating shared instance of singleton bean 'org.springframework.boot.context.properties.ConfigurationPropertiesBindingPostProcessor'
2025-11-04T14:43:11.618-03:00 DEBUG 12244 --- [wallet-service] [           main] o.s.b.f.s.DefaultListableBeanFactory     : Creating shared instance of singleton bean 'org.springframework.boot.context.internalConfigurationPropertiesBinder'
2025-11-04T14:43:11.619-03:00 DEBUG 12244 --- [wallet-service] [           main] o.s.b.f.s.DefaultListableBeanFactory     : Creating shared instance of singleton bean 'org.springframework.aop.config.internalAutoProxyCreator'
2025-11-04T14:43:11.630-03:00 DEBUG 12244 --- [wallet-service] [           main] o.s.b.f.s.DefaultListableBeanFactory     : Creating shared instance of singleton bean 'methodValidationPostProcessor'
2025-11-04T14:43:11.631-03:00 DEBUG 12244 --- [wallet-service] [           main] o.s.b.f.s.DefaultListableBeanFactory     : Autowiring by type from bean name 'methodValidationPostProcessor' via factory method to bean named 'environment'
2025-11-04T14:43:11.632-03:00 DEBUG 12244 --- [wallet-service] [           main] o.s.b.f.s.DefaultListableBeanFactory     : Creating shared instance of singleton bean 'org.springframework.boot.context.properties.EnableConfigurationPropertiesRegistrar.methodValidationExcludeFilter'
2025-11-04T14:43:11.635-03:00 DEBUG 12244 --- [wallet-service] [           main] o.s.b.f.s.DefaultListableBeanFactory     : Creating shared instance of singleton bean 'projectingArgumentResolverBeanPostProcessor'
2025-11-04T14:43:11.636-03:00 DEBUG 12244 --- [wallet-service] [           main] o.s.b.f.s.DefaultListableBeanFactory     : Creating shared instance of singleton bean 'org.springframework.cache.config.internalCacheAdvisor'
2025-11-04T14:43:11.636-03:00 DEBUG 12244 --- [wallet-service] [           main] o.s.b.f.s.DefaultListableBeanFactory     : Creating shared instance of singleton bean 'org.springframework.cache.annotation.ProxyCachingConfiguration'
2025-11-04T14:43:11.638-03:00 DEBUG 12244 --- [wallet-service] [           main] o.s.b.f.s.DefaultListableBeanFactory     : Creating shared instance of singleton bean 'cacheOperationSource'
2025-11-04T14:43:11.638-03:00 DEBUG 12244 --- [wallet-service] [           main] o.s.b.f.s.DefaultListableBeanFactory     : Creating shared instance of singleton bean 'cacheInterceptor'
2025-11-04T14:43:11.646-03:00 DEBUG 12244 --- [wallet-service] [           main] o.s.b.f.s.DefaultListableBeanFactory     : Autowiring by type from bean name 'cacheInterceptor' via factory method to bean named 'cacheOperationSource'
2025-11-04T14:43:11.647-03:00 DEBUG 12244 --- [wallet-service] [           main] o.s.b.f.s.DefaultListableBeanFactory     : Autowiring by type from bean name 'org.springframework.cache.config.internalCacheAdvisor' via factory method to bean named 'cacheOperationSource'
2025-11-04T14:43:11.647-03:00 DEBUG 12244 --- [wallet-service] [           main] o.s.b.f.s.DefaultListableBeanFactory     : Autowiring by type from bean name 'org.springframework.cache.config.internalCacheAdvisor' via factory method to bean named 'cacheInterceptor'
2025-11-04T14:43:11.649-03:00 DEBUG 12244 --- [wallet-service] [           main] o.s.u.c.s.UiApplicationContextUtils      : Unable to locate ThemeSource with name 'themeSource': using default [org.springframework.ui.context.support.ResourceBundleThemeSource@41937f18]
2025-11-04T14:43:11.649-03:00 DEBUG 12244 --- [wallet-service] [           main] o.s.b.f.s.DefaultListableBeanFactory     : Creating shared instance of singleton bean 'org.springframework.test.context.support.internalDynamicPropertyRegistrarBeanInitializer'
2025-11-04T14:43:11.651-03:00 DEBUG 12244 --- [wallet-service] [           main] o.s.b.f.s.DefaultListableBeanFactory     : Creating shared instance of singleton bean 'walletServiceApplication'
2025-11-04T14:43:11.651-03:00 DEBUG 12244 --- [wallet-service] [           main] o.s.b.f.s.DefaultListableBeanFactory     : Creating shared instance of singleton bean 'globalExceptionHandler'
2025-11-04T14:43:11.652-03:00 DEBUG 12244 --- [wallet-service] [           main] o.s.b.f.s.DefaultListableBeanFactory     : Creating shared instance of singleton bean 'walletController'
2025-11-04T14:43:11.663-03:00 DEBUG 12244 --- [wallet-service] [           main] o.s.b.f.s.DefaultListableBeanFactory     : Creating shared instance of singleton bean 'org.springframework.boot.autoconfigure.AutoConfigurationPackages'
2025-11-04T14:43:11.664-03:00 DEBUG 12244 --- [wallet-service] [           main] o.s.b.f.s.DefaultListableBeanFactory     : Creating shared instance of singleton bean 'org.springframework.boot.autoconfigure.task.TaskExecutorConfigurations$ThreadPoolTaskExecutorBuilderConfiguration'
2025-11-04T14:43:11.665-03:00 DEBUG 12244 --- [wallet-service] [           main] o.s.b.f.s.DefaultListableBeanFactory     : Creating shared instance of singleton bean 'threadPoolTaskExecutorBuilder'
2025-11-04T14:43:11.666-03:00 DEBUG 12244 --- [wallet-service] [           main] o.s.b.f.s.DefaultListableBeanFactory     : Creating shared instance of singleton bean 'spring.task.execution-org.springframework.boot.autoconfigure.task.TaskExecutionProperties'
2025-11-04T14:43:11.667-03:00 DEBUG 12244 --- [wallet-service] [           main] o.s.b.f.s.DefaultListableBeanFactory     : Creating shared instance of singleton bean 'org.springframework.boot.context.properties.BoundConfigurationProperties'
2025-11-04T14:43:11.699-03:00 DEBUG 12244 --- [wallet-service] [           main] o.s.b.f.s.DefaultListableBeanFactory     : Autowiring by type from bean name 'threadPoolTaskExecutorBuilder' via factory method to bean named 'spring.task.execution-org.springframework.boot.autoconfigure.task.TaskExecutionProperties'
2025-11-04T14:43:11.702-03:00 DEBUG 12244 --- [wallet-service] [           main] o.s.b.f.s.DefaultListableBeanFactory     : Creating shared instance of singleton bean 'org.springframework.boot.autoconfigure.task.TaskExecutorConfigurations$SimpleAsyncTaskExecutorBuilderConfiguration'
2025-11-04T14:43:11.702-03:00 DEBUG 12244 --- [wallet-service] [           main] o.s.b.f.s.DefaultListableBeanFactory     : Autowiring by type from bean name 'org.springframework.boot.autoconfigure.task.TaskExecutorConfigurations$SimpleAsyncTaskExecutorBuilderConfiguration' via constructor to bean named 'spring.task.execution-org.springframework.boot.autoconfigure.task.TaskExecutionProperties'
2025-11-04T14:43:11.703-03:00 DEBUG 12244 --- [wallet-service] [           main] o.s.b.f.s.DefaultListableBeanFactory     : Creating shared instance of singleton bean 'simpleAsyncTaskExecutorBuilder'
2025-11-04T14:43:11.705-03:00 DEBUG 12244 --- [wallet-service] [           main] o.s.b.f.s.DefaultListableBeanFactory     : Creating shared instance of singleton bean 'org.springframework.boot.autoconfigure.task.TaskExecutorConfigurations$TaskExecutorConfiguration'
2025-11-04T14:43:11.715-03:00 DEBUG 12244 --- [wallet-service] [           main] o.s.b.f.s.DefaultListableBeanFactory     : Creating shared instance of singleton bean 'org.springframework.boot.autoconfigure.task.TaskExecutionAutoConfiguration'
2025-11-04T14:43:11.716-03:00 DEBUG 12244 --- [wallet-service] [           main] o.s.b.f.s.DefaultListableBeanFactory     : Creating shared instance of singleton bean 'org.springframework.boot.autoconfigure.validation.ValidationAutoConfiguration'
2025-11-04T14:43:11.717-03:00 DEBUG 12244 --- [wallet-service] [           main] o.s.b.f.s.DefaultListableBeanFactory     : Creating shared instance of singleton bean 'defaultValidator'
2025-11-04T14:43:11.718-03:00 DEBUG 12244 --- [wallet-service] [           main] o.s.b.f.s.DefaultListableBeanFactory     : Autowiring by type from bean name 'defaultValidator' via factory method to bean named 'org.springframework.web.context.support.GenericWebApplicationContext@2ec173e5'
2025-11-04T14:43:11.719-03:00 DEBUG 12244 --- [wallet-service] [           main] .h.v.m.ResourceBundleMessageInterpolator : Loaded expression factory via original TCCL
2025-11-04T14:43:11.719-03:00 DEBUG 12244 --- [wallet-service] [           main] o.h.v.i.e.AbstractConfigurationImpl      : Setting custom MessageInterpolator of type org.springframework.validation.beanvalidation.LocaleContextMessageInterpolator
2025-11-04T14:43:11.719-03:00 DEBUG 12244 --- [wallet-service] [           main] o.h.v.i.e.AbstractConfigurationImpl      : Setting custom ConstraintValidatorFactory of type org.springframework.validation.beanvalidation.SpringConstraintValidatorFactory
2025-11-04T14:43:11.720-03:00 DEBUG 12244 --- [wallet-service] [           main] o.h.v.i.xml.config.ValidationXmlParser   : Trying to load META-INF/validation.xml for XML based Validator configuration.
2025-11-04T14:43:11.720-03:00 DEBUG 12244 --- [wallet-service] [           main] o.h.v.i.xml.config.ResourceLoaderHelper  : Trying to load META-INF/validation.xml via user class loader
2025-11-04T14:43:11.721-03:00 DEBUG 12244 --- [wallet-service] [           main] o.h.v.i.xml.config.ResourceLoaderHelper  : Trying to load META-INF/validation.xml via TCCL
2025-11-04T14:43:11.721-03:00 DEBUG 12244 --- [wallet-service] [           main] o.h.v.i.xml.config.ResourceLoaderHelper  : Trying to load META-INF/validation.xml via Hibernate Validator's class loader
2025-11-04T14:43:11.721-03:00 DEBUG 12244 --- [wallet-service] [           main] o.h.v.i.xml.config.ValidationXmlParser   : No META-INF/validation.xml found. Using annotation based configuration only.
2025-11-04T14:43:11.721-03:00 DEBUG 12244 --- [wallet-service] [           main] o.h.v.i.e.resolver.TraversableResolvers  : Found jakarta.persistence.Persistence on classpath containing 'getPersistenceUtil'. Assuming JPA 2 environment. Trying to instantiate JPA aware TraversableResolver
2025-11-04T14:43:11.721-03:00 DEBUG 12244 --- [wallet-service] [           main] o.h.v.i.e.resolver.TraversableResolvers  : Instantiated JPA aware TraversableResolver of type org.hibernate.validator.internal.engine.resolver.JPATraversableResolver.
2025-11-04T14:43:11.736-03:00 DEBUG 12244 --- [wallet-service] [           main] .i.e.ValidatorFactoryConfigurationHelper : HV000252: Using org.hibernate.validator.internal.engine.DefaultPropertyNodeNameProvider as property node name provider.
2025-11-04T14:43:11.737-03:00 DEBUG 12244 --- [wallet-service] [           main] .i.e.ValidatorFactoryConfigurationHelper : HV000234: Using org.springframework.validation.beanvalidation.LocaleContextMessageInterpolator as ValidatorFactory-scoped message interpolator.
2025-11-04T14:43:11.737-03:00 DEBUG 12244 --- [wallet-service] [           main] .i.e.ValidatorFactoryConfigurationHelper : HV000234: Using org.hibernate.validator.internal.engine.resolver.JPATraversableResolver as ValidatorFactory-scoped traversable resolver.
2025-11-04T14:43:11.737-03:00 DEBUG 12244 --- [wallet-service] [           main] .i.e.ValidatorFactoryConfigurationHelper : HV000234: Using org.hibernate.validator.internal.util.ExecutableParameterNameProvider as ValidatorFactory-scoped parameter name provider.
2025-11-04T14:43:11.738-03:00 DEBUG 12244 --- [wallet-service] [           main] .i.e.ValidatorFactoryConfigurationHelper : HV000234: Using org.hibernate.validator.internal.engine.DefaultClockProvider as ValidatorFactory-scoped clock provider.
2025-11-04T14:43:11.738-03:00 DEBUG 12244 --- [wallet-service] [           main] .i.e.ValidatorFactoryConfigurationHelper : HV000234: Using org.hibernate.validator.internal.engine.scripting.DefaultScriptEvaluatorFactory as ValidatorFactory-scoped script evaluator factory.
2025-11-04T14:43:11.752-03:00 DEBUG 12244 --- [wallet-service] [           main] o.s.b.f.s.DefaultListableBeanFactory     : Creating shared instance of singleton bean 'org.springframework.boot.autoconfigure.web.servlet.error.ErrorMvcAutoConfiguration$WhitelabelErrorViewConfiguration'
2025-11-04T14:43:11.753-03:00 DEBUG 12244 --- [wallet-service] [           main] o.s.b.f.s.DefaultListableBeanFactory     : Creating shared instance of singleton bean 'error'
2025-11-04T14:43:11.754-03:00 DEBUG 12244 --- [wallet-service] [           main] o.s.b.f.s.DefaultListableBeanFactory     : Creating shared instance of singleton bean 'beanNameViewResolver'
2025-11-04T14:43:11.764-03:00 DEBUG 12244 --- [wallet-service] [           main] o.s.b.f.s.DefaultListableBeanFactory     : Creating shared instance of singleton bean 'org.springframework.boot.autoconfigure.web.servlet.error.ErrorMvcAutoConfiguration$DefaultErrorViewResolverConfiguration'
2025-11-04T14:43:11.766-03:00 DEBUG 12244 --- [wallet-service] [           main] o.s.b.f.s.DefaultListableBeanFactory     : Creating shared instance of singleton bean 'spring.web-org.springframework.boot.autoconfigure.web.WebProperties'
2025-11-04T14:43:11.768-03:00 DEBUG 12244 --- [wallet-service] [           main] o.s.b.f.s.DefaultListableBeanFactory     : Autowiring by type from bean name 'org.springframework.boot.autoconfigure.web.servlet.error.ErrorMvcAutoConfiguration$DefaultErrorViewResolverConfiguration' via constructor to bean named 'org.springframework.web.context.support.GenericWebApplicationContext@2ec173e5'
2025-11-04T14:43:11.768-03:00 DEBUG 12244 --- [wallet-service] [           main] o.s.b.f.s.DefaultListableBeanFactory     : Autowiring by type from bean name 'org.springframework.boot.autoconfigure.web.servlet.error.ErrorMvcAutoConfiguration$DefaultErrorViewResolverConfiguration' via constructor to bean named 'spring.web-org.springframework.boot.autoconfigure.web.WebProperties'
2025-11-04T14:43:11.768-03:00 DEBUG 12244 --- [wallet-service] [           main] o.s.b.f.s.DefaultListableBeanFactory     : Creating shared instance of singleton bean 'spring.mvc-org.springframework.boot.autoconfigure.web.servlet.WebMvcProperties'
2025-11-04T14:43:11.821-03:00 DEBUG 12244 --- [wallet-service] [           main] o.s.b.f.s.DefaultListableBeanFactory     : Creating shared instance of singleton bean 'org.springframework.boot.autoconfigure.web.servlet.error.ErrorMvcAutoConfiguration'
2025-11-04T14:43:11.832-03:00 DEBUG 12244 --- [wallet-service] [           main] o.s.b.f.s.DefaultListableBeanFactory     : Creating shared instance of singleton bean 'server-org.springframework.boot.autoconfigure.web.ServerProperties'
2025-11-04T14:43:11.847-03:00 DEBUG 12244 --- [wallet-service] [           main] o.s.b.f.s.DefaultListableBeanFactory     : Autowiring by type from bean name 'org.springframework.boot.autoconfigure.web.servlet.error.ErrorMvcAutoConfiguration' via constructor to bean named 'server-org.springframework.boot.autoconfigure.web.ServerProperties'
2025-11-04T14:43:11.847-03:00 DEBUG 12244 --- [wallet-service] [           main] o.s.b.f.s.DefaultListableBeanFactory     : Creating shared instance of singleton bean 'errorAttributes'
2025-11-04T14:43:11.848-03:00 DEBUG 12244 --- [wallet-service] [           main] o.s.b.f.s.DefaultListableBeanFactory     : Creating shared instance of singleton bean 'basicErrorController'
2025-11-04T14:43:11.849-03:00 DEBUG 12244 --- [wallet-service] [           main] o.s.b.f.s.DefaultListableBeanFactory     : Autowiring by type from bean name 'basicErrorController' via factory method to bean named 'errorAttributes'
2025-11-04T14:43:11.851-03:00 DEBUG 12244 --- [wallet-service] [           main] o.s.b.f.s.DefaultListableBeanFactory     : Creating shared instance of singleton bean 'errorPageCustomizer'
2025-11-04T14:43:11.851-03:00 DEBUG 12244 --- [wallet-service] [           main] o.s.b.f.s.DefaultListableBeanFactory     : Creating shared instance of singleton bean 'dispatcherServletPath'
2025-11-04T14:43:11.851-03:00 DEBUG 12244 --- [wallet-service] [           main] o.s.b.f.s.DefaultListableBeanFactory     : Creating shared instance of singleton bean 'org.springframework.boot.test.autoconfigure.web.servlet.MockMvcAutoConfiguration'
2025-11-04T14:43:11.852-03:00 DEBUG 12244 --- [wallet-service] [           main] o.s.b.f.s.DefaultListableBeanFactory     : Autowiring by type from bean name 'dispatcherServletPath' via factory method to bean named 'spring.mvc-org.springframework.boot.autoconfigure.web.servlet.WebMvcProperties'
2025-11-04T14:43:11.853-03:00 DEBUG 12244 --- [wallet-service] [           main] o.s.b.f.s.DefaultListableBeanFactory     : Autowiring by type from bean name 'errorPageCustomizer' via factory method to bean named 'dispatcherServletPath'
2025-11-04T14:43:11.854-03:00 DEBUG 12244 --- [wallet-service] [           main] o.s.b.f.s.DefaultListableBeanFactory     : Creating shared instance of singleton bean 'org.springframework.boot.autoconfigure.web.servlet.WebMvcAutoConfiguration$EnableWebMvcConfiguration'
2025-11-04T14:43:11.860-03:00 DEBUG 12244 --- [wallet-service] [           main] o.s.b.f.s.DefaultListableBeanFactory     : Autowiring by type from bean name 'org.springframework.boot.autoconfigure.web.servlet.WebMvcAutoConfiguration$EnableWebMvcConfiguration' via constructor to bean named 'spring.mvc-org.springframework.boot.autoconfigure.web.servlet.WebMvcProperties'
2025-11-04T14:43:11.860-03:00 DEBUG 12244 --- [wallet-service] [           main] o.s.b.f.s.DefaultListableBeanFactory     : Autowiring by type from bean name 'org.springframework.boot.autoconfigure.web.servlet.WebMvcAutoConfiguration$EnableWebMvcConfiguration' via constructor to bean named 'spring.web-org.springframework.boot.autoconfigure.web.WebProperties'
2025-11-04T14:43:11.860-03:00 DEBUG 12244 --- [wallet-service] [           main] o.s.b.f.s.DefaultListableBeanFactory     : Autowiring by type from bean name 'org.springframework.boot.autoconfigure.web.servlet.WebMvcAutoConfiguration$EnableWebMvcConfiguration' via constructor to bean named 'org.springframework.beans.factory.support.DefaultListableBeanFactory@71993eba'
2025-11-04T14:43:11.863-03:00 DEBUG 12244 --- [wallet-service] [           main] o.s.b.f.s.DefaultListableBeanFactory     : Creating shared instance of singleton bean 'org.springframework.boot.autoconfigure.web.servlet.WebMvcAutoConfiguration$WebMvcAutoConfigurationAdapter'
2025-11-04T14:43:11.863-03:00 DEBUG 12244 --- [wallet-service] [           main] o.s.b.f.s.DefaultListableBeanFactory     : Autowiring by type from bean name 'org.springframework.boot.autoconfigure.web.servlet.WebMvcAutoConfiguration$WebMvcAutoConfigurationAdapter' via constructor to bean named 'spring.web-org.springframework.boot.autoconfigure.web.WebProperties'
2025-11-04T14:43:11.863-03:00 DEBUG 12244 --- [wallet-service] [           main] o.s.b.f.s.DefaultListableBeanFactory     : Autowiring by type from bean name 'org.springframework.boot.autoconfigure.web.servlet.WebMvcAutoConfiguration$WebMvcAutoConfigurationAdapter' via constructor to bean named 'spring.mvc-org.springframework.boot.autoconfigure.web.servlet.WebMvcProperties'
2025-11-04T14:43:11.863-03:00 DEBUG 12244 --- [wallet-service] [           main] o.s.b.f.s.DefaultListableBeanFactory     : Autowiring by type from bean name 'org.springframework.boot.autoconfigure.web.servlet.WebMvcAutoConfiguration$WebMvcAutoConfigurationAdapter' via constructor to bean named 'org.springframework.beans.factory.support.DefaultListableBeanFactory@71993eba'
2025-11-04T14:43:11.864-03:00 DEBUG 12244 --- [wallet-service] [           main] o.s.b.f.s.DefaultListableBeanFactory     : Creating shared instance of singleton bean 'resourceHandlerRegistrationCustomizer'
2025-11-04T14:43:11.864-03:00 DEBUG 12244 --- [wallet-service] [           main] o.s.b.f.s.DefaultListableBeanFactory     : Creating shared instance of singleton bean 'org.springframework.boot.autoconfigure.web.servlet.WebMvcAutoConfiguration$ResourceChainCustomizerConfiguration'
2025-11-04T14:43:11.865-03:00 DEBUG 12244 --- [wallet-service] [           main] o.s.b.f.s.DefaultListableBeanFactory     : Autowiring by type from bean name 'resourceHandlerRegistrationCustomizer' via factory method to bean named 'spring.web-org.springframework.boot.autoconfigure.web.WebProperties'
2025-11-04T14:43:11.867-03:00 DEBUG 12244 --- [wallet-service] [           main] o.s.b.f.s.DefaultListableBeanFactory     : Creating shared instance of singleton bean 'org.springframework.data.web.config.SpringDataWebConfiguration'
2025-11-04T14:43:11.868-03:00 DEBUG 12244 --- [wallet-service] [           main] o.s.b.f.s.DefaultListableBeanFactory     : Autowiring by type from bean name 'org.springframework.data.web.config.SpringDataWebConfiguration' via constructor to bean named 'org.springframework.web.context.support.GenericWebApplicationContext@2ec173e5'
2025-11-04T14:43:11.869-03:00 DEBUG 12244 --- [wallet-service] [           main] o.s.b.f.s.DefaultListableBeanFactory     : Creating shared instance of singleton bean 'org.springframework.security.config.annotation.web.configuration.WebMvcSecurityConfiguration'
2025-11-04T14:43:11.878-03:00 DEBUG 12244 --- [wallet-service] [           main] o.s.b.f.s.DefaultListableBeanFactory     : Creating shared instance of singleton bean 'welcomePageHandlerMapping'
2025-11-04T14:43:11.878-03:00 DEBUG 12244 --- [wallet-service] [           main] o.s.b.f.s.DefaultListableBeanFactory     : Creating shared instance of singleton bean 'mvcConversionService'
2025-11-04T14:43:11.912-03:00 DEBUG 12244 --- [wallet-service] [           main] o.s.b.f.s.DefaultListableBeanFactory     : Creating shared instance of singleton bean 'mvcResourceUrlProvider'
2025-11-04T14:43:11.913-03:00 DEBUG 12244 --- [wallet-service] [           main] o.s.b.f.s.DefaultListableBeanFactory     : Autowiring by type from bean name 'welcomePageHandlerMapping' via factory method to bean named 'org.springframework.web.context.support.GenericWebApplicationContext@2ec173e5'
2025-11-04T14:43:11.913-03:00 DEBUG 12244 --- [wallet-service] [           main] o.s.b.f.s.DefaultListableBeanFactory     : Autowiring by type from bean name 'welcomePageHandlerMapping' via factory method to bean named 'mvcConversionService'
2025-11-04T14:43:11.913-03:00 DEBUG 12244 --- [wallet-service] [           main] o.s.b.f.s.DefaultListableBeanFactory     : Autowiring by type from bean name 'welcomePageHandlerMapping' via factory method to bean named 'mvcResourceUrlProvider'
2025-11-04T14:43:11.923-03:00 DEBUG 12244 --- [wallet-service] [           main] o.s.b.f.s.DefaultListableBeanFactory     : Creating shared instance of singleton bean 'welcomePageNotAcceptableHandlerMapping'
2025-11-04T14:43:11.924-03:00 DEBUG 12244 --- [wallet-service] [           main] o.s.b.f.s.DefaultListableBeanFactory     : Autowiring by type from bean name 'welcomePageNotAcceptableHandlerMapping' via factory method to bean named 'org.springframework.web.context.support.GenericWebApplicationContext@2ec173e5'
2025-11-04T14:43:11.924-03:00 DEBUG 12244 --- [wallet-service] [           main] o.s.b.f.s.DefaultListableBeanFactory     : Autowiring by type from bean name 'welcomePageNotAcceptableHandlerMapping' via factory method to bean named 'mvcConversionService'
2025-11-04T14:43:11.924-03:00 DEBUG 12244 --- [wallet-service] [           main] o.s.b.f.s.DefaultListableBeanFactory     : Autowiring by type from bean name 'welcomePageNotAcceptableHandlerMapping' via factory method to bean named 'mvcResourceUrlProvider'
2025-11-04T14:43:11.932-03:00 DEBUG 12244 --- [wallet-service] [           main] o.s.b.f.s.DefaultListableBeanFactory     : Creating shared instance of singleton bean 'localeResolver'
2025-11-04T14:43:11.933-03:00 DEBUG 12244 --- [wallet-service] [           main] o.s.b.f.s.DefaultListableBeanFactory     : Creating shared instance of singleton bean 'themeResolver'
2025-11-04T14:43:11.937-03:00 DEBUG 12244 --- [wallet-service] [           main] o.s.b.f.s.DefaultListableBeanFactory     : Creating shared instance of singleton bean 'flashMapManager'
2025-11-04T14:43:11.943-03:00 DEBUG 12244 --- [wallet-service] [           main] o.s.b.f.s.DefaultListableBeanFactory     : Creating shared instance of singleton bean 'viewNameTranslator'
2025-11-04T14:43:11.945-03:00 DEBUG 12244 --- [wallet-service] [           main] o.s.b.f.s.DefaultListableBeanFactory     : Creating shared instance of singleton bean 'mvcValidator'
2025-11-04T14:43:11.947-03:00 DEBUG 12244 --- [wallet-service] [           main] o.s.b.f.s.DefaultListableBeanFactory     : Creating shared instance of singleton bean 'mvcContentNegotiationManager'
2025-11-04T14:43:11.978-03:00 DEBUG 12244 --- [wallet-service] [           main] o.s.b.f.s.DefaultListableBeanFactory     : Creating shared instance of singleton bean 'requestMappingHandlerMapping'
2025-11-04T14:43:11.985-03:00 DEBUG 12244 --- [wallet-service] [           main] o.s.b.f.s.DefaultListableBeanFactory     : Autowiring by type from bean name 'requestMappingHandlerMapping' via factory method to bean named 'mvcContentNegotiationManager'
2025-11-04T14:43:11.985-03:00 DEBUG 12244 --- [wallet-service] [           main] o.s.b.f.s.DefaultListableBeanFactory     : Autowiring by type from bean name 'requestMappingHandlerMapping' via factory method to bean named 'mvcConversionService'
2025-11-04T14:43:11.985-03:00 DEBUG 12244 --- [wallet-service] [           main] o.s.b.f.s.DefaultListableBeanFactory     : Autowiring by type from bean name 'requestMappingHandlerMapping' via factory method to bean named 'mvcResourceUrlProvider'
2025-11-04T14:43:11.999-03:00 DEBUG 12244 --- [wallet-service] [           main] _.s.web.servlet.HandlerMapping.Mappings  : 
	c.g.w.c.WalletController:
	{GET [/wallet-services-api/api/wallets/{id}]}: getWalletById(Long)
	{PUT [/wallet-services-api/api/wallets/{id}]}: updateWallet(Long,Wallet)
	{GET [/wallet-services-api/api/wallets/list]}: getAllWallets(Pageable)
	{POST [/wallet-services-api/api/wallets/wallet]}: createWallet(Wallet)
2025-11-04T14:43:12.024-03:00 DEBUG 12244 --- [wallet-service] [           main] _.s.web.servlet.HandlerMapping.Mappings  : 
	o.s.b.a.w.s.e.BasicErrorController:
	{ [/error]}: error(HttpServletRequest)
	{ [/error], produces [text/html]}: errorHtml(HttpServletRequest,HttpServletResponse)
2025-11-04T14:43:12.027-03:00 DEBUG 12244 --- [wallet-service] [           main] s.w.s.m.m.a.RequestMappingHandlerMapping : 6 mappings in 'requestMappingHandlerMapping'
2025-11-04T14:43:12.030-03:00 DEBUG 12244 --- [wallet-service] [           main] o.s.b.f.s.DefaultListableBeanFactory     : Creating shared instance of singleton bean 'mvcPatternParser'
2025-11-04T14:43:12.030-03:00 DEBUG 12244 --- [wallet-service] [           main] o.s.b.f.s.DefaultListableBeanFactory     : Creating shared instance of singleton bean 'mvcUrlPathHelper'
2025-11-04T14:43:12.031-03:00 DEBUG 12244 --- [wallet-service] [           main] o.s.b.f.s.DefaultListableBeanFactory     : Creating shared instance of singleton bean 'mvcPathMatcher'
2025-11-04T14:43:12.031-03:00 DEBUG 12244 --- [wallet-service] [           main] o.s.b.f.s.DefaultListableBeanFactory     : Creating shared instance of singleton bean 'viewControllerHandlerMapping'
2025-11-04T14:43:12.032-03:00 DEBUG 12244 --- [wallet-service] [           main] o.s.b.f.s.DefaultListableBeanFactory     : Autowiring by type from bean name 'viewControllerHandlerMapping' via factory method to bean named 'mvcConversionService'
2025-11-04T14:43:12.032-03:00 DEBUG 12244 --- [wallet-service] [           main] o.s.b.f.s.DefaultListableBeanFactory     : Autowiring by type from bean name 'viewControllerHandlerMapping' via factory method to bean named 'mvcResourceUrlProvider'
2025-11-04T14:43:12.033-03:00 DEBUG 12244 --- [wallet-service] [           main] o.s.b.f.s.DefaultListableBeanFactory     : Creating shared instance of singleton bean 'beanNameHandlerMapping'
2025-11-04T14:43:12.033-03:00 DEBUG 12244 --- [wallet-service] [           main] o.s.b.f.s.DefaultListableBeanFactory     : Autowiring by type from bean name 'beanNameHandlerMapping' via factory method to bean named 'mvcConversionService'
2025-11-04T14:43:12.034-03:00 DEBUG 12244 --- [wallet-service] [           main] o.s.b.f.s.DefaultListableBeanFactory     : Autowiring by type from bean name 'beanNameHandlerMapping' via factory method to bean named 'mvcResourceUrlProvider'
2025-11-04T14:43:12.035-03:00 DEBUG 12244 --- [wallet-service] [           main] _.s.web.servlet.HandlerMapping.Mappings  : 'beanNameHandlerMapping' {}
2025-11-04T14:43:12.041-03:00 DEBUG 12244 --- [wallet-service] [           main] o.s.b.f.s.DefaultListableBeanFactory     : Creating shared instance of singleton bean 'routerFunctionMapping'
2025-11-04T14:43:12.042-03:00 DEBUG 12244 --- [wallet-service] [           main] o.s.b.f.s.DefaultListableBeanFactory     : Autowiring by type from bean name 'routerFunctionMapping' via factory method to bean named 'mvcConversionService'
2025-11-04T14:43:12.042-03:00 DEBUG 12244 --- [wallet-service] [           main] o.s.b.f.s.DefaultListableBeanFactory     : Autowiring by type from bean name 'routerFunctionMapping' via factory method to bean named 'mvcResourceUrlProvider'
2025-11-04T14:43:12.046-03:00 DEBUG 12244 --- [wallet-service] [           main] o.s.b.f.s.DefaultListableBeanFactory     : Creating shared instance of singleton bean 'messageConverters'
2025-11-04T14:43:12.046-03:00 DEBUG 12244 --- [wallet-service] [           main] o.s.b.f.s.DefaultListableBeanFactory     : Creating shared instance of singleton bean 'org.springframework.boot.autoconfigure.http.HttpMessageConvertersAutoConfiguration'
2025-11-04T14:43:12.051-03:00 DEBUG 12244 --- [wallet-service] [           main] o.s.b.f.s.DefaultListableBeanFactory     : Creating shared instance of singleton bean 'stringHttpMessageConverter'
2025-11-04T14:43:12.062-03:00 DEBUG 12244 --- [wallet-service] [           main] o.s.b.f.s.DefaultListableBeanFactory     : Creating shared instance of singleton bean 'org.springframework.boot.autoconfigure.http.HttpMessageConvertersAutoConfiguration$StringHttpMessageConverterConfiguration'
2025-11-04T14:43:12.068-03:00 DEBUG 12244 --- [wallet-service] [           main] o.s.b.f.s.DefaultListableBeanFactory     : Autowiring by type from bean name 'stringHttpMessageConverter' via factory method to bean named 'environment'
2025-11-04T14:43:12.076-03:00 DEBUG 12244 --- [wallet-service] [           main] o.s.b.f.s.DefaultListableBeanFactory     : Creating shared instance of singleton bean 'mappingJackson2HttpMessageConverter'
2025-11-04T14:43:12.077-03:00 DEBUG 12244 --- [wallet-service] [           main] o.s.b.f.s.DefaultListableBeanFactory     : Creating shared instance of singleton bean 'org.springframework.boot.autoconfigure.http.JacksonHttpMessageConvertersConfiguration$MappingJackson2HttpMessageConverterConfiguration'
2025-11-04T14:43:12.078-03:00 DEBUG 12244 --- [wallet-service] [           main] o.s.b.f.s.DefaultListableBeanFactory     : Creating shared instance of singleton bean 'jacksonObjectMapper'
2025-11-04T14:43:12.078-03:00 DEBUG 12244 --- [wallet-service] [           main] o.s.b.f.s.DefaultListableBeanFactory     : Creating shared instance of singleton bean 'org.springframework.boot.autoconfigure.jackson.JacksonAutoConfiguration$JacksonObjectMapperConfiguration'
2025-11-04T14:43:12.081-03:00 DEBUG 12244 --- [wallet-service] [           main] o.s.b.f.s.DefaultListableBeanFactory     : Creating shared instance of singleton bean 'org.springframework.boot.autoconfigure.jackson.JacksonAutoConfiguration$JacksonObjectMapperBuilderConfiguration'
2025-11-04T14:43:12.082-03:00 DEBUG 12244 --- [wallet-service] [           main] o.s.b.f.s.DefaultListableBeanFactory     : Creating shared instance of singleton bean 'standardJacksonObjectMapperBuilderCustomizer'
2025-11-04T14:43:12.082-03:00 DEBUG 12244 --- [wallet-service] [           main] o.s.b.f.s.DefaultListableBeanFactory     : Creating shared instance of singleton bean 'org.springframework.boot.autoconfigure.jackson.JacksonAutoConfiguration$Jackson2ObjectMapperBuilderCustomizerConfiguration'
2025-11-04T14:43:12.083-03:00 DEBUG 12244 --- [wallet-service] [           main] o.s.b.f.s.DefaultListableBeanFactory     : Creating shared instance of singleton bean 'spring.jackson-org.springframework.boot.autoconfigure.jackson.JacksonProperties'
2025-11-04T14:43:12.091-03:00 DEBUG 12244 --- [wallet-service] [           main] o.s.b.f.s.DefaultListableBeanFactory     : Autowiring by type from bean name 'standardJacksonObjectMapperBuilderCustomizer' via factory method to bean named 'spring.jackson-org.springframework.boot.autoconfigure.jackson.JacksonProperties'
2025-11-04T14:43:12.094-03:00 DEBUG 12244 --- [wallet-service] [           main] o.s.b.f.s.DefaultListableBeanFactory     : Creating shared instance of singleton bean 'parameterNamesModule'
2025-11-04T14:43:12.095-03:00 DEBUG 12244 --- [wallet-service] [           main] o.s.b.f.s.DefaultListableBeanFactory     : Creating shared instance of singleton bean 'org.springframework.boot.autoconfigure.jackson.JacksonAutoConfiguration$ParameterNamesModuleConfiguration'
2025-11-04T14:43:12.097-03:00 DEBUG 12244 --- [wallet-service] [           main] o.s.b.f.s.DefaultListableBeanFactory     : Creating shared instance of singleton bean 'jsonMixinModule'
2025-11-04T14:43:12.097-03:00 DEBUG 12244 --- [wallet-service] [           main] o.s.b.f.s.DefaultListableBeanFactory     : Creating shared instance of singleton bean 'org.springframework.boot.autoconfigure.jackson.JacksonAutoConfiguration$JacksonMixinConfiguration'
2025-11-04T14:43:12.100-03:00 DEBUG 12244 --- [wallet-service] [           main] o.s.b.f.s.DefaultListableBeanFactory     : Creating shared instance of singleton bean 'jsonMixinModuleEntries'
2025-11-04T14:43:12.101-03:00 DEBUG 12244 --- [wallet-service] [           main] o.s.b.f.s.DefaultListableBeanFactory     : Autowiring by type from bean name 'jsonMixinModuleEntries' via factory method to bean named 'org.springframework.web.context.support.GenericWebApplicationContext@2ec173e5'
2025-11-04T14:43:12.101-03:00 DEBUG 12244 --- [wallet-service] [           main] o.s.b.a.AutoConfigurationPackages        : @EnableAutoConfiguration was declared on a class in the package 'com.guga.walletserviceapi'. Automatic @Repository and @Entity scanning is enabled.
2025-11-04T14:43:12.118-03:00 DEBUG 12244 --- [wallet-service] [           main] o.s.b.f.s.DefaultListableBeanFactory     : Autowiring by type from bean name 'jsonMixinModule' via factory method to bean named 'org.springframework.web.context.support.GenericWebApplicationContext@2ec173e5'
2025-11-04T14:43:12.118-03:00 DEBUG 12244 --- [wallet-service] [           main] o.s.b.f.s.DefaultListableBeanFactory     : Autowiring by type from bean name 'jsonMixinModule' via factory method to bean named 'jsonMixinModuleEntries'
2025-11-04T14:43:12.119-03:00 DEBUG 12244 --- [wallet-service] [           main] o.s.b.f.s.DefaultListableBeanFactory     : Creating shared instance of singleton bean 'jsonComponentModule'
2025-11-04T14:43:12.119-03:00 DEBUG 12244 --- [wallet-service] [           main] o.s.b.f.s.DefaultListableBeanFactory     : Creating shared instance of singleton bean 'org.springframework.boot.autoconfigure.jackson.JacksonAutoConfiguration'
2025-11-04T14:43:12.129-03:00 DEBUG 12244 --- [wallet-service] [           main] o.s.b.f.s.DefaultListableBeanFactory     : Creating shared instance of singleton bean 'jacksonGeoModule'
2025-11-04T14:43:12.130-03:00 DEBUG 12244 --- [wallet-service] [           main] o.s.b.f.s.DefaultListableBeanFactory     : Creating shared instance of singleton bean 'org.springframework.data.web.config.SpringDataJacksonConfiguration'
2025-11-04T14:43:12.130-03:00 DEBUG 12244 --- [wallet-service] [           main] o.s.b.f.s.DefaultListableBeanFactory     : Creating shared instance of singleton bean 'springDataWebSettings'
2025-11-04T14:43:12.131-03:00 DEBUG 12244 --- [wallet-service] [           main] o.s.b.f.s.DefaultListableBeanFactory     : Creating shared instance of singleton bean 'org.springframework.boot.autoconfigure.data.web.SpringDataWebAutoConfiguration'
2025-11-04T14:43:12.131-03:00 DEBUG 12244 --- [wallet-service] [           main] o.s.b.f.s.DefaultListableBeanFactory     : Creating shared instance of singleton bean 'spring.data.web-org.springframework.boot.autoconfigure.data.web.SpringDataWebProperties'
2025-11-04T14:43:12.149-03:00 DEBUG 12244 --- [wallet-service] [           main] o.s.b.f.s.DefaultListableBeanFactory     : Autowiring by type from bean name 'org.springframework.boot.autoconfigure.data.web.SpringDataWebAutoConfiguration' via constructor to bean named 'spring.data.web-org.springframework.boot.autoconfigure.data.web.SpringDataWebProperties'
2025-11-04T14:43:12.152-03:00 DEBUG 12244 --- [wallet-service] [           main] o.s.b.f.s.DefaultListableBeanFactory     : Creating shared instance of singleton bean 'pageModule'
2025-11-04T14:43:12.154-03:00 DEBUG 12244 --- [wallet-service] [           main] o.s.b.f.s.DefaultListableBeanFactory     : Autowiring by type from bean name 'jacksonObjectMapperBuilder' via factory method to bean named 'org.springframework.web.context.support.GenericWebApplicationContext@2ec173e5'
2025-11-04T14:43:12.154-03:00 DEBUG 12244 --- [wallet-service] [           main] o.s.b.f.s.DefaultListableBeanFactory     : Autowiring by type from bean name 'jacksonObjectMapperBuilder' via factory method to bean named 'standardJacksonObjectMapperBuilderCustomizer'
2025-11-04T14:43:12.159-03:00 DEBUG 12244 --- [wallet-service] [           main] o.s.b.f.s.DefaultListableBeanFactory     : Autowiring by type from bean name 'jacksonObjectMapper' via factory method to bean named 'jacksonObjectMapperBuilder'
2025-11-04T14:43:12.164-03:00 DEBUG 12244 --- [wallet-service] [           main] o.s.b.f.s.DefaultListableBeanFactory     : Autowiring by type from bean name 'mappingJackson2HttpMessageConverter' via factory method to bean named 'jacksonObjectMapper'
2025-11-04T14:43:12.211-03:00 DEBUG 12244 --- [wallet-service] [           main] o.s.b.f.s.DefaultListableBeanFactory     : Creating shared instance of singleton bean 'resourceHandlerMapping'
2025-11-04T14:43:12.213-03:00 DEBUG 12244 --- [wallet-service] [           main] o.s.b.f.s.DefaultListableBeanFactory     : Autowiring by type from bean name 'resourceHandlerMapping' via factory method to bean named 'mvcContentNegotiationManager'
2025-11-04T14:43:12.213-03:00 DEBUG 12244 --- [wallet-service] [           main] o.s.b.f.s.DefaultListableBeanFactory     : Autowiring by type from bean name 'resourceHandlerMapping' via factory method to bean named 'mvcConversionService'
2025-11-04T14:43:12.213-03:00 DEBUG 12244 --- [wallet-service] [           main] o.s.b.f.s.DefaultListableBeanFactory     : Autowiring by type from bean name 'resourceHandlerMapping' via factory method to bean named 'mvcResourceUrlProvider'
2025-11-04T14:43:12.216-03:00 DEBUG 12244 --- [wallet-service] [           main] _.s.web.servlet.HandlerMapping.Mappings  : 'resourceHandlerMapping' {/webjars/**=ResourceHttpRequestHandler [classpath [META-INF/resources/webjars/]], /**=ResourceHttpRequestHandler [classpath [META-INF/resources/], classpath [resources/], classpath [static/], classpath [public/], ServletContext [/]]}
2025-11-04T14:43:12.218-03:00 DEBUG 12244 --- [wallet-service] [           main] o.s.b.f.s.DefaultListableBeanFactory     : Creating shared instance of singleton bean 'defaultServletHandlerMapping'
2025-11-04T14:43:12.219-03:00 DEBUG 12244 --- [wallet-service] [           main] o.s.b.f.s.DefaultListableBeanFactory     : Creating shared instance of singleton bean 'requestMappingHandlerAdapter'
2025-11-04T14:43:12.220-03:00 DEBUG 12244 --- [wallet-service] [           main] o.s.b.f.s.DefaultListableBeanFactory     : Autowiring by type from bean name 'requestMappingHandlerAdapter' via factory method to bean named 'mvcContentNegotiationManager'
2025-11-04T14:43:12.221-03:00 DEBUG 12244 --- [wallet-service] [           main] o.s.b.f.s.DefaultListableBeanFactory     : Autowiring by type from bean name 'requestMappingHandlerAdapter' via factory method to bean named 'mvcConversionService'
2025-11-04T14:43:12.221-03:00 DEBUG 12244 --- [wallet-service] [           main] o.s.b.f.s.DefaultListableBeanFactory     : Autowiring by type from bean name 'requestMappingHandlerAdapter' via factory method to bean named 'mvcValidator'
2025-11-04T14:43:12.225-03:00 DEBUG 12244 --- [wallet-service] [           main] o.s.b.f.s.DefaultListableBeanFactory     : Creating shared instance of singleton bean 'sortResolver'
2025-11-04T14:43:12.225-03:00 DEBUG 12244 --- [wallet-service] [           main] o.s.b.f.s.DefaultListableBeanFactory     : Creating shared instance of singleton bean 'sortCustomizer'
2025-11-04T14:43:12.227-03:00 DEBUG 12244 --- [wallet-service] [           main] o.s.b.f.s.DefaultListableBeanFactory     : Creating shared instance of singleton bean 'pageableResolver'
2025-11-04T14:43:12.229-03:00 DEBUG 12244 --- [wallet-service] [           main] o.s.b.f.s.DefaultListableBeanFactory     : Creating shared instance of singleton bean 'pageableCustomizer'
2025-11-04T14:43:12.230-03:00 DEBUG 12244 --- [wallet-service] [           main] o.s.b.f.s.DefaultListableBeanFactory     : Creating shared instance of singleton bean 'applicationTaskExecutor'
2025-11-04T14:43:12.231-03:00 DEBUG 12244 --- [wallet-service] [           main] o.s.b.f.s.DefaultListableBeanFactory     : Autowiring by type from bean name 'applicationTaskExecutor' via factory method to bean named 'threadPoolTaskExecutorBuilder'
2025-11-04T14:43:12.231-03:00 DEBUG 12244 --- [wallet-service] [           main] o.s.s.concurrent.ThreadPoolTaskExecutor  : Initializing ExecutorService 'applicationTaskExecutor'
2025-11-04T14:43:12.237-03:00 DEBUG 12244 --- [wallet-service] [           main] s.w.s.m.m.a.RequestMappingHandlerAdapter : ControllerAdvice beans: 0 @ModelAttribute, 0 @InitBinder, 1 RequestBodyAdvice, 1 ResponseBodyAdvice
2025-11-04T14:43:12.240-03:00 DEBUG 12244 --- [wallet-service] [           main] o.s.b.f.s.DefaultListableBeanFactory     : Creating shared instance of singleton bean 'mvcViewResolver'
2025-11-04T14:43:12.243-03:00 DEBUG 12244 --- [wallet-service] [           main] o.s.b.f.s.DefaultListableBeanFactory     : Autowiring by type from bean name 'mvcViewResolver' via factory method to bean named 'mvcContentNegotiationManager'
2025-11-04T14:43:12.261-03:00 DEBUG 12244 --- [wallet-service] [           main] o.s.b.f.s.DefaultListableBeanFactory     : Creating shared instance of singleton bean 'defaultViewResolver'
2025-11-04T14:43:12.265-03:00 DEBUG 12244 --- [wallet-service] [           main] o.s.b.f.s.DefaultListableBeanFactory     : Creating shared instance of singleton bean 'viewResolver'
2025-11-04T14:43:12.266-03:00 DEBUG 12244 --- [wallet-service] [           main] o.s.b.f.s.DefaultListableBeanFactory     : Autowiring by type from bean name 'viewResolver' via factory method to bean named 'org.springframework.beans.factory.support.DefaultListableBeanFactory@71993eba'
2025-11-04T14:43:12.267-03:00 DEBUG 12244 --- [wallet-service] [           main] o.s.b.f.s.DefaultListableBeanFactory     : Creating shared instance of singleton bean 'viewResolver'
2025-11-04T14:43:12.273-03:00 DEBUG 12244 --- [wallet-service] [           main] o.s.b.f.s.DefaultListableBeanFactory     : Creating shared instance of singleton bean 'handlerFunctionAdapter'
2025-11-04T14:43:12.273-03:00 DEBUG 12244 --- [wallet-service] [           main] o.s.b.f.s.DefaultListableBeanFactory     : Creating shared instance of singleton bean 'mvcUriComponentsContributor'
2025-11-04T14:43:12.293-03:00 DEBUG 12244 --- [wallet-service] [           main] o.s.b.f.s.DefaultListableBeanFactory     : Autowiring by type from bean name 'mvcUriComponentsContributor' via factory method to bean named 'mvcConversionService'
2025-11-04T14:43:12.294-03:00 DEBUG 12244 --- [wallet-service] [           main] o.s.b.f.s.DefaultListableBeanFactory     : Autowiring by type from bean name 'mvcUriComponentsContributor' via factory method to bean named 'requestMappingHandlerAdapter'
2025-11-04T14:43:12.294-03:00 DEBUG 12244 --- [wallet-service] [           main] o.s.b.f.s.DefaultListableBeanFactory     : Creating shared instance of singleton bean 'httpRequestHandlerAdapter'
2025-11-04T14:43:12.295-03:00 DEBUG 12244 --- [wallet-service] [           main] o.s.b.f.s.DefaultListableBeanFactory     : Creating shared instance of singleton bean 'simpleControllerHandlerAdapter'
2025-11-04T14:43:12.295-03:00 DEBUG 12244 --- [wallet-service] [           main] o.s.b.f.s.DefaultListableBeanFactory     : Creating shared instance of singleton bean 'handlerExceptionResolver'
2025-11-04T14:43:12.295-03:00 DEBUG 12244 --- [wallet-service] [           main] o.s.b.f.s.DefaultListableBeanFactory     : Autowiring by type from bean name 'handlerExceptionResolver' via factory method to bean named 'mvcContentNegotiationManager'
2025-11-04T14:43:12.299-03:00 DEBUG 12244 --- [wallet-service] [           main] .m.m.a.ExceptionHandlerExceptionResolver : ControllerAdvice beans: 1 @ExceptionHandler, 1 ResponseBodyAdvice
2025-11-04T14:43:12.299-03:00 DEBUG 12244 --- [wallet-service] [           main] o.s.b.f.s.DefaultListableBeanFactory     : Creating shared instance of singleton bean 'requestContextFilter'
2025-11-04T14:43:12.301-03:00 DEBUG 12244 --- [wallet-service] [           main] o.s.b.f.s.DefaultListableBeanFactory     : Creating shared instance of singleton bean 'org.springframework.boot.autoconfigure.web.servlet.WebMvcAutoConfiguration'
2025-11-04T14:43:12.302-03:00 DEBUG 12244 --- [wallet-service] [           main] o.s.b.f.s.DefaultListableBeanFactory     : Creating shared instance of singleton bean 'formContentFilter'
2025-11-04T14:43:12.307-03:00 DEBUG 12244 --- [wallet-service] [           main] o.s.b.f.s.DefaultListableBeanFactory     : Creating shared instance of singleton bean 'org.springframework.boot.autoconfigure.cache.NoOpCacheConfiguration'
2025-11-04T14:43:12.307-03:00 DEBUG 12244 --- [wallet-service] [           main] o.s.b.f.s.DefaultListableBeanFactory     : Creating shared instance of singleton bean 'cacheManager'
2025-11-04T14:43:12.308-03:00 DEBUG 12244 --- [wallet-service] [           main] o.s.b.f.s.DefaultListableBeanFactory     : Creating shared instance of singleton bean 'org.springframework.boot.autoconfigure.cache.CacheAutoConfiguration'
2025-11-04T14:43:12.309-03:00 DEBUG 12244 --- [wallet-service] [           main] o.s.b.f.s.DefaultListableBeanFactory     : Creating shared instance of singleton bean 'cacheManagerCustomizers'
2025-11-04T14:43:12.310-03:00 DEBUG 12244 --- [wallet-service] [           main] o.s.b.f.s.DefaultListableBeanFactory     : Creating shared instance of singleton bean 'cacheAutoConfigurationValidator'
2025-11-04T14:43:12.310-03:00 DEBUG 12244 --- [wallet-service] [           main] o.s.b.f.s.DefaultListableBeanFactory     : Creating shared instance of singleton bean 'spring.cache-org.springframework.boot.autoconfigure.cache.CacheProperties'
2025-11-04T14:43:12.325-03:00 DEBUG 12244 --- [wallet-service] [           main] o.s.b.f.s.DefaultListableBeanFactory     : Autowiring by type from bean name 'cacheAutoConfigurationValidator' via factory method to bean named 'spring.cache-org.springframework.boot.autoconfigure.cache.CacheProperties'
2025-11-04T14:43:12.326-03:00 DEBUG 12244 --- [wallet-service] [           main] o.s.b.f.s.DefaultListableBeanFactory     : Creating shared instance of singleton bean 'org.springframework.boot.autoconfigure.http.JacksonHttpMessageConvertersConfiguration'
2025-11-04T14:43:12.328-03:00 DEBUG 12244 --- [wallet-service] [           main] o.s.b.f.s.DefaultListableBeanFactory     : Creating shared instance of singleton bean 'org.springframework.data.web.config.ProjectingArgumentResolverRegistrar'
2025-11-04T14:43:12.328-03:00 DEBUG 12244 --- [wallet-service] [           main] o.s.b.f.s.DefaultListableBeanFactory     : Creating shared instance of singleton bean 'offsetResolver'
2025-11-04T14:43:12.330-03:00 DEBUG 12244 --- [wallet-service] [           main] o.s.b.f.s.DefaultListableBeanFactory     : Creating shared instance of singleton bean 'org.springframework.security.config.annotation.configuration.ObjectPostProcessorConfiguration'
2025-11-04T14:43:12.330-03:00 DEBUG 12244 --- [wallet-service] [           main] o.s.b.f.s.DefaultListableBeanFactory     : Creating shared instance of singleton bean 'objectPostProcessor'
2025-11-04T14:43:12.331-03:00 DEBUG 12244 --- [wallet-service] [           main] o.s.b.f.s.DefaultListableBeanFactory     : Autowiring by type from bean name 'objectPostProcessor' via factory method to bean named 'org.springframework.beans.factory.support.DefaultListableBeanFactory@71993eba'
2025-11-04T14:43:12.331-03:00 DEBUG 12244 --- [wallet-service] [           main] o.s.b.f.s.DefaultListableBeanFactory     : Creating shared instance of singleton bean 'org.springframework.security.config.annotation.authentication.configuration.AuthenticationConfiguration'
2025-11-04T14:43:12.334-03:00 DEBUG 12244 --- [wallet-service] [           main] o.s.b.f.s.DefaultListableBeanFactory     : Creating shared instance of singleton bean 'enableGlobalAuthenticationAutowiredConfigurer'
2025-11-04T14:43:12.334-03:00 DEBUG 12244 --- [wallet-service] [           main] o.s.b.f.s.DefaultListableBeanFactory     : Autowiring by type from bean name 'enableGlobalAuthenticationAutowiredConfigurer' via factory method to bean named 'org.springframework.web.context.support.GenericWebApplicationContext@2ec173e5'
2025-11-04T14:43:12.335-03:00 DEBUG 12244 --- [wallet-service] [           main] o.s.b.f.s.DefaultListableBeanFactory     : Creating shared instance of singleton bean 'initializeUserDetailsBeanManagerConfigurer'
2025-11-04T14:43:12.335-03:00 DEBUG 12244 --- [wallet-service] [           main] o.s.b.f.s.DefaultListableBeanFactory     : Autowiring by type from bean name 'initializeUserDetailsBeanManagerConfigurer' via factory method to bean named 'org.springframework.web.context.support.GenericWebApplicationContext@2ec173e5'
2025-11-04T14:43:12.336-03:00 DEBUG 12244 --- [wallet-service] [           main] o.s.b.f.s.DefaultListableBeanFactory     : Creating shared instance of singleton bean 'initializeAuthenticationProviderBeanManagerConfigurer'
2025-11-04T14:43:12.337-03:00 DEBUG 12244 --- [wallet-service] [           main] o.s.b.f.s.DefaultListableBeanFactory     : Autowiring by type from bean name 'initializeAuthenticationProviderBeanManagerConfigurer' via factory method to bean named 'org.springframework.web.context.support.GenericWebApplicationContext@2ec173e5'
2025-11-04T14:43:12.341-03:00 DEBUG 12244 --- [wallet-service] [           main] o.s.b.f.s.DefaultListableBeanFactory     : Creating shared instance of singleton bean 'authenticationManagerBuilder'
2025-11-04T14:43:12.342-03:00 DEBUG 12244 --- [wallet-service] [           main] o.s.b.f.s.DefaultListableBeanFactory     : Autowiring by type from bean name 'authenticationManagerBuilder' via factory method to bean named 'objectPostProcessor'
2025-11-04T14:43:12.343-03:00 DEBUG 12244 --- [wallet-service] [           main] o.s.b.f.s.DefaultListableBeanFactory     : Autowiring by type from bean name 'authenticationManagerBuilder' via factory method to bean named 'org.springframework.web.context.support.GenericWebApplicationContext@2ec173e5'
2025-11-04T14:43:12.343-03:00 DEBUG 12244 --- [wallet-service] [           main] o.s.b.f.s.DefaultListableBeanFactory     : Creating shared instance of singleton bean 'authenticationEventPublisher'
2025-11-04T14:43:12.343-03:00 DEBUG 12244 --- [wallet-service] [           main] o.s.b.f.s.DefaultListableBeanFactory     : Creating shared instance of singleton bean 'org.springframework.boot.autoconfigure.security.servlet.SecurityAutoConfiguration'
2025-11-04T14:43:12.344-03:00 DEBUG 12244 --- [wallet-service] [           main] o.s.b.f.s.DefaultListableBeanFactory     : Autowiring by type from bean name 'authenticationEventPublisher' via factory method to bean named 'org.springframework.web.context.support.GenericWebApplicationContext@2ec173e5'
2025-11-04T14:43:12.346-03:00 DEBUG 12244 --- [wallet-service] [           main] o.s.b.f.s.DefaultListableBeanFactory     : Creating shared instance of singleton bean 'org.springframework.security.config.annotation.web.configuration.WebSecurityConfiguration'
2025-11-04T14:43:12.349-03:00 DEBUG 12244 --- [wallet-service] [           main] o.s.b.f.s.DefaultListableBeanFactory     : Creating shared instance of singleton bean 'org.springframework.security.config.annotation.web.configuration.HttpSecurityConfiguration'
2025-11-04T14:43:12.396-03:00 DEBUG 12244 --- [wallet-service] [           main] o.s.b.f.s.DefaultListableBeanFactory     : Creating shared instance of singleton bean 'org.springframework.boot.autoconfigure.security.servlet.SpringBootWebSecurityConfiguration$WebSecurityEnablerConfiguration'
2025-11-04T14:43:12.397-03:00 DEBUG 12244 --- [wallet-service] [           main] o.s.b.f.s.DefaultListableBeanFactory     : Creating shared instance of singleton bean 'inMemoryUserDetailsManager'
2025-11-04T14:43:12.397-03:00 DEBUG 12244 --- [wallet-service] [           main] o.s.b.f.s.DefaultListableBeanFactory     : Creating shared instance of singleton bean 'org.springframework.boot.autoconfigure.security.servlet.UserDetailsServiceAutoConfiguration'
2025-11-04T14:43:12.404-03:00 DEBUG 12244 --- [wallet-service] [           main] o.s.b.f.s.DefaultListableBeanFactory     : Creating shared instance of singleton bean 'spring.security-org.springframework.boot.autoconfigure.security.SecurityProperties'
2025-11-04T14:43:12.417-03:00 DEBUG 12244 --- [wallet-service] [           main] o.s.b.f.s.DefaultListableBeanFactory     : Autowiring by type from bean name 'inMemoryUserDetailsManager' via factory method to bean named 'spring.security-org.springframework.boot.autoconfigure.security.SecurityProperties'
2025-11-04T14:43:12.418-03:00  WARN 12244 --- [wallet-service] [           main] .s.s.UserDetailsServiceAutoConfiguration : 

Using generated security password: 3e6d180e-ec82-48ed-8f9a-2cc8a98a7281

This generated password is for development use only. Your security configuration must be updated before running your application in production.

2025-11-04T14:43:12.420-03:00  INFO 12244 --- [wallet-service] [           main] r$InitializeUserDetailsManagerConfigurer : Global AuthenticationManager configured with UserDetailsService bean with name inMemoryUserDetailsManager
2025-11-04T14:43:12.436-03:00 DEBUG 12244 --- [wallet-service] [           main] o.s.b.f.s.DefaultListableBeanFactory     : Creating shared instance of singleton bean 'filterChainDecoratorPostProcessor'
2025-11-04T14:43:12.437-03:00 DEBUG 12244 --- [wallet-service] [           main] o.s.b.f.s.DefaultListableBeanFactory     : Creating shared instance of singleton bean 'mvcHandlerMappingIntrospectorRequestTransformer'
2025-11-04T14:43:12.438-03:00 DEBUG 12244 --- [wallet-service] [           main] o.s.b.f.s.DefaultListableBeanFactory     : Creating shared instance of singleton bean 'mvcHandlerMappingIntrospector'
2025-11-04T14:43:12.445-03:00 DEBUG 12244 --- [wallet-service] [           main] o.s.b.f.s.DefaultListableBeanFactory     : Creating shared instance of singleton bean 'defaultSecurityFilterChain'
2025-11-04T14:43:12.445-03:00 DEBUG 12244 --- [wallet-service] [           main] o.s.b.f.s.DefaultListableBeanFactory     : Creating shared instance of singleton bean 'org.springframework.boot.autoconfigure.security.servlet.SpringBootWebSecurityConfiguration$SecurityFilterChainConfiguration'
2025-11-04T14:43:12.471-03:00 DEBUG 12244 --- [wallet-service] [           main] o.s.b.f.s.DefaultListableBeanFactory     : Autowiring by type from bean name 'defaultSecurityFilterChain' via factory method to bean named 'org.springframework.security.config.annotation.web.configuration.HttpSecurityConfiguration.httpSecurity'
2025-11-04T14:43:12.484-03:00 DEBUG 12244 --- [wallet-service] [           main] o.s.b.f.s.DefaultListableBeanFactory     : Creating shared instance of singleton bean 'webAuthorizationManagerPostProcessor'
2025-11-04T14:43:12.500-03:00 DEBUG 12244 --- [wallet-service] [           main] o.s.b.f.s.DefaultListableBeanFactory     : Creating shared instance of singleton bean 'authenticationManagerPostProcessor'
2025-11-04T14:43:12.532-03:00 DEBUG 12244 --- [wallet-service] [           main] o.s.s.web.DefaultSecurityFilterChain     : Will secure any request with filters: DisableEncodeUrlFilter, WebAsyncManagerIntegrationFilter, SecurityContextHolderFilter, HeaderWriterFilter, CsrfFilter, LogoutFilter, UsernamePasswordAuthenticationFilter, DefaultResourcesFilter, DefaultLoginPageGeneratingFilter, DefaultLogoutPageGeneratingFilter, BasicAuthenticationFilter, RequestCacheAwareFilter, SecurityContextHolderAwareRequestFilter, AnonymousAuthenticationFilter, ExceptionTranslationFilter, AuthorizationFilter
2025-11-04T14:43:12.534-03:00 DEBUG 12244 --- [wallet-service] [           main] o.s.b.f.s.DefaultListableBeanFactory     : Creating shared instance of singleton bean 'delegatingApplicationListener'
2025-11-04T14:43:12.536-03:00 DEBUG 12244 --- [wallet-service] [           main] o.s.b.f.s.DefaultListableBeanFactory     : Creating shared instance of singleton bean 'springSecurityFilterChain'
2025-11-04T14:43:12.560-03:00 DEBUG 12244 --- [wallet-service] [           main] o.s.b.f.s.DefaultListableBeanFactory     : Creating shared instance of singleton bean 'webSecurityExpressionHandler'
2025-11-04T14:43:12.560-03:00 DEBUG 12244 --- [wallet-service] [           main] o.s.b.f.s.DefaultListableBeanFactory     : Creating shared instance of singleton bean 'privilegeEvaluator'
2025-11-04T14:43:12.561-03:00 DEBUG 12244 --- [wallet-service] [           main] o.s.b.f.s.DefaultListableBeanFactory     : Creating shared instance of singleton bean 'requestDataValueProcessor'
2025-11-04T14:43:12.562-03:00 DEBUG 12244 --- [wallet-service] [           main] o.s.b.f.s.DefaultListableBeanFactory     : Creating shared instance of singleton bean 'org.springframework.security.config.annotation.web.configuration.ObservationConfiguration'
2025-11-04T14:43:12.563-03:00 DEBUG 12244 --- [wallet-service] [           main] o.s.b.f.s.DefaultListableBeanFactory     : Creating shared instance of singleton bean 'org.springframework.boot.autoconfigure.security.servlet.SpringBootWebSecurityConfiguration'
2025-11-04T14:43:12.563-03:00 DEBUG 12244 --- [wallet-service] [           main] o.s.b.f.s.DefaultListableBeanFactory     : Creating shared instance of singleton bean 'org.springframework.boot.autoconfigure.security.servlet.SecurityFilterAutoConfiguration'
2025-11-04T14:43:12.564-03:00 DEBUG 12244 --- [wallet-service] [           main] o.s.b.f.s.DefaultListableBeanFactory     : Creating shared instance of singleton bean 'securityFilterChainRegistration'
2025-11-04T14:43:12.567-03:00 DEBUG 12244 --- [wallet-service] [           main] o.s.b.f.s.DefaultListableBeanFactory     : Autowiring by type from bean name 'securityFilterChainRegistration' via factory method to bean named 'spring.security-org.springframework.boot.autoconfigure.security.SecurityProperties'
2025-11-04T14:43:12.569-03:00 DEBUG 12244 --- [wallet-service] [           main] o.s.b.f.s.DefaultListableBeanFactory     : Creating shared instance of singleton bean 'org.springframework.boot.autoconfigure.web.servlet.HttpEncodingAutoConfiguration'
2025-11-04T14:43:12.569-03:00 DEBUG 12244 --- [wallet-service] [           main] o.s.b.f.s.DefaultListableBeanFactory     : Autowiring by type from bean name 'org.springframework.boot.autoconfigure.web.servlet.HttpEncodingAutoConfiguration' via constructor to bean named 'server-org.springframework.boot.autoconfigure.web.ServerProperties'
2025-11-04T14:43:12.570-03:00 DEBUG 12244 --- [wallet-service] [           main] o.s.b.f.s.DefaultListableBeanFactory     : Creating shared instance of singleton bean 'characterEncodingFilter'
2025-11-04T14:43:12.576-03:00 DEBUG 12244 --- [wallet-service] [           main] o.s.b.f.s.DefaultListableBeanFactory     : Creating shared instance of singleton bean 'localeCharsetMappingsCustomizer'
2025-11-04T14:43:12.577-03:00 DEBUG 12244 --- [wallet-service] [           main] o.s.b.f.s.DefaultListableBeanFactory     : Creating shared instance of singleton bean 'org.springframework.boot.test.autoconfigure.web.servlet.MockMvcConfiguration'
2025-11-04T14:43:12.580-03:00 DEBUG 12244 --- [wallet-service] [           main] o.s.b.f.s.DefaultListableBeanFactory     : Autowiring by type from bean name 'org.springframework.boot.test.autoconfigure.web.servlet.MockMvcConfiguration' via constructor to bean named 'org.springframework.web.context.support.GenericWebApplicationContext@2ec173e5'
2025-11-04T14:43:12.580-03:00 DEBUG 12244 --- [wallet-service] [           main] o.s.b.f.s.DefaultListableBeanFactory     : Autowiring by type from bean name 'org.springframework.boot.test.autoconfigure.web.servlet.MockMvcConfiguration' via constructor to bean named 'spring.mvc-org.springframework.boot.autoconfigure.web.servlet.WebMvcProperties'
2025-11-04T14:43:12.581-03:00 DEBUG 12244 --- [wallet-service] [           main] o.s.b.f.s.DefaultListableBeanFactory     : Creating shared instance of singleton bean 'mockMvcBuilder'
2025-11-04T14:43:12.583-03:00 DEBUG 12244 --- [wallet-service] [           main] o.s.b.f.s.DefaultListableBeanFactory     : Creating shared instance of singleton bean 'springBootMockMvcBuilderCustomizer'
2025-11-04T14:43:12.586-03:00 DEBUG 12244 --- [wallet-service] [           main] o.s.b.f.s.DefaultListableBeanFactory     : Creating shared instance of singleton bean 'securityMockMvcBuilderCustomizer'
2025-11-04T14:43:12.586-03:00 DEBUG 12244 --- [wallet-service] [           main] o.s.b.f.s.DefaultListableBeanFactory     : Creating shared instance of singleton bean 'org.springframework.boot.test.autoconfigure.web.servlet.MockMvcSecurityConfiguration'
2025-11-04T14:43:12.587-03:00 DEBUG 12244 --- [wallet-service] [           main] o.s.b.f.s.DefaultListableBeanFactory     : Autowiring by type from bean name 'mockMvcBuilder' via factory method to bean named 'springBootMockMvcBuilderCustomizer'
2025-11-04T14:43:12.587-03:00 DEBUG 12244 --- [wallet-service] [           main] o.s.b.f.s.DefaultListableBeanFactory     : Autowiring by type from bean name 'mockMvcBuilder' via factory method to bean named 'securityMockMvcBuilderCustomizer'
2025-11-04T14:43:12.592-03:00 DEBUG 12244 --- [wallet-service] [           main] o.s.b.f.s.DefaultListableBeanFactory     : Creating shared instance of singleton bean 'mockMvc'
2025-11-04T14:43:12.593-03:00 DEBUG 12244 --- [wallet-service] [           main] o.s.b.f.s.DefaultListableBeanFactory     : Autowiring by type from bean name 'mockMvc' via factory method to bean named 'mockMvcBuilder'
2025-11-04T14:43:12.593-03:00  INFO 12244 --- [wallet-service] [           main] o.s.b.t.m.w.SpringBootMockServletContext : Initializing Spring TestDispatcherServlet ''
2025-11-04T14:43:12.593-03:00  INFO 12244 --- [wallet-service] [           main] o.s.t.web.servlet.TestDispatcherServlet  : Initializing Servlet ''
2025-11-04T14:43:12.594-03:00 DEBUG 12244 --- [wallet-service] [           main] o.s.t.web.servlet.TestDispatcherServlet  : Detected AcceptHeaderLocaleResolver
2025-11-04T14:43:12.594-03:00 DEBUG 12244 --- [wallet-service] [           main] o.s.t.web.servlet.TestDispatcherServlet  : Detected FixedThemeResolver
2025-11-04T14:43:12.595-03:00 DEBUG 12244 --- [wallet-service] [           main] o.s.t.web.servlet.TestDispatcherServlet  : Detected org.springframework.web.servlet.view.DefaultRequestToViewNameTranslator@262f71ef
2025-11-04T14:43:12.595-03:00 DEBUG 12244 --- [wallet-service] [           main] o.s.t.web.servlet.TestDispatcherServlet  : Detected org.springframework.web.servlet.support.SessionFlashMapManager@6315b3f7
2025-11-04T14:43:12.595-03:00 DEBUG 12244 --- [wallet-service] [           main] o.s.t.web.servlet.TestDispatcherServlet  : enableLoggingRequestDetails='false': request parameters and headers will be masked to prevent unsafe logging of potentially sensitive data
2025-11-04T14:43:12.595-03:00  INFO 12244 --- [wallet-service] [           main] o.s.t.web.servlet.TestDispatcherServlet  : Completed initialization in 2 ms
2025-11-04T14:43:12.596-03:00 DEBUG 12244 --- [wallet-service] [           main] o.s.b.f.s.DefaultListableBeanFactory     : Creating shared instance of singleton bean 'org.springframework.boot.test.autoconfigure.web.servlet.MockMvcTesterConfiguration'
2025-11-04T14:43:12.597-03:00 DEBUG 12244 --- [wallet-service] [           main] o.s.b.f.s.DefaultListableBeanFactory     : Creating shared instance of singleton bean 'mockMvcTester'
2025-11-04T14:43:12.598-03:00 DEBUG 12244 --- [wallet-service] [           main] o.s.b.f.s.DefaultListableBeanFactory     : Autowiring by type from bean name 'mockMvcTester' via factory method to bean named 'mockMvc'
2025-11-04T14:43:12.600-03:00 DEBUG 12244 --- [wallet-service] [           main] o.s.b.f.s.DefaultListableBeanFactory     : Creating shared instance of singleton bean 'dispatcherServlet'
2025-11-04T14:43:12.600-03:00 DEBUG 12244 --- [wallet-service] [           main] o.s.b.f.s.DefaultListableBeanFactory     : Autowiring by type from bean name 'dispatcherServlet' via factory method to bean named 'mockMvc'
2025-11-04T14:43:12.619-03:00 DEBUG 12244 --- [wallet-service] [           main] o.s.c.support.DefaultLifecycleProcessor  : Starting beans in phase -2147483647
2025-11-04T14:43:12.619-03:00 DEBUG 12244 --- [wallet-service] [           main] o.s.c.support.DefaultLifecycleProcessor  : Successfully started bean 'springBootLoggingLifecycle'
2025-11-04T14:43:12.619-03:00 DEBUG 12244 --- [wallet-service] [           main] o.s.c.support.DefaultLifecycleProcessor  : Starting beans in phase 1073741823
2025-11-04T14:43:12.632-03:00 DEBUG 12244 --- [wallet-service] [           main] .s.b.a.l.ConditionEvaluationReportLogger : 


============================
CONDITIONS EVALUATION REPORT
============================


Positive matches:
-----------------

   CacheAutoConfiguration matched:
      - @ConditionalOnClass found required class 'org.springframework.cache.CacheManager' (OnClassCondition)
      - @ConditionalOnBean (types: org.springframework.cache.interceptor.CacheAspectSupport; SearchStrategy: all) found bean 'cacheInterceptor'; @ConditionalOnMissingBean (names: cacheResolver types: org.springframework.cache.CacheManager; SearchStrategy: all) did not find any beans (OnBeanCondition)

   CacheAutoConfiguration#cacheManagerCustomizers matched:
      - @ConditionalOnMissingBean (types: org.springframework.boot.autoconfigure.cache.CacheManagerCustomizers; SearchStrategy: all) did not find any beans (OnBeanCondition)

   ErrorMvcAutoConfiguration matched:
      - @ConditionalOnClass found required classes 'jakarta.servlet.Servlet', 'org.springframework.web.servlet.DispatcherServlet' (OnClassCondition)
      - found 'session' scope (OnWebApplicationCondition)

   ErrorMvcAutoConfiguration#basicErrorController matched:
      - @ConditionalOnMissingBean (types: org.springframework.boot.web.servlet.error.ErrorController; SearchStrategy: current) did not find any beans (OnBeanCondition)

   ErrorMvcAutoConfiguration#errorAttributes matched:
      - @ConditionalOnMissingBean (types: org.springframework.boot.web.servlet.error.ErrorAttributes; SearchStrategy: current) did not find any beans (OnBeanCondition)

   ErrorMvcAutoConfiguration.WhitelabelErrorViewConfiguration matched:
      - @ConditionalOnProperty (server.error.whitelabel.enabled) matched (OnPropertyCondition)
      - ErrorTemplate Missing did not find error template view (ErrorMvcAutoConfiguration.ErrorTemplateMissingCondition)

   ErrorMvcAutoConfiguration.WhitelabelErrorViewConfiguration#beanNameViewResolver matched:
[...]
2025-11-04T14:43:13.465-03:00 DEBUG 12244 --- [wallet-service] [           main] n.datafaker.service.FakeValuesService    : resExp(Name.suffix [[]]) current: Name(Faker@5ee1a359)@be694c0, root: Faker@5ee1a359, context: FakerContext{SingletonLocale{pt_BR}, RandomService@java.util.Random@7c5f244c}, regExpContext: RegExpContext[exp=Name.suffix, root=Faker@5ee1a359, context=FakerContext{SingletonLocale{pt_BR}, RandomService@java.util.Random@7c5f244c}] -> res: [MethodResolver[method=Name.suffix(), current=Name(Faker@5ee1a359)@be694c0, args=[]]]
2025-11-04T14:43:13.501-03:00 DEBUG 12244 --- [wallet-service] [           main] org.springframework.test.context.cache   : Spring test ApplicationContext cache statistics: [DefaultContextCache@4dd94931 size = 3, maxSize = 32, parentContextCount = 0, hitCount = 197, missCount = 3, failureCount = 0]
2025-11-04T14:43:13.508-03:00 DEBUG 12244 --- [wallet-service] [           main] o.s.test.util.ReflectionTestUtils        : Invoking method 'getFilters' on target object [FilterChainProxy[Filter Chains: null]] or target class [null] with arguments {org.springframework.mock.web.MockHttpServletRequest@5d948005}
2025-11-04T14:43:13.508-03:00 DEBUG 12244 --- [wallet-service] [           main] o.s.test.util.ReflectionTestUtils        : Invoking method 'getFilters' on target object [FilterChainProxy[Filter Chains: null]] or target class [null] with arguments {org.springframework.mock.web.MockHttpServletRequest@5d948005}
2025-11-04T14:43:13.508-03:00 DEBUG 12244 --- [wallet-service] [           main] o.s.test.util.ReflectionTestUtils        : Getting field 'securityContextRepository' from target object [org.springframework.security.web.context.SecurityContextHolderFilter@6a45af66] or target class [class org.springframework.security.web.context.SecurityContextHolderFilter]
2025-11-04T14:43:13.508-03:00 DEBUG 12244 --- [wallet-service] [           main] w.c.HttpSessionSecurityContextRepository : Created HttpSession as SecurityContext is non-default
2025-11-04T14:43:13.508-03:00 DEBUG 12244 --- [wallet-service] [           main] w.c.HttpSessionSecurityContextRepository : Stored SecurityContextImpl [Authentication=UsernamePasswordAuthenticationToken [Principal=org.springframework.security.core.userdetails.User [Username=user, Password=[PROTECTED], Enabled=true, AccountNonExpired=true, CredentialsNonExpired=true, AccountNonLocked=true, Granted Authorities=[ROLE_USER]], Credentials=[PROTECTED], Authenticated=true, Details=null, Granted Authorities=[ROLE_USER]]] to HttpSession [org.springframework.mock.web.MockHttpSession@794e544b]
2025-11-04T14:43:13.508-03:00 DEBUG 12244 --- [wallet-service] [           main] o.s.t.web.servlet.TestDispatcherServlet  : PUT "/wallet-services-api/api/wallets/4075", parameters={}
2025-11-04T14:43:13.509-03:00 DEBUG 12244 --- [wallet-service] [           main] s.w.s.m.m.a.RequestMappingHandlerMapping : Mapped to com.guga.walletserviceapi.controller.WalletController#updateWallet(Long, Wallet)
2025-11-04T14:43:13.516-03:00 DEBUG 12244 --- [wallet-service] [           main] m.m.a.RequestResponseBodyMethodProcessor : Read "application/json" to [Wallet(walletId=4075, customerId=1010, customer=Customer(customerId=1010, documentId=343.241.278-91, (truncated)...]
2025-11-04T14:43:13.551-03:00  WARN 12244 --- [wallet-service] [           main] .w.s.m.s.DefaultHandlerExceptionResolver : Resolved [org.springframework.web.bind.MethodArgumentNotValidException: Validation failed for argument [1] in public org.springframework.http.ResponseEntity<com.guga.walletserviceapi.model.Wallet> com.guga.walletserviceapi.controller.WalletController.updateWallet(java.lang.Long,com.guga.walletserviceapi.model.Wallet): [Field error in object 'wallet' on field 'loginUser': rejected value [null]; codes [NotNull.wallet.loginUser,NotNull.loginUser,NotNull.java.lang.String,NotNull]; arguments [org.springframework.context.support.DefaultMessageSourceResolvable: codes [wallet.loginUser,loginUser]; arguments []; default message [loginUser]]; default message [Login user cannot be null]] ]
2025-11-04T14:43:13.552-03:00 DEBUG 12244 --- [wallet-service] [           main] o.s.t.web.servlet.TestDispatcherServlet  : Completed 400 BAD_REQUEST
2025-11-04T14:43:13.553-03:00 DEBUG 12244 --- [wallet-service] [           main] org.springframework.test.context.cache   : Spring test ApplicationContext cache statistics: [DefaultContextCache@4dd94931 size = 3, maxSize = 32, parentContextCount = 0, hitCount = 198, missCount = 3, failureCount = 0]
2025-11-04T14:43:13.554-03:00 DEBUG 12244 --- [wallet-service] [           main] org.springframework.test.context.cache   : Spring test ApplicationContext cache statistics: [DefaultContextCache@4dd94931 size = 3, maxSize = 32, parentContextCount = 0, hitCount = 199, missCount = 3, failureCount = 0]
2025-11-04T14:43:13.554-03:00 DEBUG 12244 --- [wallet-service] [           main] org.springframework.test.context.cache   : Spring test ApplicationContext cache statistics: [DefaultContextCache@4dd94931 size = 3, maxSize = 32, parentContextCount = 0, hitCount = 200, missCount = 3, failureCount = 0]
2025-11-04T14:43:13.555-03:00 DEBUG 12244 --- [wallet-service] [           main] org.springframework.test.context.cache   : Spring test ApplicationContext cache statistics: [DefaultContextCache@4dd94931 size = 3, maxSize = 32, parentContextCount = 0, hitCount = 201, missCount = 3, failureCount = 0]
2025-11-04T14:43:13.556-03:00 DEBUG 12244 --- [wallet-service] [           main] org.springframework.test.context.cache   : Spring test ApplicationContext cache statistics: [DefaultContextCache@4dd94931 size = 3, maxSize = 32, parentContextCount = 0, hitCount = 202, missCount = 3, failureCount = 0]
2025-11-04T14:43:13.558-03:00 DEBUG 12244 --- [wallet-service] [           main] org.springframework.test.context.cache   : Spring test ApplicationContext cache statistics: [DefaultContextCache@4dd94931 size = 3, maxSize = 32, parentContextCount = 0, hitCount = 203, missCount = 3, failureCount = 0]
2025-11-04T14:43:13.559-03:00 DEBUG 12244 --- [wallet-service] [           main] org.springframework.test.context.cache   : Spring test ApplicationContext cache statistics: [DefaultContextCache@4dd94931 size = 3, maxSize = 32, parentContextCount = 0, hitCount = 204, missCount = 3, failureCount = 0]
2025-11-04T14:43:13.562-03:00 DEBUG 12244 --- [wallet-service] [           main] org.springframework.test.context.cache   : Spring test ApplicationContext cache statistics: [DefaultContextCache@4dd94931 size = 3, maxSize = 32, parentContextCount = 0, hitCount = 205, missCount = 3, failureCount = 0]
2025-11-04T14:43:13.562-03:00 DEBUG 12244 --- [wallet-service] [           main] .c.s.DirtiesContextTestExecutionListener : After test method: class [WalletControllerTest], method [sholdReturn200_WhenUpdateWalletExistentByID], class annotated with @DirtiesContext [false] with mode [null], method annotated with @DirtiesContext [false] with mode [null]
]]></system-out>
  </testcase>
  <testcase name="shouldReturn400_WhenRequestWalletByIdNotExists" classname="com.guga.walletserviceapi.controller.WalletControllerTest" time="0.091">
    <system-out><![CDATA[2025-11-04T14:43:13.599-03:00 DEBUG 12244 --- [wallet-service] [           main] org.springframework.test.context.cache   : Spring test ApplicationContext cache statistics: [DefaultContextCache@4dd94931 size = 3, maxSize = 32, parentContextCount = 0, hitCount = 206, missCount = 3, failureCount = 0]
2025-11-04T14:43:13.599-03:00 DEBUG 12244 --- [wallet-service] [           main] DependencyInjectionTestExecutionListener : Performing dependency injection for test class com.guga.walletserviceapi.controller.WalletControllerTest
2025-11-04T14:43:13.599-03:00 DEBUG 12244 --- [wallet-service] [           main] org.springframework.test.context.cache   : Spring test ApplicationContext cache statistics: [DefaultContextCache@4dd94931 size = 3, maxSize = 32, parentContextCount = 0, hitCount = 207, missCount = 3, failureCount = 0]
2025-11-04T14:43:13.600-03:00 DEBUG 12244 --- [wallet-service] [           main] org.springframework.test.context.cache   : Spring test ApplicationContext cache statistics: [DefaultContextCache@4dd94931 size = 3, maxSize = 32, parentContextCount = 0, hitCount = 208, missCount = 3, failureCount = 0]
2025-11-04T14:43:13.612-03:00 DEBUG 12244 --- [wallet-service] [           main] sContextBeforeModesTestExecutionListener : Before test method: class [WalletControllerTest], method [shouldReturn400_WhenRequestWalletByIdNotExists], class annotated with @DirtiesContext [false] with mode [null], method annotated with @DirtiesContext [false] with mode [null]
2025-11-04T14:43:13.614-03:00 DEBUG 12244 --- [wallet-service] [           main] org.springframework.test.context.cache   : Spring test ApplicationContext cache statistics: [DefaultContextCache@4dd94931 size = 3, maxSize = 32, parentContextCount = 0, hitCount = 209, missCount = 3, failureCount = 0]
2025-11-04T14:43:13.615-03:00 DEBUG 12244 --- [wallet-service] [           main] org.springframework.test.context.cache   : Spring test ApplicationContext cache statistics: [DefaultContextCache@4dd94931 size = 3, maxSize = 32, parentContextCount = 0, hitCount = 210, missCount = 3, failureCount = 0]
2025-11-04T14:43:13.616-03:00 DEBUG 12244 --- [wallet-service] [           main] org.springframework.test.context.cache   : Spring test ApplicationContext cache statistics: [DefaultContextCache@4dd94931 size = 3, maxSize = 32, parentContextCount = 0, hitCount = 211, missCount = 3, failureCount = 0]
2025-11-04T14:43:13.616-03:00 DEBUG 12244 --- [wallet-service] [           main] org.springframework.test.context.cache   : Spring test ApplicationContext cache statistics: [DefaultContextCache@4dd94931 size = 3, maxSize = 32, parentContextCount = 0, hitCount = 212, missCount = 3, failureCount = 0]
2025-11-04T14:43:13.617-03:00 DEBUG 12244 --- [wallet-service] [           main] org.springframework.test.context.cache   : Spring test ApplicationContext cache statistics: [DefaultContextCache@4dd94931 size = 3, maxSize = 32, parentContextCount = 0, hitCount = 213, missCount = 3, failureCount = 0]
2025-11-04T14:43:13.619-03:00 DEBUG 12244 --- [wallet-service] [           main] n.datafaker.service.FakeValuesService    : resExp(Name.firstName [[]]) current: Name(Faker@23701ff5)@be694c0, root: Faker@23701ff5, context: FakerContext{SingletonLocale{pt_BR}, RandomService@java.util.Random@7c5f244c}, regExpContext: RegExpContext[exp=Name.firstName, root=Faker@23701ff5, context=FakerContext{SingletonLocale{pt_BR}, RandomService@java.util.Random@7c5f244c}] -> res: [MethodResolver[method=Name.firstName(), current=Name(Faker@23701ff5)@be694c0, args=[]]]
2025-11-04T14:43:13.619-03:00 DEBUG 12244 --- [wallet-service] [           main] n.datafaker.service.FakeValuesService    : resExp(Name.femaleFirstName [[]]) current: Name(Faker@23701ff5)@be694c0, root: Faker@23701ff5, context: FakerContext{SingletonLocale{pt_BR}, RandomService@java.util.Random@7c5f244c}, regExpContext: RegExpContext[exp=Name.femaleFirstName, root=Faker@23701ff5, context=FakerContext{SingletonLocale{pt_BR}, RandomService@java.util.Random@7c5f244c}] -> res: [MethodResolver[method=Name.femaleFirstName(), current=Name(Faker@23701ff5)@be694c0, args=[]]]
2025-11-04T14:43:13.619-03:00 DEBUG 12244 --- [wallet-service] [           main] n.datafaker.service.FakeValuesService    : resExp(Name.lastName [[]]) current: Name(Faker@23701ff5)@be694c0, root: Faker@23701ff5, context: FakerContext{SingletonLocale{pt_BR}, RandomService@java.util.Random@7c5f244c}, regExpContext: RegExpContext[exp=Name.lastName, root=Faker@23701ff5, context=FakerContext{SingletonLocale{pt_BR}, RandomService@java.util.Random@7c5f244c}] -> res: [MethodResolver[method=Name.lastName(), current=Name(Faker@23701ff5)@be694c0, args=[]]]
2025-11-04T14:43:13.627-03:00 DEBUG 12244 --- [wallet-service] [           main] n.datafaker.service.FakeValuesService    : resExp(Name.maleFirstName [[]]) current: Name(Faker@23701ff5)@be694c0, root: Faker@23701ff5, context: FakerContext{SingletonLocale{pt_BR}, RandomService@java.util.Random@7c5f244c}, regExpContext: RegExpContext[exp=Name.maleFirstName, root=Faker@23701ff5, context=FakerContext{SingletonLocale{pt_BR}, RandomService@java.util.Random@7c5f244c}] -> res: [MethodResolver[method=Name.maleFirstName(), current=Name(Faker@23701ff5)@be694c0, args=[]]]
2025-11-04T14:43:13.627-03:00 DEBUG 12244 --- [wallet-service] [           main] n.datafaker.service.FakeValuesService    : resExp(Name.suffix [[]]) current: Name(Faker@23701ff5)@be694c0, root: Faker@23701ff5, context: FakerContext{SingletonLocale{pt_BR}, RandomService@java.util.Random@7c5f244c}, regExpContext: RegExpContext[exp=Name.suffix, root=Faker@23701ff5, context=FakerContext{SingletonLocale{pt_BR}, RandomService@java.util.Random@7c5f244c}] -> res: [MethodResolver[method=Name.suffix(), current=Name(Faker@23701ff5)@be694c0, args=[]]]
2025-11-04T14:43:13.630-03:00 DEBUG 12244 --- [wallet-service] [           main] n.datafaker.service.FakeValuesService    : resExp(Name.prefix [[]]) current: Name(Faker@23701ff5)@be694c0, root: Faker@23701ff5, context: FakerContext{SingletonLocale{pt_BR}, RandomService@java.util.Random@7c5f244c}, regExpContext: RegExpContext[exp=Name.prefix, root=Faker@23701ff5, context=FakerContext{SingletonLocale{pt_BR}, RandomService@java.util.Random@7c5f244c}] -> res: [MethodResolver[method=Name.prefix(), current=Name(Faker@23701ff5)@be694c0, args=[]]]
2025-11-04T14:43:13.664-03:00 DEBUG 12244 --- [wallet-service] [           main] org.springframework.test.context.cache   : Spring test ApplicationContext cache statistics: [DefaultContextCache@4dd94931 size = 3, maxSize = 32, parentContextCount = 0, hitCount = 214, missCount = 3, failureCount = 0]
2025-11-04T14:43:13.666-03:00 DEBUG 12244 --- [wallet-service] [           main] o.s.test.util.ReflectionTestUtils        : Invoking method 'getFilters' on target object [FilterChainProxy[Filter Chains: null]] or target class [null] with arguments {org.springframework.mock.web.MockHttpServletRequest@69b45d36}
2025-11-04T14:43:13.667-03:00 DEBUG 12244 --- [wallet-service] [           main] o.s.test.util.ReflectionTestUtils        : Invoking method 'getFilters' on target object [FilterChainProxy[Filter Chains: null]] or target class [null] with arguments {org.springframework.mock.web.MockHttpServletRequest@69b45d36}
2025-11-04T14:43:13.667-03:00 DEBUG 12244 --- [wallet-service] [           main] o.s.test.util.ReflectionTestUtils        : Getting field 'securityContextRepository' from target object [org.springframework.security.web.context.SecurityContextHolderFilter@6a45af66] or target class [class org.springframework.security.web.context.SecurityContextHolderFilter]
2025-11-04T14:43:13.667-03:00 DEBUG 12244 --- [wallet-service] [           main] w.c.HttpSessionSecurityContextRepository : Created HttpSession as SecurityContext is non-default
2025-11-04T14:43:13.667-03:00 DEBUG 12244 --- [wallet-service] [           main] w.c.HttpSessionSecurityContextRepository : Stored SecurityContextImpl [Authentication=UsernamePasswordAuthenticationToken [Principal=org.springframework.security.core.userdetails.User [Username=user, Password=[PROTECTED], Enabled=true, AccountNonExpired=true, CredentialsNonExpired=true, AccountNonLocked=true, Granted Authorities=[ROLE_USER]], Credentials=[PROTECTED], Authenticated=true, Details=null, Granted Authorities=[ROLE_USER]]] to HttpSession [org.springframework.mock.web.MockHttpSession@649e1f4c]
2025-11-04T14:43:13.667-03:00 DEBUG 12244 --- [wallet-service] [           main] o.s.t.web.servlet.TestDispatcherServlet  : GET "/wallet-services-api/api/wallets/4111", parameters={}
2025-11-04T14:43:13.669-03:00 DEBUG 12244 --- [wallet-service] [           main] s.w.s.m.m.a.RequestMappingHandlerMapping : Mapped to com.guga.walletserviceapi.controller.WalletController#getWalletById(Long)
2025-11-04T14:43:13.675-03:00 DEBUG 12244 --- [wallet-service] [           main] .m.m.a.ExceptionHandlerExceptionResolver : Using @ExceptionHandler com.guga.walletserviceapi.config.GlobalExceptionHandler#handleResourceNotFound(ResourceNotFoundException)
2025-11-04T14:43:13.677-03:00 DEBUG 12244 --- [wallet-service] [           main] o.s.w.s.m.m.a.HttpEntityMethodProcessor  : Using 'text/plain', given [*/*] and supported [text/plain, */*, application/json, application/*+json, application/yaml]
2025-11-04T14:43:13.677-03:00 DEBUG 12244 --- [wallet-service] [           main] o.s.w.s.m.m.a.HttpEntityMethodProcessor  : Writing ["Wallet not found. ID: 4111"]
2025-11-04T14:43:13.677-03:00 DEBUG 12244 --- [wallet-service] [           main] .m.m.a.ExceptionHandlerExceptionResolver : Resolved [com.guga.walletserviceapi.config.ResourceNotFoundException: Wallet not found. ID: 4111]
2025-11-04T14:43:13.677-03:00 DEBUG 12244 --- [wallet-service] [           main] o.s.t.web.servlet.TestDispatcherServlet  : Completed 404 NOT_FOUND
2025-11-04T14:43:13.680-03:00 DEBUG 12244 --- [wallet-service] [           main] org.springframework.test.context.cache   : Spring test ApplicationContext cache statistics: [DefaultContextCache@4dd94931 size = 3, maxSize = 32, parentContextCount = 0, hitCount = 215, missCount = 3, failureCount = 0]
2025-11-04T14:43:13.681-03:00 DEBUG 12244 --- [wallet-service] [           main] org.springframework.test.context.cache   : Spring test ApplicationContext cache statistics: [DefaultContextCache@4dd94931 size = 3, maxSize = 32, parentContextCount = 0, hitCount = 216, missCount = 3, failureCount = 0]
2025-11-04T14:43:13.683-03:00 DEBUG 12244 --- [wallet-service] [           main] org.springframework.test.context.cache   : Spring test ApplicationContext cache statistics: [DefaultContextCache@4dd94931 size = 3, maxSize = 32, parentContextCount = 0, hitCount = 217, missCount = 3, failureCount = 0]
2025-11-04T14:43:13.686-03:00 DEBUG 12244 --- [wallet-service] [           main] org.springframework.test.context.cache   : Spring test ApplicationContext cache statistics: [DefaultContextCache@4dd94931 size = 3, maxSize = 32, parentContextCount = 0, hitCount = 218, missCount = 3, failureCount = 0]
2025-11-04T14:43:13.686-03:00 DEBUG 12244 --- [wallet-service] [           main] org.springframework.test.context.cache   : Spring test ApplicationContext cache statistics: [DefaultContextCache@4dd94931 size = 3, maxSize = 32, parentContextCount = 0, hitCount = 219, missCount = 3, failureCount = 0]
2025-11-04T14:43:13.687-03:00 DEBUG 12244 --- [wallet-service] [           main] org.springframework.test.context.cache   : Spring test ApplicationContext cache statistics: [DefaultContextCache@4dd94931 size = 3, maxSize = 32, parentContextCount = 0, hitCount = 220, missCount = 3, failureCount = 0]
2025-11-04T14:43:13.691-03:00 DEBUG 12244 --- [wallet-service] [           main] org.springframework.test.context.cache   : Spring test ApplicationContext cache statistics: [DefaultContextCache@4dd94931 size = 3, maxSize = 32, parentContextCount = 0, hitCount = 221, missCount = 3, failureCount = 0]
2025-11-04T14:43:13.691-03:00 DEBUG 12244 --- [wallet-service] [           main] org.springframework.test.context.cache   : Spring test ApplicationContext cache statistics: [DefaultContextCache@4dd94931 size = 3, maxSize = 32, parentContextCount = 0, hitCount = 222, missCount = 3, failureCount = 0]
2025-11-04T14:43:13.691-03:00 DEBUG 12244 --- [wallet-service] [           main] .c.s.DirtiesContextTestExecutionListener : After test method: class [WalletControllerTest], method [shouldReturn400_WhenRequestWalletByIdNotExists], class annotated with @DirtiesContext [false] with mode [null], method annotated with @DirtiesContext [false] with mode [null]
]]></system-out>
  </testcase>
</testsuite>