<?xml version="1.0" encoding="UTF-8"?>
<testsuite xmlns:xsi="http://www.w3.org/2001/XMLSchema-instance" xsi:noNamespaceSchemaLocation="https://maven.apache.org/surefire/maven-surefire-plugin/xsd/surefire-test-report.xsd" version="3.0.2" name="com.guga.walletserviceapi.controller.CustomerControllerTest" time="24.19" tests="6" errors="0" skipped="0" failures="0">
  <properties>
[...]
</properties>
  <testcase name="shouldReturn404WhenNoCustomersFound" classname="com.guga.walletserviceapi.controller.CustomerControllerTest" time="2.372">
    <system-out><![CDATA[14:42:43.780 [main] INFO org.springframework.test.context.support.AnnotationConfigContextLoaderUtils -- Could not detect default configuration classes for test class [com.guga.walletserviceapi.controller.CustomerControllerTest]: CustomerControllerTest does not declare any static, non-private, non-final, nested classes annotated with @Configuration.
14:42:44.574 [main] INFO org.springframework.boot.test.context.SpringBootTestContextBootstrapper -- Found @SpringBootConfiguration com.guga.walletserviceapi.WalletServiceApplication for test class com.guga.walletserviceapi.controller.CustomerControllerTest
14:42:44.964 [main] INFO org.springframework.boot.devtools.restart.RestartApplicationListener -- Restart disabled due to context in which it is running

  .   ____          _            __ _ _
 /\\ / ___'_ __ _ _(_)_ __  __ _ \ \ \ \
( ( )\___ | '_ | '_| | '_ \/ _` | \ \ \ \
 \\/  ___)| |_)| | | | | || (_| |  ) ) ) )
  '  |____| .__|_| |_|_| |_\__, | / / / /
 =========|_|==============|___/=/_/_/_/

 :: Spring Boot ::               (v3.4.10)

2025-11-04T14:42:46.551-03:00 DEBUG 12244 --- [wallet-service] [kground-preinit] org.jboss.logging                        : Logging Provider: org.jboss.logging.Slf4jLoggerProvider found via system property
2025-11-04T14:42:46.605-03:00 DEBUG 12244 --- [wallet-service] [kground-preinit] o.h.v.i.xml.config.ValidationXmlParser   : Trying to load META-INF/validation.xml for XML based Validator configuration.
2025-11-04T14:42:46.608-03:00 DEBUG 12244 --- [wallet-service] [kground-preinit] o.h.v.i.xml.config.ResourceLoaderHelper  : Trying to load META-INF/validation.xml via TCCL
2025-11-04T14:42:46.609-03:00 DEBUG 12244 --- [wallet-service] [kground-preinit] o.h.v.i.xml.config.ResourceLoaderHelper  : Trying to load META-INF/validation.xml via Hibernate Validator's class loader
2025-11-04T14:42:46.610-03:00 DEBUG 12244 --- [wallet-service] [kground-preinit] o.h.v.i.xml.config.ValidationXmlParser   : No META-INF/validation.xml found. Using annotation based configuration only.
2025-11-04T14:42:46.650-03:00 DEBUG 12244 --- [wallet-service] [kground-preinit] o.h.v.i.e.resolver.TraversableResolvers  : Found jakarta.persistence.Persistence on classpath containing 'getPersistenceUtil'. Assuming JPA 2 environment. Trying to instantiate JPA aware TraversableResolver
2025-11-04T14:42:46.652-03:00 DEBUG 12244 --- [wallet-service] [kground-preinit] o.h.v.i.e.resolver.TraversableResolvers  : Instantiated JPA aware TraversableResolver of type org.hibernate.validator.internal.engine.resolver.JPATraversableResolver.
2025-11-04T14:42:46.847-03:00 DEBUG 12244 --- [wallet-service] [kground-preinit] .h.v.m.ResourceBundleMessageInterpolator : Loaded expression factory via original TCCL
2025-11-04T14:42:46.856-03:00  INFO 12244 --- [wallet-service] [           main] c.g.w.controller.CustomerControllerTest  : Starting CustomerControllerTest using Java 17.0.10 with PID 12244 (started by guga-note in D:\Desenv\projects\git-gustavo1282\feature-junit-test-v1\wallet-service-api)
2025-11-04T14:42:46.857-03:00 DEBUG 12244 --- [wallet-service] [           main] c.g.w.controller.CustomerControllerTest  : Running with Spring Boot v3.4.10, Spring v6.2.11
2025-11-04T14:42:46.859-03:00  INFO 12244 --- [wallet-service] [           main] c.g.w.controller.CustomerControllerTest  : The following 1 profile is active: "test"
2025-11-04T14:42:46.861-03:00 DEBUG 12244 --- [wallet-service] [           main] o.s.boot.SpringApplication               : Loading source class com.guga.walletserviceapi.WalletServiceApplication
2025-11-04T14:42:46.925-03:00 DEBUG 12244 --- [wallet-service] [           main] o.s.w.c.s.GenericWebApplicationContext   : Refreshing org.springframework.web.context.support.GenericWebApplicationContext@7afbf2a0
2025-11-04T14:42:47.008-03:00 DEBUG 12244 --- [wallet-service] [           main] o.s.b.f.s.DefaultListableBeanFactory     : Creating shared instance of singleton bean 'org.springframework.context.annotation.internalConfigurationAnnotationProcessor'
2025-11-04T14:42:47.507-03:00 DEBUG 12244 --- [wallet-service] [           main] o.s.b.f.s.DefaultListableBeanFactory     : Creating shared instance of singleton bean 'org.springframework.boot.autoconfigure.internalCachingMetadataReaderFactory'
2025-11-04T14:42:48.294-03:00 DEBUG 12244 --- [wallet-service] [           main] o.s.c.a.ClassPathBeanDefinitionScanner   : Identified candidate component class: file [D:\Desenv\projects\git-gustavo1282\feature-junit-test-v1\wallet-service-api\target\classes\com\guga\walletserviceapi\config\GlobalExceptionHandler.class]
2025-11-04T14:42:48.359-03:00 DEBUG 12244 --- [wallet-service] [kground-preinit] .i.e.ValidatorFactoryConfigurationHelper : HV000252: Using org.hibernate.validator.internal.engine.DefaultPropertyNodeNameProvider as property node name provider.
2025-11-04T14:42:48.394-03:00 DEBUG 12244 --- [wallet-service] [           main] o.s.c.a.ClassPathBeanDefinitionScanner   : Identified candidate component class: file [D:\Desenv\projects\git-gustavo1282\feature-junit-test-v1\wallet-service-api\target\classes\com\guga\walletserviceapi\controller\CustomerController.class]
2025-11-04T14:42:48.419-03:00 DEBUG 12244 --- [wallet-service] [kground-preinit] .i.e.ValidatorFactoryConfigurationHelper : HV000234: Using org.hibernate.validator.messageinterpolation.ResourceBundleMessageInterpolator as ValidatorFactory-scoped message interpolator.
2025-11-04T14:42:48.420-03:00 DEBUG 12244 --- [wallet-service] [kground-preinit] .i.e.ValidatorFactoryConfigurationHelper : HV000234: Using org.hibernate.validator.internal.engine.resolver.JPATraversableResolver as ValidatorFactory-scoped traversable resolver.
2025-11-04T14:42:48.420-03:00 DEBUG 12244 --- [wallet-service] [kground-preinit] .i.e.ValidatorFactoryConfigurationHelper : HV000234: Using org.hibernate.validator.internal.util.ExecutableParameterNameProvider as ValidatorFactory-scoped parameter name provider.
2025-11-04T14:42:48.421-03:00 DEBUG 12244 --- [wallet-service] [kground-preinit] .i.e.ValidatorFactoryConfigurationHelper : HV000234: Using org.hibernate.validator.internal.engine.DefaultClockProvider as ValidatorFactory-scoped clock provider.
2025-11-04T14:42:48.421-03:00 DEBUG 12244 --- [wallet-service] [kground-preinit] .i.e.ValidatorFactoryConfigurationHelper : HV000234: Using org.hibernate.validator.internal.engine.scripting.DefaultScriptEvaluatorFactory as ValidatorFactory-scoped script evaluator factory.
2025-11-04T14:42:51.200-03:00 DEBUG 12244 --- [wallet-service] [           main] o.s.b.f.s.DefaultListableBeanFactory     : Creating shared instance of singleton bean 'org.springframework.boot.test.context.ImportsContextCustomizer$ImportsCleanupPostProcessor'
2025-11-04T14:42:51.225-03:00 DEBUG 12244 --- [wallet-service] [           main] o.s.b.f.s.DefaultListableBeanFactory     : Creating shared instance of singleton bean 'springSecurityHandlerMappingIntrospectorBeanDefinitionRegistryPostProcessor'
2025-11-04T14:42:51.240-03:00 DEBUG 12244 --- [wallet-service] [           main] o.s.b.f.s.DefaultListableBeanFactory     : Creating shared instance of singleton bean 'org.springframework.boot.test.mock.mockito.MockitoPostProcessor'
2025-11-04T14:42:54.520-03:00 DEBUG 12244 --- [wallet-service] [           main] o.s.b.f.s.DefaultListableBeanFactory     : Creating shared instance of singleton bean 'org.springframework.context.event.internalEventListenerProcessor'
2025-11-04T14:42:54.534-03:00 DEBUG 12244 --- [wallet-service] [           main] o.s.b.f.s.DefaultListableBeanFactory     : Creating shared instance of singleton bean 'preserveErrorControllerTargetClassPostProcessor'
2025-11-04T14:42:54.536-03:00 DEBUG 12244 --- [wallet-service] [           main] o.s.b.f.s.DefaultListableBeanFactory     : Creating shared instance of singleton bean 'conversionServicePostProcessor'
2025-11-04T14:42:54.589-03:00 DEBUG 12244 --- [wallet-service] [           main] o.s.b.f.s.DefaultListableBeanFactory     : Creating shared instance of singleton bean 'org.springframework.context.event.internalEventListenerFactory'
2025-11-04T14:42:54.645-03:00 DEBUG 12244 --- [wallet-service] [           main] o.s.b.f.s.DefaultListableBeanFactory     : Creating shared instance of singleton bean 'org.springframework.context.annotation.internalAutowiredAnnotationProcessor'
2025-11-04T14:42:54.708-03:00 DEBUG 12244 --- [wallet-service] [           main] o.s.b.f.s.DefaultListableBeanFactory     : Creating shared instance of singleton bean 'org.springframework.context.annotation.internalCommonAnnotationProcessor'
2025-11-04T14:42:54.737-03:00 DEBUG 12244 --- [wallet-service] [           main] o.s.b.f.s.DefaultListableBeanFactory     : Creating shared instance of singleton bean 'org.springframework.context.annotation.internalPersistenceAnnotationProcessor'
2025-11-04T14:42:54.738-03:00 DEBUG 12244 --- [wallet-service] [           main] o.s.b.f.s.DefaultListableBeanFactory     : Creating shared instance of singleton bean 'org.springframework.boot.test.mock.mockito.MockitoPostProcessor$SpyPostProcessor'
2025-11-04T14:42:54.743-03:00 DEBUG 12244 --- [wallet-service] [           main] o.s.b.f.s.DefaultListableBeanFactory     : Creating shared instance of singleton bean 'org.springframework.boot.context.properties.ConfigurationPropertiesBindingPostProcessor'
2025-11-04T14:42:54.770-03:00 DEBUG 12244 --- [wallet-service] [           main] o.s.b.f.s.DefaultListableBeanFactory     : Creating shared instance of singleton bean 'org.springframework.boot.context.internalConfigurationPropertiesBinder'
2025-11-04T14:42:54.796-03:00 DEBUG 12244 --- [wallet-service] [           main] o.s.b.f.s.DefaultListableBeanFactory     : Creating shared instance of singleton bean 'org.springframework.aop.config.internalAutoProxyCreator'
2025-11-04T14:42:54.961-03:00 DEBUG 12244 --- [wallet-service] [           main] o.s.b.f.s.DefaultListableBeanFactory     : Creating shared instance of singleton bean 'methodValidationPostProcessor'
2025-11-04T14:42:54.993-03:00 DEBUG 12244 --- [wallet-service] [           main] o.s.b.f.s.DefaultListableBeanFactory     : Autowiring by type from bean name 'methodValidationPostProcessor' via factory method to bean named 'environment'
2025-11-04T14:42:54.999-03:00 DEBUG 12244 --- [wallet-service] [           main] o.s.b.f.s.DefaultListableBeanFactory     : Creating shared instance of singleton bean 'org.springframework.boot.context.properties.EnableConfigurationPropertiesRegistrar.methodValidationExcludeFilter'
2025-11-04T14:42:55.206-03:00 DEBUG 12244 --- [wallet-service] [           main] o.s.b.f.s.DefaultListableBeanFactory     : Creating shared instance of singleton bean 'projectingArgumentResolverBeanPostProcessor'
2025-11-04T14:42:55.370-03:00 DEBUG 12244 --- [wallet-service] [           main] o.s.b.f.s.DefaultListableBeanFactory     : Creating shared instance of singleton bean 'org.springframework.cache.config.internalCacheAdvisor'
2025-11-04T14:42:55.370-03:00 DEBUG 12244 --- [wallet-service] [           main] o.s.b.f.s.DefaultListableBeanFactory     : Creating shared instance of singleton bean 'org.springframework.cache.annotation.ProxyCachingConfiguration'
2025-11-04T14:42:55.396-03:00 DEBUG 12244 --- [wallet-service] [           main] o.s.b.f.s.DefaultListableBeanFactory     : Creating shared instance of singleton bean 'cacheOperationSource'
2025-11-04T14:42:55.432-03:00 DEBUG 12244 --- [wallet-service] [           main] o.s.b.f.s.DefaultListableBeanFactory     : Creating shared instance of singleton bean 'cacheInterceptor'
2025-11-04T14:42:55.433-03:00 DEBUG 12244 --- [wallet-service] [           main] o.s.b.f.s.DefaultListableBeanFactory     : Autowiring by type from bean name 'cacheInterceptor' via factory method to bean named 'cacheOperationSource'
2025-11-04T14:42:55.570-03:00 DEBUG 12244 --- [wallet-service] [           main] o.s.b.f.s.DefaultListableBeanFactory     : Autowiring by type from bean name 'org.springframework.cache.config.internalCacheAdvisor' via factory method to bean named 'cacheOperationSource'
2025-11-04T14:42:55.571-03:00 DEBUG 12244 --- [wallet-service] [           main] o.s.b.f.s.DefaultListableBeanFactory     : Autowiring by type from bean name 'org.springframework.cache.config.internalCacheAdvisor' via factory method to bean named 'cacheInterceptor'
2025-11-04T14:42:55.787-03:00 DEBUG 12244 --- [wallet-service] [           main] o.s.u.c.s.UiApplicationContextUtils      : Unable to locate ThemeSource with name 'themeSource': using default [org.springframework.ui.context.support.ResourceBundleThemeSource@5ed4c87]
2025-11-04T14:42:55.794-03:00 DEBUG 12244 --- [wallet-service] [           main] o.s.b.f.s.DefaultListableBeanFactory     : Creating shared instance of singleton bean 'org.springframework.test.context.support.internalDynamicPropertyRegistrarBeanInitializer'
2025-11-04T14:42:55.807-03:00 DEBUG 12244 --- [wallet-service] [           main] o.s.b.f.s.DefaultListableBeanFactory     : Creating shared instance of singleton bean 'walletServiceApplication'
2025-11-04T14:42:55.839-03:00 DEBUG 12244 --- [wallet-service] [           main] o.s.b.f.s.DefaultListableBeanFactory     : Creating shared instance of singleton bean 'globalExceptionHandler'
2025-11-04T14:42:55.979-03:00 DEBUG 12244 --- [wallet-service] [           main] o.s.b.f.s.DefaultListableBeanFactory     : Creating shared instance of singleton bean 'customerController'
2025-11-04T14:42:56.061-03:00 DEBUG 12244 --- [wallet-service] [           main] o.s.b.f.s.DefaultListableBeanFactory     : Autowiring by type from bean name 'customerController' via constructor to bean named 'com.guga.walletserviceapi.service.CustomerService#0'
2025-11-04T14:42:56.142-03:00 DEBUG 12244 --- [wallet-service] [           main] o.s.b.f.s.DefaultListableBeanFactory     : Creating shared instance of singleton bean 'org.springframework.boot.autoconfigure.AutoConfigurationPackages'
2025-11-04T14:42:56.174-03:00 DEBUG 12244 --- [wallet-service] [           main] o.s.b.f.s.DefaultListableBeanFactory     : Creating shared instance of singleton bean 'org.springframework.boot.autoconfigure.task.TaskExecutorConfigurations$ThreadPoolTaskExecutorBuilderConfiguration'
2025-11-04T14:42:56.179-03:00 DEBUG 12244 --- [wallet-service] [           main] o.s.b.f.s.DefaultListableBeanFactory     : Creating shared instance of singleton bean 'threadPoolTaskExecutorBuilder'
2025-11-04T14:42:56.192-03:00 DEBUG 12244 --- [wallet-service] [           main] o.s.b.f.s.DefaultListableBeanFactory     : Creating shared instance of singleton bean 'spring.task.execution-org.springframework.boot.autoconfigure.task.TaskExecutionProperties'
2025-11-04T14:42:56.199-03:00 DEBUG 12244 --- [wallet-service] [           main] o.s.b.f.s.DefaultListableBeanFactory     : Creating shared instance of singleton bean 'org.springframework.boot.context.properties.BoundConfigurationProperties'
2025-11-04T14:42:56.333-03:00 DEBUG 12244 --- [wallet-service] [           main] o.s.b.f.s.DefaultListableBeanFactory     : Autowiring by type from bean name 'threadPoolTaskExecutorBuilder' via factory method to bean named 'spring.task.execution-org.springframework.boot.autoconfigure.task.TaskExecutionProperties'
2025-11-04T14:42:56.354-03:00 DEBUG 12244 --- [wallet-service] [           main] o.s.b.f.s.DefaultListableBeanFactory     : Creating shared instance of singleton bean 'org.springframework.boot.autoconfigure.task.TaskExecutorConfigurations$SimpleAsyncTaskExecutorBuilderConfiguration'
2025-11-04T14:42:56.361-03:00 DEBUG 12244 --- [wallet-service] [           main] o.s.b.f.s.DefaultListableBeanFactory     : Autowiring by type from bean name 'org.springframework.boot.autoconfigure.task.TaskExecutorConfigurations$SimpleAsyncTaskExecutorBuilderConfiguration' via constructor to bean named 'spring.task.execution-org.springframework.boot.autoconfigure.task.TaskExecutionProperties'
2025-11-04T14:42:56.368-03:00 DEBUG 12244 --- [wallet-service] [           main] o.s.b.f.s.DefaultListableBeanFactory     : Creating shared instance of singleton bean 'simpleAsyncTaskExecutorBuilder'
2025-11-04T14:42:56.400-03:00 DEBUG 12244 --- [wallet-service] [           main] o.s.b.f.s.DefaultListableBeanFactory     : Creating shared instance of singleton bean 'org.springframework.boot.autoconfigure.task.TaskExecutorConfigurations$TaskExecutorConfiguration'
2025-11-04T14:42:56.409-03:00 DEBUG 12244 --- [wallet-service] [           main] o.s.b.f.s.DefaultListableBeanFactory     : Creating shared instance of singleton bean 'org.springframework.boot.autoconfigure.task.TaskExecutionAutoConfiguration'
2025-11-04T14:42:56.411-03:00 DEBUG 12244 --- [wallet-service] [           main] o.s.b.f.s.DefaultListableBeanFactory     : Creating shared instance of singleton bean 'org.springframework.boot.autoconfigure.validation.ValidationAutoConfiguration'
2025-11-04T14:42:56.422-03:00 DEBUG 12244 --- [wallet-service] [           main] o.s.b.f.s.DefaultListableBeanFactory     : Creating shared instance of singleton bean 'defaultValidator'
2025-11-04T14:42:56.424-03:00 DEBUG 12244 --- [wallet-service] [           main] o.s.b.f.s.DefaultListableBeanFactory     : Autowiring by type from bean name 'defaultValidator' via factory method to bean named 'org.springframework.web.context.support.GenericWebApplicationContext@7afbf2a0'
2025-11-04T14:42:56.441-03:00 DEBUG 12244 --- [wallet-service] [           main] .h.v.m.ResourceBundleMessageInterpolator : Loaded expression factory via original TCCL
2025-11-04T14:42:56.501-03:00 DEBUG 12244 --- [wallet-service] [           main] o.h.v.i.e.AbstractConfigurationImpl      : Setting custom MessageInterpolator of type org.springframework.validation.beanvalidation.LocaleContextMessageInterpolator
2025-11-04T14:42:56.503-03:00 DEBUG 12244 --- [wallet-service] [           main] o.h.v.i.e.AbstractConfigurationImpl      : Setting custom ConstraintValidatorFactory of type org.springframework.validation.beanvalidation.SpringConstraintValidatorFactory
2025-11-04T14:42:56.511-03:00 DEBUG 12244 --- [wallet-service] [           main] o.h.v.i.xml.config.ValidationXmlParser   : Trying to load META-INF/validation.xml for XML based Validator configuration.
2025-11-04T14:42:56.516-03:00 DEBUG 12244 --- [wallet-service] [           main] o.h.v.i.xml.config.ResourceLoaderHelper  : Trying to load META-INF/validation.xml via user class loader
2025-11-04T14:42:56.517-03:00 DEBUG 12244 --- [wallet-service] [           main] o.h.v.i.xml.config.ResourceLoaderHelper  : Trying to load META-INF/validation.xml via TCCL
2025-11-04T14:42:56.518-03:00 DEBUG 12244 --- [wallet-service] [           main] o.h.v.i.xml.config.ResourceLoaderHelper  : Trying to load META-INF/validation.xml via Hibernate Validator's class loader
2025-11-04T14:42:56.521-03:00 DEBUG 12244 --- [wallet-service] [           main] o.h.v.i.xml.config.ValidationXmlParser   : No META-INF/validation.xml found. Using annotation based configuration only.
2025-11-04T14:42:56.521-03:00 DEBUG 12244 --- [wallet-service] [           main] o.h.v.i.e.resolver.TraversableResolvers  : Found jakarta.persistence.Persistence on classpath containing 'getPersistenceUtil'. Assuming JPA 2 environment. Trying to instantiate JPA aware TraversableResolver
2025-11-04T14:42:56.522-03:00 DEBUG 12244 --- [wallet-service] [           main] o.h.v.i.e.resolver.TraversableResolvers  : Instantiated JPA aware TraversableResolver of type org.hibernate.validator.internal.engine.resolver.JPATraversableResolver.
2025-11-04T14:42:56.535-03:00 DEBUG 12244 --- [wallet-service] [           main] .i.e.ValidatorFactoryConfigurationHelper : HV000252: Using org.hibernate.validator.internal.engine.DefaultPropertyNodeNameProvider as property node name provider.
2025-11-04T14:42:56.539-03:00 DEBUG 12244 --- [wallet-service] [           main] .i.e.ValidatorFactoryConfigurationHelper : HV000234: Using org.springframework.validation.beanvalidation.LocaleContextMessageInterpolator as ValidatorFactory-scoped message interpolator.
2025-11-04T14:42:56.540-03:00 DEBUG 12244 --- [wallet-service] [           main] .i.e.ValidatorFactoryConfigurationHelper : HV000234: Using org.hibernate.validator.internal.engine.resolver.JPATraversableResolver as ValidatorFactory-scoped traversable resolver.
2025-11-04T14:42:56.541-03:00 DEBUG 12244 --- [wallet-service] [           main] .i.e.ValidatorFactoryConfigurationHelper : HV000234: Using org.hibernate.validator.internal.util.ExecutableParameterNameProvider as ValidatorFactory-scoped parameter name provider.
2025-11-04T14:42:56.542-03:00 DEBUG 12244 --- [wallet-service] [           main] .i.e.ValidatorFactoryConfigurationHelper : HV000234: Using org.hibernate.validator.internal.engine.DefaultClockProvider as ValidatorFactory-scoped clock provider.
2025-11-04T14:42:56.543-03:00 DEBUG 12244 --- [wallet-service] [           main] .i.e.ValidatorFactoryConfigurationHelper : HV000234: Using org.hibernate.validator.internal.engine.scripting.DefaultScriptEvaluatorFactory as ValidatorFactory-scoped script evaluator factory.
2025-11-04T14:42:56.625-03:00 DEBUG 12244 --- [wallet-service] [           main] o.s.b.f.s.DefaultListableBeanFactory     : Creating shared instance of singleton bean 'org.springframework.boot.autoconfigure.web.servlet.error.ErrorMvcAutoConfiguration$WhitelabelErrorViewConfiguration'
2025-11-04T14:42:56.634-03:00 DEBUG 12244 --- [wallet-service] [           main] o.s.b.f.s.DefaultListableBeanFactory     : Creating shared instance of singleton bean 'error'
2025-11-04T14:42:56.650-03:00 DEBUG 12244 --- [wallet-service] [           main] o.s.b.f.s.DefaultListableBeanFactory     : Creating shared instance of singleton bean 'beanNameViewResolver'
2025-11-04T14:42:56.666-03:00 DEBUG 12244 --- [wallet-service] [           main] o.s.b.f.s.DefaultListableBeanFactory     : Creating shared instance of singleton bean 'org.springframework.boot.autoconfigure.web.servlet.error.ErrorMvcAutoConfiguration$DefaultErrorViewResolverConfiguration'
2025-11-04T14:42:56.672-03:00 DEBUG 12244 --- [wallet-service] [           main] o.s.b.f.s.DefaultListableBeanFactory     : Creating shared instance of singleton bean 'spring.web-org.springframework.boot.autoconfigure.web.WebProperties'
2025-11-04T14:42:56.734-03:00 DEBUG 12244 --- [wallet-service] [           main] o.s.b.f.s.DefaultListableBeanFactory     : Autowiring by type from bean name 'org.springframework.boot.autoconfigure.web.servlet.error.ErrorMvcAutoConfiguration$DefaultErrorViewResolverConfiguration' via constructor to bean named 'org.springframework.web.context.support.GenericWebApplicationContext@7afbf2a0'
2025-11-04T14:42:56.736-03:00 DEBUG 12244 --- [wallet-service] [           main] o.s.b.f.s.DefaultListableBeanFactory     : Autowiring by type from bean name 'org.springframework.boot.autoconfigure.web.servlet.error.ErrorMvcAutoConfiguration$DefaultErrorViewResolverConfiguration' via constructor to bean named 'spring.web-org.springframework.boot.autoconfigure.web.WebProperties'
2025-11-04T14:42:56.739-03:00 DEBUG 12244 --- [wallet-service] [           main] o.s.b.f.s.DefaultListableBeanFactory     : Creating shared instance of singleton bean 'spring.mvc-org.springframework.boot.autoconfigure.web.servlet.WebMvcProperties'
2025-11-04T14:42:56.927-03:00 DEBUG 12244 --- [wallet-service] [           main] o.s.b.f.s.DefaultListableBeanFactory     : Creating shared instance of singleton bean 'org.springframework.boot.autoconfigure.web.servlet.error.ErrorMvcAutoConfiguration'
2025-11-04T14:42:56.931-03:00 DEBUG 12244 --- [wallet-service] [           main] o.s.b.f.s.DefaultListableBeanFactory     : Creating shared instance of singleton bean 'server-org.springframework.boot.autoconfigure.web.ServerProperties'
2025-11-04T14:42:57.121-03:00 DEBUG 12244 --- [wallet-service] [           main] o.s.b.f.s.DefaultListableBeanFactory     : Autowiring by type from bean name 'org.springframework.boot.autoconfigure.web.servlet.error.ErrorMvcAutoConfiguration' via constructor to bean named 'server-org.springframework.boot.autoconfigure.web.ServerProperties'
2025-11-04T14:42:57.126-03:00 DEBUG 12244 --- [wallet-service] [           main] o.s.b.f.s.DefaultListableBeanFactory     : Creating shared instance of singleton bean 'errorAttributes'
2025-11-04T14:42:57.234-03:00 DEBUG 12244 --- [wallet-service] [           main] o.s.b.f.s.DefaultListableBeanFactory     : Creating shared instance of singleton bean 'basicErrorController'
2025-11-04T14:42:57.238-03:00 DEBUG 12244 --- [wallet-service] [           main] o.s.b.f.s.DefaultListableBeanFactory     : Autowiring by type from bean name 'basicErrorController' via factory method to bean named 'errorAttributes'
2025-11-04T14:42:57.257-03:00 DEBUG 12244 --- [wallet-service] [           main] o.s.b.f.s.DefaultListableBeanFactory     : Creating shared instance of singleton bean 'errorPageCustomizer'
2025-11-04T14:42:57.258-03:00 DEBUG 12244 --- [wallet-service] [           main] o.s.b.f.s.DefaultListableBeanFactory     : Creating shared instance of singleton bean 'dispatcherServletPath'
2025-11-04T14:42:57.259-03:00 DEBUG 12244 --- [wallet-service] [           main] o.s.b.f.s.DefaultListableBeanFactory     : Creating shared instance of singleton bean 'org.springframework.boot.test.autoconfigure.web.servlet.MockMvcAutoConfiguration'
2025-11-04T14:42:57.287-03:00 DEBUG 12244 --- [wallet-service] [           main] o.s.b.f.s.DefaultListableBeanFactory     : Autowiring by type from bean name 'dispatcherServletPath' via factory method to bean named 'spring.mvc-org.springframework.boot.autoconfigure.web.servlet.WebMvcProperties'
2025-11-04T14:42:57.293-03:00 DEBUG 12244 --- [wallet-service] [           main] o.s.b.f.s.DefaultListableBeanFactory     : Autowiring by type from bean name 'errorPageCustomizer' via factory method to bean named 'dispatcherServletPath'
2025-11-04T14:42:57.301-03:00 DEBUG 12244 --- [wallet-service] [           main] o.s.b.f.s.DefaultListableBeanFactory     : Creating shared instance of singleton bean 'org.springframework.boot.autoconfigure.web.servlet.WebMvcAutoConfiguration$EnableWebMvcConfiguration'
2025-11-04T14:42:57.306-03:00 DEBUG 12244 --- [wallet-service] [           main] o.s.b.f.s.DefaultListableBeanFactory     : Autowiring by type from bean name 'org.springframework.boot.autoconfigure.web.servlet.WebMvcAutoConfiguration$EnableWebMvcConfiguration' via constructor to bean named 'spring.mvc-org.springframework.boot.autoconfigure.web.servlet.WebMvcProperties'
2025-11-04T14:42:57.306-03:00 DEBUG 12244 --- [wallet-service] [           main] o.s.b.f.s.DefaultListableBeanFactory     : Autowiring by type from bean name 'org.springframework.boot.autoconfigure.web.servlet.WebMvcAutoConfiguration$EnableWebMvcConfiguration' via constructor to bean named 'spring.web-org.springframework.boot.autoconfigure.web.WebProperties'
2025-11-04T14:42:57.306-03:00 DEBUG 12244 --- [wallet-service] [           main] o.s.b.f.s.DefaultListableBeanFactory     : Autowiring by type from bean name 'org.springframework.boot.autoconfigure.web.servlet.WebMvcAutoConfiguration$EnableWebMvcConfiguration' via constructor to bean named 'org.springframework.beans.factory.support.DefaultListableBeanFactory@772cf46b'
2025-11-04T14:42:57.479-03:00 DEBUG 12244 --- [wallet-service] [           main] o.s.b.f.s.DefaultListableBeanFactory     : Creating shared instance of singleton bean 'org.springframework.boot.autoconfigure.web.servlet.WebMvcAutoConfiguration$WebMvcAutoConfigurationAdapter'
2025-11-04T14:42:57.486-03:00 DEBUG 12244 --- [wallet-service] [           main] o.s.b.f.s.DefaultListableBeanFactory     : Autowiring by type from bean name 'org.springframework.boot.autoconfigure.web.servlet.WebMvcAutoConfiguration$WebMvcAutoConfigurationAdapter' via constructor to bean named 'spring.web-org.springframework.boot.autoconfigure.web.WebProperties'
2025-11-04T14:42:57.487-03:00 DEBUG 12244 --- [wallet-service] [           main] o.s.b.f.s.DefaultListableBeanFactory     : Autowiring by type from bean name 'org.springframework.boot.autoconfigure.web.servlet.WebMvcAutoConfiguration$WebMvcAutoConfigurationAdapter' via constructor to bean named 'spring.mvc-org.springframework.boot.autoconfigure.web.servlet.WebMvcProperties'
2025-11-04T14:42:57.487-03:00 DEBUG 12244 --- [wallet-service] [           main] o.s.b.f.s.DefaultListableBeanFactory     : Autowiring by type from bean name 'org.springframework.boot.autoconfigure.web.servlet.WebMvcAutoConfiguration$WebMvcAutoConfigurationAdapter' via constructor to bean named 'org.springframework.beans.factory.support.DefaultListableBeanFactory@772cf46b'
2025-11-04T14:42:57.489-03:00 DEBUG 12244 --- [wallet-service] [           main] o.s.b.f.s.DefaultListableBeanFactory     : Creating shared instance of singleton bean 'resourceHandlerRegistrationCustomizer'
2025-11-04T14:42:57.490-03:00 DEBUG 12244 --- [wallet-service] [           main] o.s.b.f.s.DefaultListableBeanFactory     : Creating shared instance of singleton bean 'org.springframework.boot.autoconfigure.web.servlet.WebMvcAutoConfiguration$ResourceChainCustomizerConfiguration'
2025-11-04T14:42:57.492-03:00 DEBUG 12244 --- [wallet-service] [           main] o.s.b.f.s.DefaultListableBeanFactory     : Autowiring by type from bean name 'resourceHandlerRegistrationCustomizer' via factory method to bean named 'spring.web-org.springframework.boot.autoconfigure.web.WebProperties'
2025-11-04T14:42:57.511-03:00 DEBUG 12244 --- [wallet-service] [           main] o.s.b.f.s.DefaultListableBeanFactory     : Creating shared instance of singleton bean 'org.springframework.data.web.config.SpringDataWebConfiguration'
2025-11-04T14:42:57.517-03:00 DEBUG 12244 --- [wallet-service] [           main] o.s.b.f.s.DefaultListableBeanFactory     : Autowiring by type from bean name 'org.springframework.data.web.config.SpringDataWebConfiguration' via constructor to bean named 'org.springframework.web.context.support.GenericWebApplicationContext@7afbf2a0'
2025-11-04T14:42:57.529-03:00 DEBUG 12244 --- [wallet-service] [           main] o.s.b.f.s.DefaultListableBeanFactory     : Creating shared instance of singleton bean 'org.springframework.security.config.annotation.web.configuration.WebMvcSecurityConfiguration'
2025-11-04T14:42:57.756-03:00 DEBUG 12244 --- [wallet-service] [           main] o.s.b.f.s.DefaultListableBeanFactory     : Creating shared instance of singleton bean 'welcomePageHandlerMapping'
2025-11-04T14:42:57.758-03:00 DEBUG 12244 --- [wallet-service] [           main] o.s.b.f.s.DefaultListableBeanFactory     : Creating shared instance of singleton bean 'mvcConversionService'
2025-11-04T14:42:57.979-03:00 DEBUG 12244 --- [wallet-service] [           main] o.s.b.f.s.DefaultListableBeanFactory     : Creating shared instance of singleton bean 'mvcResourceUrlProvider'
2025-11-04T14:42:58.105-03:00 DEBUG 12244 --- [wallet-service] [           main] o.s.b.f.s.DefaultListableBeanFactory     : Autowiring by type from bean name 'welcomePageHandlerMapping' via factory method to bean named 'org.springframework.web.context.support.GenericWebApplicationContext@7afbf2a0'
2025-11-04T14:42:58.106-03:00 DEBUG 12244 --- [wallet-service] [           main] o.s.b.f.s.DefaultListableBeanFactory     : Autowiring by type from bean name 'welcomePageHandlerMapping' via factory method to bean named 'mvcConversionService'
2025-11-04T14:42:58.107-03:00 DEBUG 12244 --- [wallet-service] [           main] o.s.b.f.s.DefaultListableBeanFactory     : Autowiring by type from bean name 'welcomePageHandlerMapping' via factory method to bean named 'mvcResourceUrlProvider'
2025-11-04T14:42:58.561-03:00 DEBUG 12244 --- [wallet-service] [           main] o.s.b.f.s.DefaultListableBeanFactory     : Creating shared instance of singleton bean 'welcomePageNotAcceptableHandlerMapping'
2025-11-04T14:42:58.564-03:00 DEBUG 12244 --- [wallet-service] [           main] o.s.b.f.s.DefaultListableBeanFactory     : Autowiring by type from bean name 'welcomePageNotAcceptableHandlerMapping' via factory method to bean named 'org.springframework.web.context.support.GenericWebApplicationContext@7afbf2a0'
2025-11-04T14:42:58.566-03:00 DEBUG 12244 --- [wallet-service] [           main] o.s.b.f.s.DefaultListableBeanFactory     : Autowiring by type from bean name 'welcomePageNotAcceptableHandlerMapping' via factory method to bean named 'mvcConversionService'
2025-11-04T14:42:58.569-03:00 DEBUG 12244 --- [wallet-service] [           main] o.s.b.f.s.DefaultListableBeanFactory     : Autowiring by type from bean name 'welcomePageNotAcceptableHandlerMapping' via factory method to bean named 'mvcResourceUrlProvider'
2025-11-04T14:42:58.628-03:00 DEBUG 12244 --- [wallet-service] [           main] o.s.b.f.s.DefaultListableBeanFactory     : Creating shared instance of singleton bean 'localeResolver'
2025-11-04T14:42:58.635-03:00 DEBUG 12244 --- [wallet-service] [           main] o.s.b.f.s.DefaultListableBeanFactory     : Creating shared instance of singleton bean 'themeResolver'
2025-11-04T14:42:58.641-03:00 DEBUG 12244 --- [wallet-service] [           main] o.s.b.f.s.DefaultListableBeanFactory     : Creating shared instance of singleton bean 'flashMapManager'
2025-11-04T14:42:58.649-03:00 DEBUG 12244 --- [wallet-service] [           main] o.s.b.f.s.DefaultListableBeanFactory     : Creating shared instance of singleton bean 'viewNameTranslator'
2025-11-04T14:42:58.654-03:00 DEBUG 12244 --- [wallet-service] [           main] o.s.b.f.s.DefaultListableBeanFactory     : Creating shared instance of singleton bean 'mvcValidator'
2025-11-04T14:42:58.838-03:00 DEBUG 12244 --- [wallet-service] [           main] o.s.b.f.s.DefaultListableBeanFactory     : Creating shared instance of singleton bean 'mvcContentNegotiationManager'
2025-11-04T14:42:58.856-03:00 DEBUG 12244 --- [wallet-service] [           main] o.s.b.f.s.DefaultListableBeanFactory     : Creating shared instance of singleton bean 'requestMappingHandlerMapping'
2025-11-04T14:42:58.864-03:00 DEBUG 12244 --- [wallet-service] [           main] o.s.b.f.s.DefaultListableBeanFactory     : Autowiring by type from bean name 'requestMappingHandlerMapping' via factory method to bean named 'mvcContentNegotiationManager'
2025-11-04T14:42:58.865-03:00 DEBUG 12244 --- [wallet-service] [           main] o.s.b.f.s.DefaultListableBeanFactory     : Autowiring by type from bean name 'requestMappingHandlerMapping' via factory method to bean named 'mvcConversionService'
2025-11-04T14:42:58.865-03:00 DEBUG 12244 --- [wallet-service] [           main] o.s.b.f.s.DefaultListableBeanFactory     : Autowiring by type from bean name 'requestMappingHandlerMapping' via factory method to bean named 'mvcResourceUrlProvider'
2025-11-04T14:42:59.206-03:00 DEBUG 12244 --- [wallet-service] [           main] _.s.web.servlet.HandlerMapping.Mappings  : 
	c.g.w.c.CustomerController:
	{GET [/wallet-services-api/api/customers/{id}]}: getCustomerById(Long)
	{PUT [/wallet-services-api/api/customers/{id}]}: updateCustomer(Long,Customer)
	{GET [/wallet-services-api/api/customers/list]}: getAllCustomers(Pageable)
	{POST [/wallet-services-api/api/customers/customer]}: createCustomer(Customer)
2025-11-04T14:42:59.277-03:00 DEBUG 12244 --- [wallet-service] [           main] _.s.web.servlet.HandlerMapping.Mappings  : 
	o.s.b.a.w.s.e.BasicErrorController:
	{ [/error]}: error(HttpServletRequest)
	{ [/error], produces [text/html]}: errorHtml(HttpServletRequest,HttpServletResponse)
2025-11-04T14:42:59.290-03:00 DEBUG 12244 --- [wallet-service] [           main] s.w.s.m.m.a.RequestMappingHandlerMapping : 6 mappings in 'requestMappingHandlerMapping'
2025-11-04T14:42:59.316-03:00 DEBUG 12244 --- [wallet-service] [           main] o.s.b.f.s.DefaultListableBeanFactory     : Creating shared instance of singleton bean 'mvcPatternParser'
2025-11-04T14:42:59.317-03:00 DEBUG 12244 --- [wallet-service] [           main] o.s.b.f.s.DefaultListableBeanFactory     : Creating shared instance of singleton bean 'mvcUrlPathHelper'
2025-11-04T14:42:59.320-03:00 DEBUG 12244 --- [wallet-service] [           main] o.s.b.f.s.DefaultListableBeanFactory     : Creating shared instance of singleton bean 'mvcPathMatcher'
2025-11-04T14:42:59.323-03:00 DEBUG 12244 --- [wallet-service] [           main] o.s.b.f.s.DefaultListableBeanFactory     : Creating shared instance of singleton bean 'viewControllerHandlerMapping'
2025-11-04T14:42:59.325-03:00 DEBUG 12244 --- [wallet-service] [           main] o.s.b.f.s.DefaultListableBeanFactory     : Autowiring by type from bean name 'viewControllerHandlerMapping' via factory method to bean named 'mvcConversionService'
2025-11-04T14:42:59.325-03:00 DEBUG 12244 --- [wallet-service] [           main] o.s.b.f.s.DefaultListableBeanFactory     : Autowiring by type from bean name 'viewControllerHandlerMapping' via factory method to bean named 'mvcResourceUrlProvider'
2025-11-04T14:42:59.327-03:00 DEBUG 12244 --- [wallet-service] [           main] o.s.b.f.s.DefaultListableBeanFactory     : Creating shared instance of singleton bean 'beanNameHandlerMapping'
2025-11-04T14:42:59.329-03:00 DEBUG 12244 --- [wallet-service] [           main] o.s.b.f.s.DefaultListableBeanFactory     : Autowiring by type from bean name 'beanNameHandlerMapping' via factory method to bean named 'mvcConversionService'
2025-11-04T14:42:59.329-03:00 DEBUG 12244 --- [wallet-service] [           main] o.s.b.f.s.DefaultListableBeanFactory     : Autowiring by type from bean name 'beanNameHandlerMapping' via factory method to bean named 'mvcResourceUrlProvider'
2025-11-04T14:42:59.334-03:00 DEBUG 12244 --- [wallet-service] [           main] _.s.web.servlet.HandlerMapping.Mappings  : 'beanNameHandlerMapping' {}
2025-11-04T14:42:59.343-03:00 DEBUG 12244 --- [wallet-service] [           main] o.s.b.f.s.DefaultListableBeanFactory     : Creating shared instance of singleton bean 'routerFunctionMapping'
2025-11-04T14:42:59.344-03:00 DEBUG 12244 --- [wallet-service] [           main] o.s.b.f.s.DefaultListableBeanFactory     : Autowiring by type from bean name 'routerFunctionMapping' via factory method to bean named 'mvcConversionService'
2025-11-04T14:42:59.344-03:00 DEBUG 12244 --- [wallet-service] [           main] o.s.b.f.s.DefaultListableBeanFactory     : Autowiring by type from bean name 'routerFunctionMapping' via factory method to bean named 'mvcResourceUrlProvider'
2025-11-04T14:42:59.350-03:00 DEBUG 12244 --- [wallet-service] [           main] o.s.b.f.s.DefaultListableBeanFactory     : Creating shared instance of singleton bean 'messageConverters'
2025-11-04T14:42:59.351-03:00 DEBUG 12244 --- [wallet-service] [           main] o.s.b.f.s.DefaultListableBeanFactory     : Creating shared instance of singleton bean 'org.springframework.boot.autoconfigure.http.HttpMessageConvertersAutoConfiguration'
2025-11-04T14:42:59.365-03:00 DEBUG 12244 --- [wallet-service] [           main] o.s.b.f.s.DefaultListableBeanFactory     : Creating shared instance of singleton bean 'stringHttpMessageConverter'
2025-11-04T14:42:59.366-03:00 DEBUG 12244 --- [wallet-service] [           main] o.s.b.f.s.DefaultListableBeanFactory     : Creating shared instance of singleton bean 'org.springframework.boot.autoconfigure.http.HttpMessageConvertersAutoConfiguration$StringHttpMessageConverterConfiguration'
2025-11-04T14:42:59.369-03:00 DEBUG 12244 --- [wallet-service] [           main] o.s.b.f.s.DefaultListableBeanFactory     : Autowiring by type from bean name 'stringHttpMessageConverter' via factory method to bean named 'environment'
2025-11-04T14:42:59.404-03:00 DEBUG 12244 --- [wallet-service] [           main] o.s.b.f.s.DefaultListableBeanFactory     : Creating shared instance of singleton bean 'mappingJackson2HttpMessageConverter'
2025-11-04T14:42:59.405-03:00 DEBUG 12244 --- [wallet-service] [           main] o.s.b.f.s.DefaultListableBeanFactory     : Creating shared instance of singleton bean 'org.springframework.boot.autoconfigure.http.JacksonHttpMessageConvertersConfiguration$MappingJackson2HttpMessageConverterConfiguration'
2025-11-04T14:42:59.407-03:00 DEBUG 12244 --- [wallet-service] [           main] o.s.b.f.s.DefaultListableBeanFactory     : Creating shared instance of singleton bean 'jacksonObjectMapper'
2025-11-04T14:42:59.408-03:00 DEBUG 12244 --- [wallet-service] [           main] o.s.b.f.s.DefaultListableBeanFactory     : Creating shared instance of singleton bean 'org.springframework.boot.autoconfigure.jackson.JacksonAutoConfiguration$JacksonObjectMapperConfiguration'
2025-11-04T14:42:59.416-03:00 DEBUG 12244 --- [wallet-service] [           main] o.s.b.f.s.DefaultListableBeanFactory     : Creating shared instance of singleton bean 'org.springframework.boot.autoconfigure.jackson.JacksonAutoConfiguration$JacksonObjectMapperBuilderConfiguration'
2025-11-04T14:42:59.423-03:00 DEBUG 12244 --- [wallet-service] [           main] o.s.b.f.s.DefaultListableBeanFactory     : Creating shared instance of singleton bean 'standardJacksonObjectMapperBuilderCustomizer'
2025-11-04T14:42:59.423-03:00 DEBUG 12244 --- [wallet-service] [           main] o.s.b.f.s.DefaultListableBeanFactory     : Creating shared instance of singleton bean 'org.springframework.boot.autoconfigure.jackson.JacksonAutoConfiguration$Jackson2ObjectMapperBuilderCustomizerConfiguration'
2025-11-04T14:42:59.426-03:00 DEBUG 12244 --- [wallet-service] [           main] o.s.b.f.s.DefaultListableBeanFactory     : Creating shared instance of singleton bean 'spring.jackson-org.springframework.boot.autoconfigure.jackson.JacksonProperties'
2025-11-04T14:42:59.447-03:00 DEBUG 12244 --- [wallet-service] [           main] o.s.b.f.s.DefaultListableBeanFactory     : Autowiring by type from bean name 'standardJacksonObjectMapperBuilderCustomizer' via factory method to bean named 'spring.jackson-org.springframework.boot.autoconfigure.jackson.JacksonProperties'
2025-11-04T14:42:59.449-03:00 DEBUG 12244 --- [wallet-service] [           main] o.s.b.f.s.DefaultListableBeanFactory     : Creating shared instance of singleton bean 'parameterNamesModule'
2025-11-04T14:42:59.449-03:00 DEBUG 12244 --- [wallet-service] [           main] o.s.b.f.s.DefaultListableBeanFactory     : Creating shared instance of singleton bean 'org.springframework.boot.autoconfigure.jackson.JacksonAutoConfiguration$ParameterNamesModuleConfiguration'
2025-11-04T14:42:59.468-03:00 DEBUG 12244 --- [wallet-service] [           main] o.s.b.f.s.DefaultListableBeanFactory     : Creating shared instance of singleton bean 'jsonMixinModule'
2025-11-04T14:42:59.470-03:00 DEBUG 12244 --- [wallet-service] [           main] o.s.b.f.s.DefaultListableBeanFactory     : Creating shared instance of singleton bean 'org.springframework.boot.autoconfigure.jackson.JacksonAutoConfiguration$JacksonMixinConfiguration'
2025-11-04T14:42:59.472-03:00 DEBUG 12244 --- [wallet-service] [           main] o.s.b.f.s.DefaultListableBeanFactory     : Creating shared instance of singleton bean 'jsonMixinModuleEntries'
2025-11-04T14:42:59.474-03:00 DEBUG 12244 --- [wallet-service] [           main] o.s.b.f.s.DefaultListableBeanFactory     : Autowiring by type from bean name 'jsonMixinModuleEntries' via factory method to bean named 'org.springframework.web.context.support.GenericWebApplicationContext@7afbf2a0'
2025-11-04T14:42:59.476-03:00 DEBUG 12244 --- [wallet-service] [           main] o.s.b.a.AutoConfigurationPackages        : @EnableAutoConfiguration was declared on a class in the package 'com.guga.walletserviceapi'. Automatic @Repository and @Entity scanning is enabled.
2025-11-04T14:42:59.510-03:00 DEBUG 12244 --- [wallet-service] [           main] o.s.b.f.s.DefaultListableBeanFactory     : Autowiring by type from bean name 'jsonMixinModule' via factory method to bean named 'org.springframework.web.context.support.GenericWebApplicationContext@7afbf2a0'
2025-11-04T14:42:59.516-03:00 DEBUG 12244 --- [wallet-service] [           main] o.s.b.f.s.DefaultListableBeanFactory     : Autowiring by type from bean name 'jsonMixinModule' via factory method to bean named 'jsonMixinModuleEntries'
2025-11-04T14:42:59.521-03:00 DEBUG 12244 --- [wallet-service] [           main] o.s.b.f.s.DefaultListableBeanFactory     : Creating shared instance of singleton bean 'jsonComponentModule'
2025-11-04T14:42:59.527-03:00 DEBUG 12244 --- [wallet-service] [           main] o.s.b.f.s.DefaultListableBeanFactory     : Creating shared instance of singleton bean 'org.springframework.boot.autoconfigure.jackson.JacksonAutoConfiguration'
2025-11-04T14:42:59.545-03:00 DEBUG 12244 --- [wallet-service] [           main] o.s.b.f.s.DefaultListableBeanFactory     : Creating shared instance of singleton bean 'jacksonGeoModule'
2025-11-04T14:42:59.545-03:00 DEBUG 12244 --- [wallet-service] [           main] o.s.b.f.s.DefaultListableBeanFactory     : Creating shared instance of singleton bean 'org.springframework.data.web.config.SpringDataJacksonConfiguration'
2025-11-04T14:42:59.553-03:00 DEBUG 12244 --- [wallet-service] [           main] o.s.b.f.s.DefaultListableBeanFactory     : Creating shared instance of singleton bean 'springDataWebSettings'
2025-11-04T14:42:59.553-03:00 DEBUG 12244 --- [wallet-service] [           main] o.s.b.f.s.DefaultListableBeanFactory     : Creating shared instance of singleton bean 'org.springframework.boot.autoconfigure.data.web.SpringDataWebAutoConfiguration'
2025-11-04T14:42:59.554-03:00 DEBUG 12244 --- [wallet-service] [           main] o.s.b.f.s.DefaultListableBeanFactory     : Creating shared instance of singleton bean 'spring.data.web-org.springframework.boot.autoconfigure.data.web.SpringDataWebProperties'
2025-11-04T14:42:59.565-03:00 DEBUG 12244 --- [wallet-service] [           main] o.s.b.f.s.DefaultListableBeanFactory     : Autowiring by type from bean name 'org.springframework.boot.autoconfigure.data.web.SpringDataWebAutoConfiguration' via constructor to bean named 'spring.data.web-org.springframework.boot.autoconfigure.data.web.SpringDataWebProperties'
2025-11-04T14:42:59.650-03:00 DEBUG 12244 --- [wallet-service] [           main] o.s.b.f.s.DefaultListableBeanFactory     : Creating shared instance of singleton bean 'pageModule'
2025-11-04T14:42:59.661-03:00 DEBUG 12244 --- [wallet-service] [           main] o.s.b.f.s.DefaultListableBeanFactory     : Autowiring by type from bean name 'jacksonObjectMapperBuilder' via factory method to bean named 'org.springframework.web.context.support.GenericWebApplicationContext@7afbf2a0'
2025-11-04T14:42:59.662-03:00 DEBUG 12244 --- [wallet-service] [           main] o.s.b.f.s.DefaultListableBeanFactory     : Autowiring by type from bean name 'jacksonObjectMapperBuilder' via factory method to bean named 'standardJacksonObjectMapperBuilderCustomizer'
2025-11-04T14:42:59.675-03:00 DEBUG 12244 --- [wallet-service] [           main] o.s.b.f.s.DefaultListableBeanFactory     : Autowiring by type from bean name 'jacksonObjectMapper' via factory method to bean named 'jacksonObjectMapperBuilder'
2025-11-04T14:42:59.784-03:00 DEBUG 12244 --- [wallet-service] [           main] o.s.b.f.s.DefaultListableBeanFactory     : Autowiring by type from bean name 'mappingJackson2HttpMessageConverter' via factory method to bean named 'jacksonObjectMapper'
2025-11-04T14:43:00.010-03:00 DEBUG 12244 --- [wallet-service] [           main] o.s.b.f.s.DefaultListableBeanFactory     : Creating shared instance of singleton bean 'resourceHandlerMapping'
2025-11-04T14:43:00.014-03:00 DEBUG 12244 --- [wallet-service] [           main] o.s.b.f.s.DefaultListableBeanFactory     : Autowiring by type from bean name 'resourceHandlerMapping' via factory method to bean named 'mvcContentNegotiationManager'
2025-11-04T14:43:00.014-03:00 DEBUG 12244 --- [wallet-service] [           main] o.s.b.f.s.DefaultListableBeanFactory     : Autowiring by type from bean name 'resourceHandlerMapping' via factory method to bean named 'mvcConversionService'
2025-11-04T14:43:00.015-03:00 DEBUG 12244 --- [wallet-service] [           main] o.s.b.f.s.DefaultListableBeanFactory     : Autowiring by type from bean name 'resourceHandlerMapping' via factory method to bean named 'mvcResourceUrlProvider'
2025-11-04T14:43:00.126-03:00 DEBUG 12244 --- [wallet-service] [           main] _.s.web.servlet.HandlerMapping.Mappings  : 'resourceHandlerMapping' {/webjars/**=ResourceHttpRequestHandler [classpath [META-INF/resources/webjars/]], /**=ResourceHttpRequestHandler [classpath [META-INF/resources/], classpath [resources/], classpath [static/], classpath [public/], ServletContext [/]]}
2025-11-04T14:43:00.139-03:00 DEBUG 12244 --- [wallet-service] [           main] o.s.b.f.s.DefaultListableBeanFactory     : Creating shared instance of singleton bean 'defaultServletHandlerMapping'
2025-11-04T14:43:00.141-03:00 DEBUG 12244 --- [wallet-service] [           main] o.s.b.f.s.DefaultListableBeanFactory     : Creating shared instance of singleton bean 'requestMappingHandlerAdapter'
2025-11-04T14:43:00.144-03:00 DEBUG 12244 --- [wallet-service] [           main] o.s.b.f.s.DefaultListableBeanFactory     : Autowiring by type from bean name 'requestMappingHandlerAdapter' via factory method to bean named 'mvcContentNegotiationManager'
2025-11-04T14:43:00.147-03:00 DEBUG 12244 --- [wallet-service] [           main] o.s.b.f.s.DefaultListableBeanFactory     : Autowiring by type from bean name 'requestMappingHandlerAdapter' via factory method to bean named 'mvcConversionService'
2025-11-04T14:43:00.147-03:00 DEBUG 12244 --- [wallet-service] [           main] o.s.b.f.s.DefaultListableBeanFactory     : Autowiring by type from bean name 'requestMappingHandlerAdapter' via factory method to bean named 'mvcValidator'
2025-11-04T14:43:00.176-03:00 DEBUG 12244 --- [wallet-service] [           main] o.s.b.f.s.DefaultListableBeanFactory     : Creating shared instance of singleton bean 'sortResolver'
2025-11-04T14:43:00.188-03:00 DEBUG 12244 --- [wallet-service] [           main] o.s.b.f.s.DefaultListableBeanFactory     : Creating shared instance of singleton bean 'sortCustomizer'
2025-11-04T14:43:00.206-03:00 DEBUG 12244 --- [wallet-service] [           main] o.s.b.f.s.DefaultListableBeanFactory     : Creating shared instance of singleton bean 'pageableResolver'
2025-11-04T14:43:00.214-03:00 DEBUG 12244 --- [wallet-service] [           main] o.s.b.f.s.DefaultListableBeanFactory     : Creating shared instance of singleton bean 'pageableCustomizer'
2025-11-04T14:43:00.283-03:00 DEBUG 12244 --- [wallet-service] [           main] o.s.b.f.s.DefaultListableBeanFactory     : Creating shared instance of singleton bean 'applicationTaskExecutor'
2025-11-04T14:43:00.284-03:00 DEBUG 12244 --- [wallet-service] [           main] o.s.b.f.s.DefaultListableBeanFactory     : Autowiring by type from bean name 'applicationTaskExecutor' via factory method to bean named 'threadPoolTaskExecutorBuilder'
2025-11-04T14:43:00.308-03:00 DEBUG 12244 --- [wallet-service] [           main] o.s.s.concurrent.ThreadPoolTaskExecutor  : Initializing ExecutorService 'applicationTaskExecutor'
2025-11-04T14:43:00.365-03:00 DEBUG 12244 --- [wallet-service] [           main] s.w.s.m.m.a.RequestMappingHandlerAdapter : ControllerAdvice beans: 0 @ModelAttribute, 0 @InitBinder, 1 RequestBodyAdvice, 1 ResponseBodyAdvice
2025-11-04T14:43:00.473-03:00 DEBUG 12244 --- [wallet-service] [           main] o.s.b.f.s.DefaultListableBeanFactory     : Creating shared instance of singleton bean 'mvcViewResolver'
2025-11-04T14:43:00.473-03:00 DEBUG 12244 --- [wallet-service] [           main] o.s.b.f.s.DefaultListableBeanFactory     : Autowiring by type from bean name 'mvcViewResolver' via factory method to bean named 'mvcContentNegotiationManager'
2025-11-04T14:43:00.488-03:00 DEBUG 12244 --- [wallet-service] [           main] o.s.b.f.s.DefaultListableBeanFactory     : Creating shared instance of singleton bean 'defaultViewResolver'
2025-11-04T14:43:00.516-03:00 DEBUG 12244 --- [wallet-service] [           main] o.s.b.f.s.DefaultListableBeanFactory     : Creating shared instance of singleton bean 'viewResolver'
2025-11-04T14:43:00.528-03:00 DEBUG 12244 --- [wallet-service] [           main] o.s.b.f.s.DefaultListableBeanFactory     : Autowiring by type from bean name 'viewResolver' via factory method to bean named 'org.springframework.beans.factory.support.DefaultListableBeanFactory@772cf46b'
2025-11-04T14:43:00.534-03:00 DEBUG 12244 --- [wallet-service] [           main] o.s.b.f.s.DefaultListableBeanFactory     : Creating shared instance of singleton bean 'viewResolver'
2025-11-04T14:43:00.596-03:00 DEBUG 12244 --- [wallet-service] [           main] o.s.b.f.s.DefaultListableBeanFactory     : Creating shared instance of singleton bean 'handlerFunctionAdapter'
2025-11-04T14:43:00.604-03:00 DEBUG 12244 --- [wallet-service] [           main] o.s.b.f.s.DefaultListableBeanFactory     : Creating shared instance of singleton bean 'mvcUriComponentsContributor'
2025-11-04T14:43:00.609-03:00 DEBUG 12244 --- [wallet-service] [           main] o.s.b.f.s.DefaultListableBeanFactory     : Autowiring by type from bean name 'mvcUriComponentsContributor' via factory method to bean named 'mvcConversionService'
2025-11-04T14:43:00.610-03:00 DEBUG 12244 --- [wallet-service] [           main] o.s.b.f.s.DefaultListableBeanFactory     : Autowiring by type from bean name 'mvcUriComponentsContributor' via factory method to bean named 'requestMappingHandlerAdapter'
2025-11-04T14:43:00.641-03:00 DEBUG 12244 --- [wallet-service] [           main] o.s.b.f.s.DefaultListableBeanFactory     : Creating shared instance of singleton bean 'httpRequestHandlerAdapter'
2025-11-04T14:43:00.643-03:00 DEBUG 12244 --- [wallet-service] [           main] o.s.b.f.s.DefaultListableBeanFactory     : Creating shared instance of singleton bean 'simpleControllerHandlerAdapter'
2025-11-04T14:43:00.645-03:00 DEBUG 12244 --- [wallet-service] [           main] o.s.b.f.s.DefaultListableBeanFactory     : Creating shared instance of singleton bean 'handlerExceptionResolver'
2025-11-04T14:43:00.647-03:00 DEBUG 12244 --- [wallet-service] [           main] o.s.b.f.s.DefaultListableBeanFactory     : Autowiring by type from bean name 'handlerExceptionResolver' via factory method to bean named 'mvcContentNegotiationManager'
2025-11-04T14:43:00.693-03:00 DEBUG 12244 --- [wallet-service] [           main] .m.m.a.ExceptionHandlerExceptionResolver : ControllerAdvice beans: 1 @ExceptionHandler, 1 ResponseBodyAdvice
2025-11-04T14:43:00.702-03:00 DEBUG 12244 --- [wallet-service] [           main] o.s.b.f.s.DefaultListableBeanFactory     : Creating shared instance of singleton bean 'requestContextFilter'
2025-11-04T14:43:00.718-03:00 DEBUG 12244 --- [wallet-service] [           main] o.s.b.f.s.DefaultListableBeanFactory     : Creating shared instance of singleton bean 'org.springframework.boot.autoconfigure.web.servlet.WebMvcAutoConfiguration'
2025-11-04T14:43:00.723-03:00 DEBUG 12244 --- [wallet-service] [           main] o.s.b.f.s.DefaultListableBeanFactory     : Creating shared instance of singleton bean 'formContentFilter'
2025-11-04T14:43:00.737-03:00 DEBUG 12244 --- [wallet-service] [           main] o.s.b.f.s.DefaultListableBeanFactory     : Creating shared instance of singleton bean 'org.springframework.boot.autoconfigure.cache.NoOpCacheConfiguration'
2025-11-04T14:43:00.739-03:00 DEBUG 12244 --- [wallet-service] [           main] o.s.b.f.s.DefaultListableBeanFactory     : Creating shared instance of singleton bean 'cacheManager'
2025-11-04T14:43:00.740-03:00 DEBUG 12244 --- [wallet-service] [           main] o.s.b.f.s.DefaultListableBeanFactory     : Creating shared instance of singleton bean 'org.springframework.boot.autoconfigure.cache.CacheAutoConfiguration'
2025-11-04T14:43:00.744-03:00 DEBUG 12244 --- [wallet-service] [           main] o.s.b.f.s.DefaultListableBeanFactory     : Creating shared instance of singleton bean 'cacheManagerCustomizers'
2025-11-04T14:43:00.751-03:00 DEBUG 12244 --- [wallet-service] [           main] o.s.b.f.s.DefaultListableBeanFactory     : Creating shared instance of singleton bean 'cacheAutoConfigurationValidator'
2025-11-04T14:43:00.753-03:00 DEBUG 12244 --- [wallet-service] [           main] o.s.b.f.s.DefaultListableBeanFactory     : Creating shared instance of singleton bean 'spring.cache-org.springframework.boot.autoconfigure.cache.CacheProperties'
2025-11-04T14:43:00.764-03:00 DEBUG 12244 --- [wallet-service] [           main] o.s.b.f.s.DefaultListableBeanFactory     : Autowiring by type from bean name 'cacheAutoConfigurationValidator' via factory method to bean named 'spring.cache-org.springframework.boot.autoconfigure.cache.CacheProperties'
2025-11-04T14:43:00.767-03:00 DEBUG 12244 --- [wallet-service] [           main] o.s.b.f.s.DefaultListableBeanFactory     : Creating shared instance of singleton bean 'org.springframework.boot.autoconfigure.http.JacksonHttpMessageConvertersConfiguration'
2025-11-04T14:43:00.771-03:00 DEBUG 12244 --- [wallet-service] [           main] o.s.b.f.s.DefaultListableBeanFactory     : Creating shared instance of singleton bean 'org.springframework.data.web.config.ProjectingArgumentResolverRegistrar'
2025-11-04T14:43:00.774-03:00 DEBUG 12244 --- [wallet-service] [           main] o.s.b.f.s.DefaultListableBeanFactory     : Creating shared instance of singleton bean 'offsetResolver'
2025-11-04T14:43:00.785-03:00 DEBUG 12244 --- [wallet-service] [           main] o.s.b.f.s.DefaultListableBeanFactory     : Creating shared instance of singleton bean 'org.springframework.security.config.annotation.configuration.ObjectPostProcessorConfiguration'
2025-11-04T14:43:00.786-03:00 DEBUG 12244 --- [wallet-service] [           main] o.s.b.f.s.DefaultListableBeanFactory     : Creating shared instance of singleton bean 'objectPostProcessor'
2025-11-04T14:43:00.788-03:00 DEBUG 12244 --- [wallet-service] [           main] o.s.b.f.s.DefaultListableBeanFactory     : Autowiring by type from bean name 'objectPostProcessor' via factory method to bean named 'org.springframework.beans.factory.support.DefaultListableBeanFactory@772cf46b'
2025-11-04T14:43:00.793-03:00 DEBUG 12244 --- [wallet-service] [           main] o.s.b.f.s.DefaultListableBeanFactory     : Creating shared instance of singleton bean 'org.springframework.security.config.annotation.authentication.configuration.AuthenticationConfiguration'
2025-11-04T14:43:00.804-03:00 DEBUG 12244 --- [wallet-service] [           main] o.s.b.f.s.DefaultListableBeanFactory     : Creating shared instance of singleton bean 'enableGlobalAuthenticationAutowiredConfigurer'
2025-11-04T14:43:00.807-03:00 DEBUG 12244 --- [wallet-service] [           main] o.s.b.f.s.DefaultListableBeanFactory     : Autowiring by type from bean name 'enableGlobalAuthenticationAutowiredConfigurer' via factory method to bean named 'org.springframework.web.context.support.GenericWebApplicationContext@7afbf2a0'
2025-11-04T14:43:00.811-03:00 DEBUG 12244 --- [wallet-service] [           main] o.s.b.f.s.DefaultListableBeanFactory     : Creating shared instance of singleton bean 'initializeUserDetailsBeanManagerConfigurer'
2025-11-04T14:43:00.814-03:00 DEBUG 12244 --- [wallet-service] [           main] o.s.b.f.s.DefaultListableBeanFactory     : Autowiring by type from bean name 'initializeUserDetailsBeanManagerConfigurer' via factory method to bean named 'org.springframework.web.context.support.GenericWebApplicationContext@7afbf2a0'
2025-11-04T14:43:00.816-03:00 DEBUG 12244 --- [wallet-service] [           main] o.s.b.f.s.DefaultListableBeanFactory     : Creating shared instance of singleton bean 'initializeAuthenticationProviderBeanManagerConfigurer'
2025-11-04T14:43:00.817-03:00 DEBUG 12244 --- [wallet-service] [           main] o.s.b.f.s.DefaultListableBeanFactory     : Autowiring by type from bean name 'initializeAuthenticationProviderBeanManagerConfigurer' via factory method to bean named 'org.springframework.web.context.support.GenericWebApplicationContext@7afbf2a0'
2025-11-04T14:43:00.826-03:00 DEBUG 12244 --- [wallet-service] [           main] o.s.b.f.s.DefaultListableBeanFactory     : Creating shared instance of singleton bean 'authenticationManagerBuilder'
2025-11-04T14:43:00.827-03:00 DEBUG 12244 --- [wallet-service] [           main] o.s.b.f.s.DefaultListableBeanFactory     : Autowiring by type from bean name 'authenticationManagerBuilder' via factory method to bean named 'objectPostProcessor'
2025-11-04T14:43:00.827-03:00 DEBUG 12244 --- [wallet-service] [           main] o.s.b.f.s.DefaultListableBeanFactory     : Autowiring by type from bean name 'authenticationManagerBuilder' via factory method to bean named 'org.springframework.web.context.support.GenericWebApplicationContext@7afbf2a0'
2025-11-04T14:43:00.853-03:00 DEBUG 12244 --- [wallet-service] [           main] o.s.b.f.s.DefaultListableBeanFactory     : Creating shared instance of singleton bean 'authenticationEventPublisher'
2025-11-04T14:43:00.856-03:00 DEBUG 12244 --- [wallet-service] [           main] o.s.b.f.s.DefaultListableBeanFactory     : Creating shared instance of singleton bean 'org.springframework.boot.autoconfigure.security.servlet.SecurityAutoConfiguration'
2025-11-04T14:43:00.860-03:00 DEBUG 12244 --- [wallet-service] [           main] o.s.b.f.s.DefaultListableBeanFactory     : Autowiring by type from bean name 'authenticationEventPublisher' via factory method to bean named 'org.springframework.web.context.support.GenericWebApplicationContext@7afbf2a0'
2025-11-04T14:43:00.908-03:00 DEBUG 12244 --- [wallet-service] [           main] o.s.b.f.s.DefaultListableBeanFactory     : Creating shared instance of singleton bean 'org.springframework.security.config.annotation.web.configuration.WebSecurityConfiguration'
2025-11-04T14:43:00.918-03:00 DEBUG 12244 --- [wallet-service] [           main] o.s.b.f.s.DefaultListableBeanFactory     : Creating shared instance of singleton bean 'org.springframework.security.config.annotation.web.configuration.HttpSecurityConfiguration'
2025-11-04T14:43:00.938-03:00 DEBUG 12244 --- [wallet-service] [           main] o.s.b.f.s.DefaultListableBeanFactory     : Creating shared instance of singleton bean 'org.springframework.boot.autoconfigure.security.servlet.SpringBootWebSecurityConfiguration$WebSecurityEnablerConfiguration'
2025-11-04T14:43:00.951-03:00 DEBUG 12244 --- [wallet-service] [           main] o.s.b.f.s.DefaultListableBeanFactory     : Creating shared instance of singleton bean 'inMemoryUserDetailsManager'
2025-11-04T14:43:00.951-03:00 DEBUG 12244 --- [wallet-service] [           main] o.s.b.f.s.DefaultListableBeanFactory     : Creating shared instance of singleton bean 'org.springframework.boot.autoconfigure.security.servlet.UserDetailsServiceAutoConfiguration'
2025-11-04T14:43:00.960-03:00 DEBUG 12244 --- [wallet-service] [           main] o.s.b.f.s.DefaultListableBeanFactory     : Creating shared instance of singleton bean 'spring.security-org.springframework.boot.autoconfigure.security.SecurityProperties'
2025-11-04T14:43:00.976-03:00 DEBUG 12244 --- [wallet-service] [           main] o.s.b.f.s.DefaultListableBeanFactory     : Autowiring by type from bean name 'inMemoryUserDetailsManager' via factory method to bean named 'spring.security-org.springframework.boot.autoconfigure.security.SecurityProperties'
2025-11-04T14:43:00.987-03:00  WARN 12244 --- [wallet-service] [           main] .s.s.UserDetailsServiceAutoConfiguration : 

Using generated security password: a7e9a86e-e178-4ebd-a4c1-6558360b142c

This generated password is for development use only. Your security configuration must be updated before running your application in production.

2025-11-04T14:43:01.081-03:00  INFO 12244 --- [wallet-service] [           main] r$InitializeUserDetailsManagerConfigurer : Global AuthenticationManager configured with UserDetailsService bean with name inMemoryUserDetailsManager
2025-11-04T14:43:01.470-03:00 DEBUG 12244 --- [wallet-service] [           main] o.s.b.f.s.DefaultListableBeanFactory     : Creating shared instance of singleton bean 'filterChainDecoratorPostProcessor'
2025-11-04T14:43:01.481-03:00 DEBUG 12244 --- [wallet-service] [           main] o.s.b.f.s.DefaultListableBeanFactory     : Creating shared instance of singleton bean 'mvcHandlerMappingIntrospectorRequestTransformer'
2025-11-04T14:43:01.483-03:00 DEBUG 12244 --- [wallet-service] [           main] o.s.b.f.s.DefaultListableBeanFactory     : Creating shared instance of singleton bean 'mvcHandlerMappingIntrospector'
2025-11-04T14:43:01.517-03:00 DEBUG 12244 --- [wallet-service] [           main] o.s.b.f.s.DefaultListableBeanFactory     : Creating shared instance of singleton bean 'defaultSecurityFilterChain'
2025-11-04T14:43:01.518-03:00 DEBUG 12244 --- [wallet-service] [           main] o.s.b.f.s.DefaultListableBeanFactory     : Creating shared instance of singleton bean 'org.springframework.boot.autoconfigure.security.servlet.SpringBootWebSecurityConfiguration$SecurityFilterChainConfiguration'
2025-11-04T14:43:01.521-03:00 DEBUG 12244 --- [wallet-service] [           main] o.s.b.f.s.DefaultListableBeanFactory     : Autowiring by type from bean name 'defaultSecurityFilterChain' via factory method to bean named 'org.springframework.security.config.annotation.web.configuration.HttpSecurityConfiguration.httpSecurity'
2025-11-04T14:43:01.542-03:00 DEBUG 12244 --- [wallet-service] [           main] o.s.b.f.s.DefaultListableBeanFactory     : Creating shared instance of singleton bean 'webAuthorizationManagerPostProcessor'
2025-11-04T14:43:01.634-03:00 DEBUG 12244 --- [wallet-service] [           main] o.s.b.f.s.DefaultListableBeanFactory     : Creating shared instance of singleton bean 'authenticationManagerPostProcessor'
2025-11-04T14:43:01.743-03:00 DEBUG 12244 --- [wallet-service] [           main] o.s.s.web.DefaultSecurityFilterChain     : Will secure any request with filters: DisableEncodeUrlFilter, WebAsyncManagerIntegrationFilter, SecurityContextHolderFilter, HeaderWriterFilter, CsrfFilter, LogoutFilter, UsernamePasswordAuthenticationFilter, DefaultResourcesFilter, DefaultLoginPageGeneratingFilter, DefaultLogoutPageGeneratingFilter, BasicAuthenticationFilter, RequestCacheAwareFilter, SecurityContextHolderAwareRequestFilter, AnonymousAuthenticationFilter, ExceptionTranslationFilter, AuthorizationFilter
2025-11-04T14:43:01.749-03:00 DEBUG 12244 --- [wallet-service] [           main] o.s.b.f.s.DefaultListableBeanFactory     : Creating shared instance of singleton bean 'delegatingApplicationListener'
2025-11-04T14:43:01.752-03:00 DEBUG 12244 --- [wallet-service] [           main] o.s.b.f.s.DefaultListableBeanFactory     : Creating shared instance of singleton bean 'springSecurityFilterChain'
2025-11-04T14:43:01.824-03:00 DEBUG 12244 --- [wallet-service] [           main] o.s.b.f.s.DefaultListableBeanFactory     : Creating shared instance of singleton bean 'webSecurityExpressionHandler'
2025-11-04T14:43:01.826-03:00 DEBUG 12244 --- [wallet-service] [           main] o.s.b.f.s.DefaultListableBeanFactory     : Creating shared instance of singleton bean 'privilegeEvaluator'
2025-11-04T14:43:01.833-03:00 DEBUG 12244 --- [wallet-service] [           main] o.s.b.f.s.DefaultListableBeanFactory     : Creating shared instance of singleton bean 'requestDataValueProcessor'
2025-11-04T14:43:01.840-03:00 DEBUG 12244 --- [wallet-service] [           main] o.s.b.f.s.DefaultListableBeanFactory     : Creating shared instance of singleton bean 'org.springframework.security.config.annotation.web.configuration.ObservationConfiguration'
2025-11-04T14:43:01.842-03:00 DEBUG 12244 --- [wallet-service] [           main] o.s.b.f.s.DefaultListableBeanFactory     : Creating shared instance of singleton bean 'org.springframework.boot.autoconfigure.security.servlet.SpringBootWebSecurityConfiguration'
2025-11-04T14:43:01.847-03:00 DEBUG 12244 --- [wallet-service] [           main] o.s.b.f.s.DefaultListableBeanFactory     : Creating shared instance of singleton bean 'org.springframework.boot.autoconfigure.security.servlet.SecurityFilterAutoConfiguration'
2025-11-04T14:43:01.850-03:00 DEBUG 12244 --- [wallet-service] [           main] o.s.b.f.s.DefaultListableBeanFactory     : Creating shared instance of singleton bean 'securityFilterChainRegistration'
2025-11-04T14:43:01.851-03:00 DEBUG 12244 --- [wallet-service] [           main] o.s.b.f.s.DefaultListableBeanFactory     : Autowiring by type from bean name 'securityFilterChainRegistration' via factory method to bean named 'spring.security-org.springframework.boot.autoconfigure.security.SecurityProperties'
2025-11-04T14:43:01.864-03:00 DEBUG 12244 --- [wallet-service] [           main] o.s.b.f.s.DefaultListableBeanFactory     : Creating shared instance of singleton bean 'org.springframework.boot.autoconfigure.web.servlet.HttpEncodingAutoConfiguration'
2025-11-04T14:43:01.866-03:00 DEBUG 12244 --- [wallet-service] [           main] o.s.b.f.s.DefaultListableBeanFactory     : Autowiring by type from bean name 'org.springframework.boot.autoconfigure.web.servlet.HttpEncodingAutoConfiguration' via constructor to bean named 'server-org.springframework.boot.autoconfigure.web.ServerProperties'
2025-11-04T14:43:01.868-03:00 DEBUG 12244 --- [wallet-service] [           main] o.s.b.f.s.DefaultListableBeanFactory     : Creating shared instance of singleton bean 'characterEncodingFilter'
2025-11-04T14:43:01.880-03:00 DEBUG 12244 --- [wallet-service] [           main] o.s.b.f.s.DefaultListableBeanFactory     : Creating shared instance of singleton bean 'localeCharsetMappingsCustomizer'
2025-11-04T14:43:01.888-03:00 DEBUG 12244 --- [wallet-service] [           main] o.s.b.f.s.DefaultListableBeanFactory     : Creating shared instance of singleton bean 'org.springframework.boot.test.autoconfigure.web.servlet.MockMvcConfiguration'
2025-11-04T14:43:01.889-03:00 DEBUG 12244 --- [wallet-service] [           main] o.s.b.f.s.DefaultListableBeanFactory     : Autowiring by type from bean name 'org.springframework.boot.test.autoconfigure.web.servlet.MockMvcConfiguration' via constructor to bean named 'org.springframework.web.context.support.GenericWebApplicationContext@7afbf2a0'
2025-11-04T14:43:01.890-03:00 DEBUG 12244 --- [wallet-service] [           main] o.s.b.f.s.DefaultListableBeanFactory     : Autowiring by type from bean name 'org.springframework.boot.test.autoconfigure.web.servlet.MockMvcConfiguration' via constructor to bean named 'spring.mvc-org.springframework.boot.autoconfigure.web.servlet.WebMvcProperties'
2025-11-04T14:43:01.892-03:00 DEBUG 12244 --- [wallet-service] [           main] o.s.b.f.s.DefaultListableBeanFactory     : Creating shared instance of singleton bean 'mockMvcBuilder'
2025-11-04T14:43:01.894-03:00 DEBUG 12244 --- [wallet-service] [           main] o.s.b.f.s.DefaultListableBeanFactory     : Creating shared instance of singleton bean 'springBootMockMvcBuilderCustomizer'
2025-11-04T14:43:01.904-03:00 DEBUG 12244 --- [wallet-service] [           main] o.s.b.f.s.DefaultListableBeanFactory     : Creating shared instance of singleton bean 'securityMockMvcBuilderCustomizer'
2025-11-04T14:43:01.907-03:00 DEBUG 12244 --- [wallet-service] [           main] o.s.b.f.s.DefaultListableBeanFactory     : Creating shared instance of singleton bean 'org.springframework.boot.test.autoconfigure.web.servlet.MockMvcSecurityConfiguration'
2025-11-04T14:43:01.913-03:00 DEBUG 12244 --- [wallet-service] [           main] o.s.b.f.s.DefaultListableBeanFactory     : Autowiring by type from bean name 'mockMvcBuilder' via factory method to bean named 'springBootMockMvcBuilderCustomizer'
2025-11-04T14:43:01.913-03:00 DEBUG 12244 --- [wallet-service] [           main] o.s.b.f.s.DefaultListableBeanFactory     : Autowiring by type from bean name 'mockMvcBuilder' via factory method to bean named 'securityMockMvcBuilderCustomizer'
2025-11-04T14:43:01.936-03:00 DEBUG 12244 --- [wallet-service] [           main] o.s.b.f.s.DefaultListableBeanFactory     : Creating shared instance of singleton bean 'mockMvc'
2025-11-04T14:43:01.937-03:00 DEBUG 12244 --- [wallet-service] [           main] o.s.b.f.s.DefaultListableBeanFactory     : Autowiring by type from bean name 'mockMvc' via factory method to bean named 'mockMvcBuilder'
2025-11-04T14:43:02.067-03:00  INFO 12244 --- [wallet-service] [           main] o.s.b.t.m.w.SpringBootMockServletContext : Initializing Spring TestDispatcherServlet ''
2025-11-04T14:43:02.068-03:00  INFO 12244 --- [wallet-service] [           main] o.s.t.web.servlet.TestDispatcherServlet  : Initializing Servlet ''
2025-11-04T14:43:02.069-03:00 DEBUG 12244 --- [wallet-service] [           main] o.s.t.web.servlet.TestDispatcherServlet  : Detected AcceptHeaderLocaleResolver
2025-11-04T14:43:02.069-03:00 DEBUG 12244 --- [wallet-service] [           main] o.s.t.web.servlet.TestDispatcherServlet  : Detected FixedThemeResolver
2025-11-04T14:43:02.072-03:00 DEBUG 12244 --- [wallet-service] [           main] o.s.t.web.servlet.TestDispatcherServlet  : Detected org.springframework.web.servlet.view.DefaultRequestToViewNameTranslator@52364a6e
2025-11-04T14:43:02.072-03:00 DEBUG 12244 --- [wallet-service] [           main] o.s.t.web.servlet.TestDispatcherServlet  : Detected org.springframework.web.servlet.support.SessionFlashMapManager@22edca96
2025-11-04T14:43:02.075-03:00 DEBUG 12244 --- [wallet-service] [           main] o.s.t.web.servlet.TestDispatcherServlet  : enableLoggingRequestDetails='false': request parameters and headers will be masked to prevent unsafe logging of potentially sensitive data
2025-11-04T14:43:02.076-03:00  INFO 12244 --- [wallet-service] [           main] o.s.t.web.servlet.TestDispatcherServlet  : Completed initialization in 8 ms
2025-11-04T14:43:02.091-03:00 DEBUG 12244 --- [wallet-service] [           main] o.s.b.f.s.DefaultListableBeanFactory     : Creating shared instance of singleton bean 'org.springframework.boot.test.autoconfigure.web.servlet.MockMvcTesterConfiguration'
2025-11-04T14:43:02.093-03:00 DEBUG 12244 --- [wallet-service] [           main] o.s.b.f.s.DefaultListableBeanFactory     : Creating shared instance of singleton bean 'mockMvcTester'
2025-11-04T14:43:02.093-03:00 DEBUG 12244 --- [wallet-service] [           main] o.s.b.f.s.DefaultListableBeanFactory     : Autowiring by type from bean name 'mockMvcTester' via factory method to bean named 'mockMvc'
2025-11-04T14:43:02.106-03:00 DEBUG 12244 --- [wallet-service] [           main] o.s.b.f.s.DefaultListableBeanFactory     : Creating shared instance of singleton bean 'dispatcherServlet'
2025-11-04T14:43:02.107-03:00 DEBUG 12244 --- [wallet-service] [           main] o.s.b.f.s.DefaultListableBeanFactory     : Autowiring by type from bean name 'dispatcherServlet' via factory method to bean named 'mockMvc'
2025-11-04T14:43:02.251-03:00 DEBUG 12244 --- [wallet-service] [           main] o.s.c.support.DefaultLifecycleProcessor  : Starting beans in phase -2147483647
2025-11-04T14:43:02.252-03:00 DEBUG 12244 --- [wallet-service] [           main] o.s.c.support.DefaultLifecycleProcessor  : Successfully started bean 'springBootLoggingLifecycle'
2025-11-04T14:43:02.253-03:00 DEBUG 12244 --- [wallet-service] [           main] o.s.c.support.DefaultLifecycleProcessor  : Starting beans in phase 1073741823
2025-11-04T14:43:02.304-03:00 DEBUG 12244 --- [wallet-service] [           main] .s.b.a.l.ConditionEvaluationReportLogger : 


============================
CONDITIONS EVALUATION REPORT
============================


Positive matches:
-----------------

   CacheAutoConfiguration matched:
      - @ConditionalOnClass found required class 'org.springframework.cache.CacheManager' (OnClassCondition)
      - @ConditionalOnBean (types: org.springframework.cache.interceptor.CacheAspectSupport; SearchStrategy: all) found bean 'cacheInterceptor'; @ConditionalOnMissingBean (names: cacheResolver types: org.springframework.cache.CacheManager; SearchStrategy: all) did not find any beans (OnBeanCondition)

   CacheAutoConfiguration#cacheManagerCustomizers matched:
      - @ConditionalOnMissingBean (types: org.springframework.boot.autoconfigure.cache.CacheManagerCustomizers; SearchStrategy: all) did not find any beans (OnBeanCondition)

   ErrorMvcAutoConfiguration matched:
      - @ConditionalOnClass found required classes 'jakarta.servlet.Servlet', 'org.springframework.web.servlet.DispatcherServlet' (OnClassCondition)
      - found 'session' scope (OnWebApplicationCondition)

   ErrorMvcAutoConfiguration#basicErrorController matched:
      - @ConditionalOnMissingBean (types: org.springframework.boot.web.servlet.error.ErrorController; SearchStrategy: current) did not find any beans (OnBeanCondition)

   ErrorMvcAutoConfiguration#errorAttributes matched:
      - @ConditionalOnMissingBean (types: org.springframework.boot.web.servlet.error.ErrorAttributes; SearchStrategy: current) did not find any beans (OnBeanCondition)

   ErrorMvcAutoConfiguration.WhitelabelErrorViewConfiguration matched:
      - @ConditionalOnProperty (server.error.whitelabel.enabled) matched (OnPropertyCondition)
      - ErrorTemplate Missing did not find error template view (ErrorMvcAutoConfiguration.ErrorTemplateMissingCondition)

   ErrorMvcAutoConfiguration.WhitelabelErrorViewConfiguration#beanNameViewResolver matched:
      - @ConditionalOnMissingBean (types: org.springframework.web.servlet.view.BeanNameViewResolver; SearchStrategy: all) did not find any beans (OnBeanCondition)

   ErrorMvcAutoConfiguration.WhitelabelErrorViewConfiguration#defaultErrorView matched:
      - @ConditionalOnMissingBean (names: error; SearchStrategy: all) did not find any beans (OnBeanCondition)

   HttpEncodingAutoConfiguration matched:
      - @ConditionalOnClass found required class 'org.springframework.web.filter.CharacterEncodingFilter' (OnClassCondition)
      - found 'session' scope (OnWebApplicationCondition)
      - @ConditionalOnProperty (server.servlet.encoding.enabled) matched (OnPropertyCondition)

   HttpEncodingAutoConfiguration#characterEncodingFilter matched:
      - @ConditionalOnMissingBean (types: org.springframework.web.filter.CharacterEncodingFilter; SearchStrategy: all) did not find any beans (OnBeanCondition)

   HttpMessageConvertersAutoConfiguration matched:
      - @ConditionalOnClass found required class 'org.springframework.http.converter.HttpMessageConverter' (OnClassCondition)
      - NoneNestedConditions 0 matched 1 did not; NestedCondition on HttpMessageConvertersAutoConfiguration.NotReactiveWebApplicationCondition.ReactiveWebApplication did not find reactive web application classes (HttpMessageConvertersAutoConfiguration.NotReactiveWebApplicationCondition)

   HttpMessageConvertersAutoConfiguration#messageConverters matched:
      - @ConditionalOnMissingBean (types: org.springframework.boot.autoconfigure.http.HttpMessageConverters; SearchStrategy: all) did not find any beans (OnBeanCondition)

   HttpMessageConvertersAutoConfiguration.StringHttpMessageConverterConfiguration matched:
      - @ConditionalOnClass found required class 'org.springframework.http.converter.StringHttpMessageConverter' (OnClassCondition)

   HttpMessageConvertersAutoConfiguration.StringHttpMessageConverterConfiguration#stringHttpMessageConverter matched:
      - @ConditionalOnMissingBean (types: org.springframework.http.converter.StringHttpMessageConverter; SearchStrategy: all) did not find any beans (OnBeanCondition)

   JacksonAutoConfiguration matched:
[...]
2025-11-04T14:43:06.932-03:00 DEBUG 12244 --- [wallet-service] [           main] n.datafaker.service.FakeValuesService    : resExp(Name.prefix [[]]) current: Name(Faker@74d682d)@be694c0, root: Faker@74d682d, context: FakerContext{SingletonLocale{pt_BR}, RandomService@java.util.Random@7c5f244c}, regExpContext: RegExpContext[exp=Name.prefix, root=Faker@74d682d, context=FakerContext{SingletonLocale{pt_BR}, RandomService@java.util.Random@7c5f244c}] -> res: [MethodResolver[method=Name.prefix(), current=Name(Faker@74d682d)@be694c0, args=[]]]
BeforeEach - OK
2025-11-04T14:43:07.017-03:00 DEBUG 12244 --- [wallet-service] [           main] org.springframework.test.context.cache   : Spring test ApplicationContext cache statistics: [DefaultContextCache@4dd94931 size = 1, maxSize = 32, parentContextCount = 0, hitCount = 76, missCount = 1, failureCount = 0]
2025-11-04T14:43:07.024-03:00 DEBUG 12244 --- [wallet-service] [           main] o.s.test.util.ReflectionTestUtils        : Invoking method 'getFilters' on target object [FilterChainProxy[Filter Chains: null]] or target class [null] with arguments {org.springframework.mock.web.MockHttpServletRequest@2f2fda15}
2025-11-04T14:43:07.028-03:00 DEBUG 12244 --- [wallet-service] [           main] o.s.test.util.ReflectionTestUtils        : Invoking method 'getFilters' on target object [FilterChainProxy[Filter Chains: null]] or target class [null] with arguments {org.springframework.mock.web.MockHttpServletRequest@2f2fda15}
2025-11-04T14:43:07.028-03:00 DEBUG 12244 --- [wallet-service] [           main] o.s.test.util.ReflectionTestUtils        : Getting field 'securityContextRepository' from target object [org.springframework.security.web.context.SecurityContextHolderFilter@7c0b0090] or target class [class org.springframework.security.web.context.SecurityContextHolderFilter]
2025-11-04T14:43:07.029-03:00 DEBUG 12244 --- [wallet-service] [           main] w.c.HttpSessionSecurityContextRepository : Created HttpSession as SecurityContext is non-default
2025-11-04T14:43:07.029-03:00 DEBUG 12244 --- [wallet-service] [           main] w.c.HttpSessionSecurityContextRepository : Stored SecurityContextImpl [Authentication=UsernamePasswordAuthenticationToken [Principal=org.springframework.security.core.userdetails.User [Username=user, Password=[PROTECTED], Enabled=true, AccountNonExpired=true, CredentialsNonExpired=true, AccountNonLocked=true, Granted Authorities=[ROLE_USER]], Credentials=[PROTECTED], Authenticated=true, Details=null, Granted Authorities=[ROLE_USER]]] to HttpSession [org.springframework.mock.web.MockHttpSession@6279bfe]
2025-11-04T14:43:07.029-03:00 DEBUG 12244 --- [wallet-service] [           main] o.s.t.web.servlet.TestDispatcherServlet  : GET "/wallet-services-api/api/customers/list", parameters={}
2025-11-04T14:43:07.030-03:00 DEBUG 12244 --- [wallet-service] [           main] s.w.s.m.m.a.RequestMappingHandlerMapping : Mapped to com.guga.walletserviceapi.controller.CustomerController#getAllCustomers(Pageable)
2025-11-04T14:43:07.065-03:00 DEBUG 12244 --- [wallet-service] [           main] o.s.w.s.m.m.a.HttpEntityMethodProcessor  : Using 'application/json', given [*/*] and supported [application/json, application/*+json, application/yaml]
2025-11-04T14:43:07.077-03:00 DEBUG 12244 --- [wallet-service] [           main] o.s.w.s.m.m.a.HttpEntityMethodProcessor  : Writing [[Customer(customerId=1017, documentId=713.265.266-42, cpf=607.418.465-86, birthDate=1999-10-09, firs (truncated)...]
2025-11-04T14:43:07.105-03:00 DEBUG 12244 --- [wallet-service] [           main] o.s.t.web.servlet.TestDispatcherServlet  : Completed 200 OK
2025-11-04T14:43:07.112-03:00 DEBUG 12244 --- [wallet-service] [           main] c.j.jsonpath.internal.path.CompiledPath  : Evaluating path: $
2025-11-04T14:43:07.120-03:00 DEBUG 12244 --- [wallet-service] [           main] c.j.jsonpath.internal.path.CompiledPath  : Evaluating path: $.length()
2025-11-04T14:43:07.162-03:00 DEBUG 12244 --- [wallet-service] [           main] c.j.jsonpath.internal.path.CompiledPath  : Evaluating path: $[0]['firstName']
2025-11-04T14:43:07.163-03:00 DEBUG 12244 --- [wallet-service] [           main] org.springframework.test.context.cache   : Spring test ApplicationContext cache statistics: [DefaultContextCache@4dd94931 size = 1, maxSize = 32, parentContextCount = 0, hitCount = 77, missCount = 1, failureCount = 0]
2025-11-04T14:43:07.164-03:00 DEBUG 12244 --- [wallet-service] [           main] org.springframework.test.context.cache   : Spring test ApplicationContext cache statistics: [DefaultContextCache@4dd94931 size = 1, maxSize = 32, parentContextCount = 0, hitCount = 78, missCount = 1, failureCount = 0]
2025-11-04T14:43:07.164-03:00 DEBUG 12244 --- [wallet-service] [           main] org.springframework.test.context.cache   : Spring test ApplicationContext cache statistics: [DefaultContextCache@4dd94931 size = 1, maxSize = 32, parentContextCount = 0, hitCount = 79, missCount = 1, failureCount = 0]
2025-11-04T14:43:07.165-03:00 DEBUG 12244 --- [wallet-service] [           main] org.springframework.test.context.cache   : Spring test ApplicationContext cache statistics: [DefaultContextCache@4dd94931 size = 1, maxSize = 32, parentContextCount = 0, hitCount = 80, missCount = 1, failureCount = 0]
2025-11-04T14:43:07.168-03:00 DEBUG 12244 --- [wallet-service] [           main] org.springframework.test.context.cache   : Spring test ApplicationContext cache statistics: [DefaultContextCache@4dd94931 size = 1, maxSize = 32, parentContextCount = 0, hitCount = 81, missCount = 1, failureCount = 0]
2025-11-04T14:43:07.169-03:00 DEBUG 12244 --- [wallet-service] [           main] org.springframework.test.context.cache   : Spring test ApplicationContext cache statistics: [DefaultContextCache@4dd94931 size = 1, maxSize = 32, parentContextCount = 0, hitCount = 82, missCount = 1, failureCount = 0]
2025-11-04T14:43:07.171-03:00 DEBUG 12244 --- [wallet-service] [           main] org.springframework.test.context.cache   : Spring test ApplicationContext cache statistics: [DefaultContextCache@4dd94931 size = 1, maxSize = 32, parentContextCount = 0, hitCount = 83, missCount = 1, failureCount = 0]
2025-11-04T14:43:07.171-03:00 DEBUG 12244 --- [wallet-service] [           main] org.springframework.test.context.cache   : Spring test ApplicationContext cache statistics: [DefaultContextCache@4dd94931 size = 1, maxSize = 32, parentContextCount = 0, hitCount = 84, missCount = 1, failureCount = 0]
2025-11-04T14:43:07.172-03:00 DEBUG 12244 --- [wallet-service] [           main] .c.s.DirtiesContextTestExecutionListener : After test method: class [CustomerControllerTest], method [shouldReturn200_WhenRequestingCustomerList_WithValidParameters], class annotated with @DirtiesContext [false] with mode [null], method annotated with @DirtiesContext [false] with mode [null]
]]></system-out>
  </testcase>
  <testcase name="shouldReturn200_WhenRequestCustomer_WhenExists" classname="com.guga.walletserviceapi.controller.CustomerControllerTest" time="0.141">
    <system-out><![CDATA[2025-11-04T14:43:07.183-03:00 DEBUG 12244 --- [wallet-service] [           main] org.springframework.test.context.cache   : Spring test ApplicationContext cache statistics: [DefaultContextCache@4dd94931 size = 1, maxSize = 32, parentContextCount = 0, hitCount = 85, missCount = 1, failureCount = 0]
2025-11-04T14:43:07.183-03:00 DEBUG 12244 --- [wallet-service] [           main] DependencyInjectionTestExecutionListener : Performing dependency injection for test class com.guga.walletserviceapi.controller.CustomerControllerTest
2025-11-04T14:43:07.183-03:00 DEBUG 12244 --- [wallet-service] [           main] org.springframework.test.context.cache   : Spring test ApplicationContext cache statistics: [DefaultContextCache@4dd94931 size = 1, maxSize = 32, parentContextCount = 0, hitCount = 86, missCount = 1, failureCount = 0]
2025-11-04T14:43:07.186-03:00 DEBUG 12244 --- [wallet-service] [           main] org.springframework.test.context.cache   : Spring test ApplicationContext cache statistics: [DefaultContextCache@4dd94931 size = 1, maxSize = 32, parentContextCount = 0, hitCount = 87, missCount = 1, failureCount = 0]
2025-11-04T14:43:07.188-03:00 DEBUG 12244 --- [wallet-service] [           main] sContextBeforeModesTestExecutionListener : Before test method: class [CustomerControllerTest], method [shouldReturn200_WhenRequestCustomer_WhenExists], class annotated with @DirtiesContext [false] with mode [null], method annotated with @DirtiesContext [false] with mode [null]
2025-11-04T14:43:07.197-03:00 DEBUG 12244 --- [wallet-service] [           main] org.springframework.test.context.cache   : Spring test ApplicationContext cache statistics: [DefaultContextCache@4dd94931 size = 1, maxSize = 32, parentContextCount = 0, hitCount = 88, missCount = 1, failureCount = 0]
2025-11-04T14:43:07.198-03:00 DEBUG 12244 --- [wallet-service] [           main] org.springframework.test.context.cache   : Spring test ApplicationContext cache statistics: [DefaultContextCache@4dd94931 size = 1, maxSize = 32, parentContextCount = 0, hitCount = 89, missCount = 1, failureCount = 0]
2025-11-04T14:43:07.198-03:00 DEBUG 12244 --- [wallet-service] [           main] org.springframework.test.context.cache   : Spring test ApplicationContext cache statistics: [DefaultContextCache@4dd94931 size = 1, maxSize = 32, parentContextCount = 0, hitCount = 90, missCount = 1, failureCount = 0]
2025-11-04T14:43:07.198-03:00 DEBUG 12244 --- [wallet-service] [           main] org.springframework.test.context.cache   : Spring test ApplicationContext cache statistics: [DefaultContextCache@4dd94931 size = 1, maxSize = 32, parentContextCount = 0, hitCount = 91, missCount = 1, failureCount = 0]
2025-11-04T14:43:07.200-03:00 DEBUG 12244 --- [wallet-service] [           main] org.springframework.test.context.cache   : Spring test ApplicationContext cache statistics: [DefaultContextCache@4dd94931 size = 1, maxSize = 32, parentContextCount = 0, hitCount = 92, missCount = 1, failureCount = 0]
2025-11-04T14:43:07.202-03:00 DEBUG 12244 --- [wallet-service] [           main] n.datafaker.service.FakeValuesService    : resExp(Name.firstName [[]]) current: Name(Faker@71f5dd50)@be694c0, root: Faker@71f5dd50, context: FakerContext{SingletonLocale{pt_BR}, RandomService@java.util.Random@7c5f244c}, regExpContext: RegExpContext[exp=Name.firstName, root=Faker@71f5dd50, context=FakerContext{SingletonLocale{pt_BR}, RandomService@java.util.Random@7c5f244c}] -> res: [MethodResolver[method=Name.firstName(), current=Name(Faker@71f5dd50)@be694c0, args=[]]]
2025-11-04T14:43:07.202-03:00 DEBUG 12244 --- [wallet-service] [           main] n.datafaker.service.FakeValuesService    : resExp(Name.maleFirstName [[]]) current: Name(Faker@71f5dd50)@be694c0, root: Faker@71f5dd50, context: FakerContext{SingletonLocale{pt_BR}, RandomService@java.util.Random@7c5f244c}, regExpContext: RegExpContext[exp=Name.maleFirstName, root=Faker@71f5dd50, context=FakerContext{SingletonLocale{pt_BR}, RandomService@java.util.Random@7c5f244c}] -> res: [MethodResolver[method=Name.maleFirstName(), current=Name(Faker@71f5dd50)@be694c0, args=[]]]
2025-11-04T14:43:07.203-03:00 DEBUG 12244 --- [wallet-service] [           main] n.datafaker.service.FakeValuesService    : resExp(Name.lastName [[]]) current: Name(Faker@71f5dd50)@be694c0, root: Faker@71f5dd50, context: FakerContext{SingletonLocale{pt_BR}, RandomService@java.util.Random@7c5f244c}, regExpContext: RegExpContext[exp=Name.lastName, root=Faker@71f5dd50, context=FakerContext{SingletonLocale{pt_BR}, RandomService@java.util.Random@7c5f244c}] -> res: [MethodResolver[method=Name.lastName(), current=Name(Faker@71f5dd50)@be694c0, args=[]]]
2025-11-04T14:43:07.211-03:00 DEBUG 12244 --- [wallet-service] [           main] n.datafaker.service.FakeValuesService    : resExp(Name.suffix [[]]) current: Name(Faker@71f5dd50)@be694c0, root: Faker@71f5dd50, context: FakerContext{SingletonLocale{pt_BR}, RandomService@java.util.Random@7c5f244c}, regExpContext: RegExpContext[exp=Name.suffix, root=Faker@71f5dd50, context=FakerContext{SingletonLocale{pt_BR}, RandomService@java.util.Random@7c5f244c}] -> res: [MethodResolver[method=Name.suffix(), current=Name(Faker@71f5dd50)@be694c0, args=[]]]
2025-11-04T14:43:07.212-03:00 DEBUG 12244 --- [wallet-service] [           main] n.datafaker.service.FakeValuesService    : resExp(Name.femaleFirstName [[]]) current: Name(Faker@71f5dd50)@be694c0, root: Faker@71f5dd50, context: FakerContext{SingletonLocale{pt_BR}, RandomService@java.util.Random@7c5f244c}, regExpContext: RegExpContext[exp=Name.femaleFirstName, root=Faker@71f5dd50, context=FakerContext{SingletonLocale{pt_BR}, RandomService@java.util.Random@7c5f244c}] -> res: [MethodResolver[method=Name.femaleFirstName(), current=Name(Faker@71f5dd50)@be694c0, args=[]]]
2025-11-04T14:43:07.228-03:00 DEBUG 12244 --- [wallet-service] [           main] n.datafaker.service.FakeValuesService    : resExp(Name.prefix [[]]) current: Name(Faker@71f5dd50)@be694c0, root: Faker@71f5dd50, context: FakerContext{SingletonLocale{pt_BR}, RandomService@java.util.Random@7c5f244c}, regExpContext: RegExpContext[exp=Name.prefix, root=Faker@71f5dd50, context=FakerContext{SingletonLocale{pt_BR}, RandomService@java.util.Random@7c5f244c}] -> res: [MethodResolver[method=Name.prefix(), current=Name(Faker@71f5dd50)@be694c0, args=[]]]
BeforeEach - OK
2025-11-04T14:43:07.298-03:00 DEBUG 12244 --- [wallet-service] [           main] org.springframework.test.context.cache   : Spring test ApplicationContext cache statistics: [DefaultContextCache@4dd94931 size = 1, maxSize = 32, parentContextCount = 0, hitCount = 93, missCount = 1, failureCount = 0]
2025-11-04T14:43:07.301-03:00 DEBUG 12244 --- [wallet-service] [           main] o.s.test.util.ReflectionTestUtils        : Invoking method 'getFilters' on target object [FilterChainProxy[Filter Chains: null]] or target class [null] with arguments {org.springframework.mock.web.MockHttpServletRequest@4c6da38f}
2025-11-04T14:43:07.301-03:00 DEBUG 12244 --- [wallet-service] [           main] o.s.test.util.ReflectionTestUtils        : Invoking method 'getFilters' on target object [FilterChainProxy[Filter Chains: null]] or target class [null] with arguments {org.springframework.mock.web.MockHttpServletRequest@4c6da38f}
2025-11-04T14:43:07.301-03:00 DEBUG 12244 --- [wallet-service] [           main] o.s.test.util.ReflectionTestUtils        : Getting field 'securityContextRepository' from target object [org.springframework.security.web.context.SecurityContextHolderFilter@7c0b0090] or target class [class org.springframework.security.web.context.SecurityContextHolderFilter]
2025-11-04T14:43:07.302-03:00 DEBUG 12244 --- [wallet-service] [           main] w.c.HttpSessionSecurityContextRepository : Created HttpSession as SecurityContext is non-default
2025-11-04T14:43:07.302-03:00 DEBUG 12244 --- [wallet-service] [           main] w.c.HttpSessionSecurityContextRepository : Stored SecurityContextImpl [Authentication=UsernamePasswordAuthenticationToken [Principal=org.springframework.security.core.userdetails.User [Username=user, Password=[PROTECTED], Enabled=true, AccountNonExpired=true, CredentialsNonExpired=true, AccountNonLocked=true, Granted Authorities=[ROLE_USER]], Credentials=[PROTECTED], Authenticated=true, Details=null, Granted Authorities=[ROLE_USER]]] to HttpSession [org.springframework.mock.web.MockHttpSession@2f024025]
2025-11-04T14:43:07.302-03:00 DEBUG 12244 --- [wallet-service] [           main] o.s.t.web.servlet.TestDispatcherServlet  : GET "/wallet-services-api/api/customers/1022", parameters={}
2025-11-04T14:43:07.302-03:00 DEBUG 12244 --- [wallet-service] [           main] s.w.s.m.m.a.RequestMappingHandlerMapping : Mapped to com.guga.walletserviceapi.controller.CustomerController#getCustomerById(Long)
2025-11-04T14:43:07.304-03:00 DEBUG 12244 --- [wallet-service] [           main] o.s.w.s.m.m.a.HttpEntityMethodProcessor  : Using 'application/json', given [*/*] and supported [application/json, application/*+json, application/yaml]
2025-11-04T14:43:07.304-03:00 DEBUG 12244 --- [wallet-service] [           main] o.s.w.s.m.m.a.HttpEntityMethodProcessor  : Writing [Customer(customerId=1022, documentId=625.261.737-79, cpf=400.587.421-58, birthDate=2006-02-13, first (truncated)...]
2025-11-04T14:43:07.304-03:00 DEBUG 12244 --- [wallet-service] [           main] o.s.t.web.servlet.TestDispatcherServlet  : Completed 200 OK
2025-11-04T14:43:07.311-03:00 DEBUG 12244 --- [wallet-service] [           main] c.j.jsonpath.internal.path.CompiledPath  : Evaluating path: $['customerId']
2025-11-04T14:43:07.311-03:00 DEBUG 12244 --- [wallet-service] [           main] c.j.jsonpath.internal.path.CompiledPath  : Evaluating path: $['cpf']
2025-11-04T14:43:07.312-03:00 DEBUG 12244 --- [wallet-service] [           main] org.springframework.test.context.cache   : Spring test ApplicationContext cache statistics: [DefaultContextCache@4dd94931 size = 1, maxSize = 32, parentContextCount = 0, hitCount = 94, missCount = 1, failureCount = 0]
2025-11-04T14:43:07.313-03:00 DEBUG 12244 --- [wallet-service] [           main] org.springframework.test.context.cache   : Spring test ApplicationContext cache statistics: [DefaultContextCache@4dd94931 size = 1, maxSize = 32, parentContextCount = 0, hitCount = 95, missCount = 1, failureCount = 0]
2025-11-04T14:43:07.313-03:00 DEBUG 12244 --- [wallet-service] [           main] org.springframework.test.context.cache   : Spring test ApplicationContext cache statistics: [DefaultContextCache@4dd94931 size = 1, maxSize = 32, parentContextCount = 0, hitCount = 96, missCount = 1, failureCount = 0]
2025-11-04T14:43:07.314-03:00 DEBUG 12244 --- [wallet-service] [           main] org.springframework.test.context.cache   : Spring test ApplicationContext cache statistics: [DefaultContextCache@4dd94931 size = 1, maxSize = 32, parentContextCount = 0, hitCount = 97, missCount = 1, failureCount = 0]
2025-11-04T14:43:07.317-03:00 DEBUG 12244 --- [wallet-service] [           main] org.springframework.test.context.cache   : Spring test ApplicationContext cache statistics: [DefaultContextCache@4dd94931 size = 1, maxSize = 32, parentContextCount = 0, hitCount = 98, missCount = 1, failureCount = 0]
2025-11-04T14:43:07.320-03:00 DEBUG 12244 --- [wallet-service] [           main] org.springframework.test.context.cache   : Spring test ApplicationContext cache statistics: [DefaultContextCache@4dd94931 size = 1, maxSize = 32, parentContextCount = 0, hitCount = 99, missCount = 1, failureCount = 0]
2025-11-04T14:43:07.324-03:00 DEBUG 12244 --- [wallet-service] [           main] org.springframework.test.context.cache   : Spring test ApplicationContext cache statistics: [DefaultContextCache@4dd94931 size = 1, maxSize = 32, parentContextCount = 0, hitCount = 100, missCount = 1, failureCount = 0]
2025-11-04T14:43:07.326-03:00 DEBUG 12244 --- [wallet-service] [           main] org.springframework.test.context.cache   : Spring test ApplicationContext cache statistics: [DefaultContextCache@4dd94931 size = 1, maxSize = 32, parentContextCount = 0, hitCount = 101, missCount = 1, failureCount = 0]
2025-11-04T14:43:07.326-03:00 DEBUG 12244 --- [wallet-service] [           main] .c.s.DirtiesContextTestExecutionListener : After test method: class [CustomerControllerTest], method [shouldReturn200_WhenRequestCustomer_WhenExists], class annotated with @DirtiesContext [false] with mode [null], method annotated with @DirtiesContext [false] with mode [null]
]]></system-out>
  </testcase>
</testsuite>